{
  "stats": {
    "suites": 27,
    "tests": 37,
    "passes": 1,
    "pending": 12,
    "failures": 9,
    "start": "2022-10-02T19:56:01.722Z",
    "end": "2022-11-15T18:40:40.519Z",
    "duration": 582732,
    "testsRegistered": 37,
    "passPercent": 2.7027027027027026,
    "pendingPercent": 32.432432432432435,
    "other": 0,
    "hasOther": false,
    "skipped": 15,
    "hasSkipped": true
  },
  "results": [
    {
      "uuid": "54bb72ef-5cdf-4fe8-ad62-094d81648655",
      "title": "",
      "fullFile": "cypress\\TestArcanetinmen\\DSWebshopMyAccountOrderdetails.specs.js",
      "file": "cypress\\TestArcanetinmen\\DSWebshopMyAccountOrderdetails.specs.js",
      "beforeHooks": [],
      "afterHooks": [],
      "tests": [],
      "suites": [
        {
          "uuid": "d658ee56-36de-4f2a-8ffd-50b2373f196d",
          "title": "Navigate to My Account_Order Details",
          "fullFile": "",
          "file": "",
          "beforeHooks": [],
          "afterHooks": [],
          "tests": [
            {
              "title": "Order details and History Management",
              "fullTitle": "Navigate to My Account_Order Details Order details and History Management",
              "timedOut": null,
              "duration": 139547,
              "state": "failed",
              "speed": null,
              "pass": false,
              "fail": true,
              "pending": false,
              "context": "\"assets/DSWebshopMyAccountOrderdetails.specs.js/Navigate to My Account_Order Details --       Order details and History Management (failed).png\"",
              "code": "cy.get('span[class=\"link-item\"]').contains('Order history and details').click();\ncy.get('tbody').each(($el, index, $list) => {\n  // grabbing all text from second column\n  const txt = $el.text();\n  console.log(txt); // checking the matching condition\n  if (txt.includes('Sleeve Crafter')) {\n    // capturing the next sibling with the help of next() method\n    for (var i = 1; i <= 10; i++) {\n      console.log(i);\n      const product = `tbody > :nth-child(${i}) > :nth-child(${i})`;\n      cy.get(product).eq(index).next().then(function (desc) {\n        // capturing the text of next sibling\n        const rsl = desc.text();\n        console.log(rsl); //assertion to verify the text\n        cy.contains(\"Details\").each(el => {\n          cy.wrap(el).click();\n          console.log(cy.url());\n          cy.go('back');\n        });\n      });\n    }\n  }\n});",
              "err": {
                "message": "AssertionError: Timed out retrying after 4000ms: Expected to find element: ``, but never found it. Queried from element: <td.text-sm-center.order-actions>",
                "estack": "AssertionError: Timed out retrying after 4000ms: Expected to find element: ``, but never found it. Queried from element: <td.text-sm-center.order-actions>\n    at Context.eval (webpack:///./cypress/TestArcanetinmen/DSWebshopMyAccountOrderdetails.specs.js:31:29)",
                "diff": null
              },
              "uuid": "48e520d4-9b2b-4917-a42a-1be450f9f3c9",
              "parentUUID": "d658ee56-36de-4f2a-8ffd-50b2373f196d",
              "isHook": false,
              "skipped": false
            }
          ],
          "suites": [],
          "passes": [],
          "failures": [
            "48e520d4-9b2b-4917-a42a-1be450f9f3c9"
          ],
          "pending": [],
          "skipped": [],
          "duration": 139547,
          "root": false,
          "rootEmpty": false,
          "_timeout": 2000
        }
      ],
      "passes": [],
      "failures": [],
      "pending": [],
      "skipped": [],
      "duration": 0,
      "root": true,
      "rootEmpty": true,
      "_timeout": 2000
    },
    {
      "uuid": "22709fb5-31ab-491f-8547-c42c7a68fb54",
      "title": "",
      "fullFile": "cypress\\TestArcanetinmen\\DSWebshopMyAccountRewardPoints.specs.js",
      "file": "cypress\\TestArcanetinmen\\DSWebshopMyAccountRewardPoints.specs.js",
      "beforeHooks": [],
      "afterHooks": [],
      "tests": [],
      "suites": [
        {
          "uuid": "77b15619-5fe6-48d1-b017-259249e6252b",
          "title": "Navigate to My Account_Rewards_History",
          "fullFile": "",
          "file": "",
          "beforeHooks": [],
          "afterHooks": [],
          "tests": [
            {
              "title": "Rewards Management",
              "fullTitle": "Navigate to My Account_Rewards_History Rewards Management",
              "timedOut": null,
              "duration": 70650,
              "state": "failed",
              "speed": null,
              "pass": false,
              "fail": true,
              "pending": false,
              "context": "\"assets/DSWebshopMyAccountRewardPoints.specs.js/Navigate to My Account_Rewards_History --       Rewards Management (failed).png\"",
              "code": "cy.get('span[class=\"link-item\"]').contains('My rewards account').click();\n(0, _cypressRecurse.recurse)(() => cy.get('.pagination'), $next => $next.hasClass('disabled'));",
              "err": {
                "message": "Error: Max time limit reached",
                "estack": "Error: Max time limit reached\n    at Context.eval (webpack:///./node_modules/cypress-recurse/src/index.js:116:0)",
                "diff": null
              },
              "uuid": "c7a490c9-599d-41a3-bd00-9fe912972f3a",
              "parentUUID": "77b15619-5fe6-48d1-b017-259249e6252b",
              "isHook": false,
              "skipped": false
            }
          ],
          "suites": [],
          "passes": [],
          "failures": [
            "c7a490c9-599d-41a3-bd00-9fe912972f3a"
          ],
          "pending": [],
          "skipped": [],
          "duration": 70650,
          "root": false,
          "rootEmpty": false,
          "_timeout": 2000
        }
      ],
      "passes": [],
      "failures": [],
      "pending": [],
      "skipped": [],
      "duration": 0,
      "root": true,
      "rootEmpty": true,
      "_timeout": 2000
    },
    {
      "uuid": "2ce9615a-974c-45f5-be6b-58a064907f95",
      "title": "",
      "fullFile": "cypress\\TestArcanetinmen\\DSWebshopMyAccount_AddressManagement.specs.js",
      "file": "cypress\\TestArcanetinmen\\DSWebshopMyAccount_AddressManagement.specs.js",
      "beforeHooks": [],
      "afterHooks": [],
      "tests": [],
      "suites": [
        {
          "uuid": "df52ef31-f352-494e-a990-e5f77a2b23f3",
          "title": "Navigate to My Account",
          "fullFile": "",
          "file": "",
          "beforeHooks": [],
          "afterHooks": [],
          "tests": [
            {
              "title": "Navigate to My Address",
              "fullTitle": "Navigate to My Account Navigate to My Address",
              "timedOut": null,
              "duration": 0,
              "state": "pending",
              "speed": null,
              "pass": false,
              "fail": false,
              "pending": true,
              "context": null,
              "code": "",
              "err": {},
              "uuid": "682e06a0-7724-4762-bfef-51cef679efa6",
              "parentUUID": "df52ef31-f352-494e-a990-e5f77a2b23f3",
              "isHook": false,
              "skipped": false
            }
          ],
          "suites": [],
          "passes": [],
          "failures": [],
          "pending": [
            "682e06a0-7724-4762-bfef-51cef679efa6"
          ],
          "skipped": [],
          "duration": 0,
          "root": false,
          "rootEmpty": false,
          "_timeout": 2000
        }
      ],
      "passes": [],
      "failures": [],
      "pending": [],
      "skipped": [],
      "duration": 0,
      "root": true,
      "rootEmpty": true,
      "_timeout": 2000
    },
    {
      "uuid": "50c47aaa-49d6-4b90-bb6c-c46de37a7558",
      "title": "",
      "fullFile": "cypress\\TestArcanetinmen\\DSWebshopUserRegistration.specs.js",
      "file": "cypress\\TestArcanetinmen\\DSWebshopUserRegistration.specs.js",
      "beforeHooks": [],
      "afterHooks": [],
      "tests": [],
      "suites": [
        {
          "uuid": "cef70208-a946-4e90-add2-af13e0ced075",
          "title": "User registration",
          "fullFile": "",
          "file": "",
          "beforeHooks": [],
          "afterHooks": [],
          "tests": [
            {
              "title": "Register successfully done",
              "fullTitle": "User registration Register successfully done",
              "timedOut": null,
              "duration": 0,
              "state": "pending",
              "speed": null,
              "pass": false,
              "fail": false,
              "pending": true,
              "context": null,
              "code": "",
              "err": {},
              "uuid": "55ff3b49-8b45-48da-8449-fadab5efbd08",
              "parentUUID": "cef70208-a946-4e90-add2-af13e0ced075",
              "isHook": false,
              "skipped": false
            },
            {
              "title": "Account Activation Email",
              "fullTitle": "User registration Account Activation Email",
              "timedOut": null,
              "duration": 0,
              "state": "pending",
              "speed": null,
              "pass": false,
              "fail": false,
              "pending": true,
              "context": null,
              "code": "",
              "err": {},
              "uuid": "f0af468c-625a-487c-bcd3-f573cfee58a5",
              "parentUUID": "cef70208-a946-4e90-add2-af13e0ced075",
              "isHook": false,
              "skipped": false
            }
          ],
          "suites": [],
          "passes": [],
          "failures": [],
          "pending": [
            "55ff3b49-8b45-48da-8449-fadab5efbd08",
            "f0af468c-625a-487c-bcd3-f573cfee58a5"
          ],
          "skipped": [],
          "duration": 0,
          "root": false,
          "rootEmpty": false,
          "_timeout": 2000
        }
      ],
      "passes": [],
      "failures": [],
      "pending": [],
      "skipped": [],
      "duration": 0,
      "root": true,
      "rootEmpty": true,
      "_timeout": 2000
    },
    {
      "uuid": "20f9e752-5180-41c3-b0a6-f2ec416e6ea4",
      "title": "",
      "fullFile": "cypress\\TestArcanetinmen\\TestAllLinks.specs.js",
      "file": "cypress\\TestArcanetinmen\\TestAllLinks.specs.js",
      "beforeHooks": [],
      "afterHooks": [],
      "tests": [],
      "suites": [
        {
          "uuid": "9f03af1f-b1ab-4977-84e3-dbd73a4d2f32",
          "title": "AT Brandsite Automation Suite I",
          "fullFile": "",
          "file": "",
          "beforeHooks": [],
          "afterHooks": [],
          "tests": [
            {
              "title": "AT Brandsite Sanity I Footer links",
              "fullTitle": "AT Brandsite Automation Suite I AT Brandsite Sanity I Footer links",
              "timedOut": null,
              "duration": 0,
              "state": "pending",
              "speed": null,
              "pass": false,
              "fail": false,
              "pending": true,
              "context": null,
              "code": "",
              "err": {},
              "uuid": "d6374102-dd8f-410b-986b-8ad98d9b609c",
              "parentUUID": "9f03af1f-b1ab-4977-84e3-dbd73a4d2f32",
              "isHook": false,
              "skipped": false
            }
          ],
          "suites": [],
          "passes": [],
          "failures": [],
          "pending": [
            "d6374102-dd8f-410b-986b-8ad98d9b609c"
          ],
          "skipped": [],
          "duration": 0,
          "root": false,
          "rootEmpty": false,
          "_timeout": 2000
        }
      ],
      "passes": [],
      "failures": [],
      "pending": [],
      "skipped": [],
      "duration": 0,
      "root": true,
      "rootEmpty": true,
      "_timeout": 2000
    },
    {
      "uuid": "7babe65c-25b1-44d5-b0c3-cb0cb8a91db6",
      "title": "",
      "fullFile": "cypress\\TestArcanetinmen\\TestATWebsite.specs.js",
      "file": "cypress\\TestArcanetinmen\\TestATWebsite.specs.js",
      "beforeHooks": [],
      "afterHooks": [],
      "tests": [],
      "suites": [
        {
          "uuid": "d95658a9-0448-46cb-961a-fb98d3c127c2",
          "title": "AT Brandsite Automation Suite II",
          "fullFile": "",
          "file": "",
          "beforeHooks": [],
          "afterHooks": [],
          "tests": [
            {
              "title": "AT Brandsite Sanity II Menu Links",
              "fullTitle": "AT Brandsite Automation Suite II AT Brandsite Sanity II Menu Links",
              "timedOut": null,
              "duration": 0,
              "state": "pending",
              "speed": null,
              "pass": false,
              "fail": false,
              "pending": true,
              "context": null,
              "code": "",
              "err": {},
              "uuid": "78abd0ff-9626-4e72-a7bb-12a7efbf82b9",
              "parentUUID": "d95658a9-0448-46cb-961a-fb98d3c127c2",
              "isHook": false,
              "skipped": false
            }
          ],
          "suites": [],
          "passes": [],
          "failures": [],
          "pending": [
            "78abd0ff-9626-4e72-a7bb-12a7efbf82b9"
          ],
          "skipped": [],
          "duration": 0,
          "root": false,
          "rootEmpty": false,
          "_timeout": 2000
        }
      ],
      "passes": [],
      "failures": [],
      "pending": [],
      "skipped": [],
      "duration": 0,
      "root": true,
      "rootEmpty": true,
      "_timeout": 2000
    },
    {
      "uuid": "fb7b4951-f86a-4fbd-b37d-c80fa6c266b4",
      "title": "",
      "fullFile": "cypress\\TestArcanetinmen\\TestCheckoutEU.specs.js",
      "file": "cypress\\TestArcanetinmen\\TestCheckoutEU.specs.js",
      "beforeHooks": [],
      "afterHooks": [],
      "tests": [],
      "suites": [
        {
          "uuid": "33440bfd-723e-4cb9-bef2-ca6620c9076b",
          "title": "DS Checkou EU Demo I",
          "fullFile": "",
          "file": "",
          "beforeHooks": [],
          "afterHooks": [],
          "tests": [
            {
              "title": "Webshop EU Checkout",
              "fullTitle": "DS Checkou EU Demo I Webshop EU Checkout",
              "timedOut": null,
              "duration": 0,
              "state": "pending",
              "speed": null,
              "pass": false,
              "fail": false,
              "pending": true,
              "context": null,
              "code": "",
              "err": {},
              "uuid": "d3f6a4c8-0739-4b16-8b05-fa2741430be5",
              "parentUUID": "33440bfd-723e-4cb9-bef2-ca6620c9076b",
              "isHook": false,
              "skipped": false
            }
          ],
          "suites": [],
          "passes": [],
          "failures": [],
          "pending": [
            "d3f6a4c8-0739-4b16-8b05-fa2741430be5"
          ],
          "skipped": [],
          "duration": 0,
          "root": false,
          "rootEmpty": false,
          "_timeout": 2000
        }
      ],
      "passes": [],
      "failures": [],
      "pending": [],
      "skipped": [],
      "duration": 0,
      "root": true,
      "rootEmpty": true,
      "_timeout": 2000
    },
    {
      "uuid": "25095b22-b30e-4c15-af97-56951703a61e",
      "title": "",
      "fullFile": "cypress\\TestArcanetinmen\\TestContactForm.specs.js",
      "file": "cypress\\TestArcanetinmen\\TestContactForm.specs.js",
      "beforeHooks": [],
      "afterHooks": [],
      "tests": [],
      "suites": [
        {
          "uuid": "8672cc03-75ff-4c61-8756-ccbec100036e",
          "title": "AT Brandsite Automation Suite III",
          "fullFile": "",
          "file": "",
          "beforeHooks": [],
          "afterHooks": [],
          "tests": [
            {
              "title": "AT Brandsite Sanity Contact Form",
              "fullTitle": "AT Brandsite Automation Suite III AT Brandsite Sanity Contact Form",
              "timedOut": null,
              "duration": 0,
              "state": "pending",
              "speed": null,
              "pass": false,
              "fail": false,
              "pending": true,
              "context": null,
              "code": "",
              "err": {},
              "uuid": "7fdacf7c-2035-4d5d-b93e-012441ad7b69",
              "parentUUID": "8672cc03-75ff-4c61-8756-ccbec100036e",
              "isHook": false,
              "skipped": false
            }
          ],
          "suites": [],
          "passes": [],
          "failures": [],
          "pending": [
            "7fdacf7c-2035-4d5d-b93e-012441ad7b69"
          ],
          "skipped": [],
          "duration": 0,
          "root": false,
          "rootEmpty": false,
          "_timeout": 2000
        }
      ],
      "passes": [],
      "failures": [],
      "pending": [],
      "skipped": [],
      "duration": 0,
      "root": true,
      "rootEmpty": true,
      "_timeout": 2000
    },
    {
      "uuid": "2d635515-be22-45a7-a929-d2975667ba14",
      "title": "",
      "fullFile": "cypress\\TestArcanetinmen\\TestGuestUserCheckout.specs.js",
      "file": "cypress\\TestArcanetinmen\\TestGuestUserCheckout.specs.js",
      "beforeHooks": [],
      "afterHooks": [],
      "tests": [],
      "suites": [
        {
          "uuid": "810d16a4-5d69-4373-bd99-e78194dca567",
          "title": "DS Checkout EU Demo II",
          "fullFile": "",
          "file": "",
          "beforeHooks": [],
          "afterHooks": [],
          "tests": [
            {
              "title": "Webshop EU Guest Checkout",
              "fullTitle": "DS Checkout EU Demo II Webshop EU Guest Checkout",
              "timedOut": null,
              "duration": 0,
              "state": "pending",
              "speed": null,
              "pass": false,
              "fail": false,
              "pending": true,
              "context": null,
              "code": "",
              "err": {},
              "uuid": "4b385267-f715-4be2-b104-a22b0bcc7785",
              "parentUUID": "810d16a4-5d69-4373-bd99-e78194dca567",
              "isHook": false,
              "skipped": false
            }
          ],
          "suites": [],
          "passes": [],
          "failures": [],
          "pending": [
            "4b385267-f715-4be2-b104-a22b0bcc7785"
          ],
          "skipped": [],
          "duration": 0,
          "root": false,
          "rootEmpty": false,
          "_timeout": 2000
        }
      ],
      "passes": [],
      "failures": [],
      "pending": [],
      "skipped": [],
      "duration": 0,
      "root": true,
      "rootEmpty": true,
      "_timeout": 2000
    },
    {
      "uuid": "76615ae3-dea9-40d7-9962-61949a278933",
      "title": "",
      "fullFile": "cypress\\TestArcanetinmen\\TestOurProducts.specs.js",
      "file": "cypress\\TestArcanetinmen\\TestOurProducts.specs.js",
      "beforeHooks": [],
      "afterHooks": [],
      "tests": [],
      "suites": [
        {
          "uuid": "02fc8acd-bfcf-46f0-8b53-e13c18ef74b5",
          "title": "AT Brandsite Automation Suite IV",
          "fullFile": "",
          "file": "",
          "beforeHooks": [],
          "afterHooks": [],
          "tests": [
            {
              "title": "AT Brandsite Sanity I Middle links",
              "fullTitle": "AT Brandsite Automation Suite IV AT Brandsite Sanity I Middle links",
              "timedOut": null,
              "duration": 0,
              "state": "pending",
              "speed": null,
              "pass": false,
              "fail": false,
              "pending": true,
              "context": null,
              "code": "",
              "err": {},
              "uuid": "6b8a81f7-ad17-4c8e-9613-36255e7660d0",
              "parentUUID": "02fc8acd-bfcf-46f0-8b53-e13c18ef74b5",
              "isHook": false,
              "skipped": false
            }
          ],
          "suites": [],
          "passes": [],
          "failures": [],
          "pending": [
            "6b8a81f7-ad17-4c8e-9613-36255e7660d0"
          ],
          "skipped": [],
          "duration": 0,
          "root": false,
          "rootEmpty": false,
          "_timeout": 2000
        }
      ],
      "passes": [],
      "failures": [],
      "pending": [],
      "skipped": [],
      "duration": 0,
      "root": true,
      "rootEmpty": true,
      "_timeout": 2000
    },
    {
      "uuid": "c4866807-9cfa-4eb9-b27c-d203dc335108",
      "title": "",
      "fullFile": "cypress\\TestArcanetinmen\\TestSliderReadMore.spec.js",
      "file": "cypress\\TestArcanetinmen\\TestSliderReadMore.spec.js",
      "beforeHooks": [],
      "afterHooks": [],
      "tests": [],
      "suites": [
        {
          "uuid": "2544cd46-7af9-40fa-ba1a-ecf42037090c",
          "title": "AT Brandsite Automation Suite V",
          "fullFile": "",
          "file": "",
          "beforeHooks": [],
          "afterHooks": [],
          "tests": [
            {
              "title": "AT Brandsite Sanity II Read More",
              "fullTitle": "AT Brandsite Automation Suite V AT Brandsite Sanity II Read More",
              "timedOut": null,
              "duration": 0,
              "state": "pending",
              "speed": null,
              "pass": false,
              "fail": false,
              "pending": true,
              "context": null,
              "code": "",
              "err": {},
              "uuid": "80620a25-d127-454c-87c3-d753ef3f67e9",
              "parentUUID": "2544cd46-7af9-40fa-ba1a-ecf42037090c",
              "isHook": false,
              "skipped": false
            }
          ],
          "suites": [],
          "passes": [],
          "failures": [],
          "pending": [
            "80620a25-d127-454c-87c3-d753ef3f67e9"
          ],
          "skipped": [],
          "duration": 0,
          "root": false,
          "rootEmpty": false,
          "_timeout": 2000
        }
      ],
      "passes": [],
      "failures": [],
      "pending": [],
      "skipped": [],
      "duration": 0,
      "root": true,
      "rootEmpty": true,
      "_timeout": 2000
    },
    {
      "uuid": "d4018d34-8029-44a0-bda5-f29f640bcdbd",
      "title": "",
      "fullFile": "cypress\\TestArcanetinmen\\DSWebshopMenu.specs.js",
      "file": "cypress\\TestArcanetinmen\\DSWebshopMenu.specs.js",
      "beforeHooks": [],
      "afterHooks": [],
      "tests": [
        {
          "title": "Visit Menu of web shop for Solid Color Sleeves",
          "fullTitle": "Visit Menu of web shop for Solid Color Sleeves",
          "timedOut": null,
          "duration": 0,
          "state": "pending",
          "speed": null,
          "pass": false,
          "fail": false,
          "pending": false,
          "context": null,
          "code": "cy.clearCookies();\ncy.visit('https://www.dragonshield.com/webshop/');\ncy.get('.leo-top-menu > .nav > .nav-item').contains('Solid Color Sleeves').trigger('mouseover', {\n  force: true\n}).invoke('show');\ncy.get('.dropdown-menu').children().contains('Standard Size').trigger('mouseover', {\n  force: true\n}).invoke('show');\ncy.get('ul[class=\"level0\"]').contains('Matte Dual 100').click({\n  force: true\n});\ncy.url('includes', 'dual');\ncy.window().then(win => win.location.href = \"/webshop\");\ncy.get('.leo-top-menu > .nav > .nav-item').contains('Solid Color Sleeves').trigger('mouseover', {\n  force: true\n}).invoke('show');\ncy.get('.dropdown-menu').children().contains('Standard Size').trigger('mouseover', {\n  force: true\n}).invoke('show');\ncy.get('ul[class=\"level0\"]').contains('Matte 100').click({\n  force: true\n});\ncy.window().then(win => win.location.href = \"/webshop\");\ncy.get('.leo-top-menu > .nav > .nav-item').contains('Solid Color Sleeves').trigger('mouseover', {\n  force: true\n}).invoke('show');\ncy.get('.dropdown-menu').children().contains('Standard Size').trigger('mouseover', {\n  force: true\n}).invoke('show');\ncy.get('ul[class=\"level0\"]').contains('Perfect Fit').click({\n  force: true\n});\ncy.window().then(win => win.location.href = \"/webshop\");\ncy.get('.leo-top-menu > .nav > .nav-item').contains('Solid Color Sleeves').trigger('mouseover', {\n  force: true\n}).invoke('show');\ncy.get('.dropdown-menu').children().contains('Standard Size').trigger('mouseover', {\n  force: true\n}).invoke('show');\ncy.get('ul[class=\"level0\"]').contains('Matte Non-Glare 100').click({\n  force: true\n});\ncy.window().then(win => win.location.href = \"/webshop\");\ncy.get('.leo-top-menu > .nav > .nav-item').contains('Solid Color Sleeves').trigger('mouseover', {\n  force: true\n}).invoke('show');\ncy.get('.dropdown-menu').children().contains('Standard Size').trigger('mouseover', {\n  force: true\n}).invoke('show');\ncy.get('ul[class=\"level0\"]').contains('Classic 100').click({\n  force: true\n});\ncy.window().then(win => win.location.href = \"/webshop\");\ncy.get('.leo-top-menu > .nav > .nav-item').contains('Solid Color Sleeves').trigger('mouseover', {\n  force: true\n}).invoke('show');\ncy.get('.dropdown-menu').children().contains('Japanese Size').trigger('mouseover', {\n  force: true\n}).invoke('show');\ncy.get('ul[class=\"level0\"]').contains('Classic 60').click({\n  force: true\n});\ncy.window().then(win => win.location.href = \"/webshop\");\ncy.get('.leo-top-menu > .nav > .nav-item').contains('Solid Color Sleeves').trigger('mouseover', {\n  force: true\n}).invoke('show');\ncy.get('.dropdown-menu').children().contains('Japanese Size').trigger('mouseover', {\n  force: true\n}).invoke('show');\ncy.get('ul[class=\"level0\"]').contains('Matte 60').click({\n  force: true\n});\ncy.window().then(win => win.location.href = \"/webshop\");\ncy.get('.leo-top-menu > .nav > .nav-item').contains('Solid Color Sleeves').trigger('mouseover', {\n  force: true\n}).invoke('show');\ncy.get('.dropdown-menu').children().contains('Japanese Size').trigger('mouseover', {\n  force: true\n}).invoke('show');\ncy.get('ul[class=\"level0\"]').contains('Perfect Fit').click({\n  force: true\n});\ncy.window().then(win => win.location.href = \"/webshop\");\ncy.get('.leo-top-menu > .nav > .nav-item').contains('Solid Color Sleeves').trigger('mouseover', {\n  force: true\n}).invoke('show');\ncy.get('.dropdown-menu').children().contains('Japanese Size').trigger('mouseover', {\n  force: true\n}).invoke('show');\ncy.get('ul[class=\"level0\"]').contains('Matte Dual 60').click({\n  force: true\n});\ncy.window().then(win => win.location.href = \"/webshop\");",
          "err": {},
          "uuid": "e8401bc3-b95a-4c68-a0ac-a238cece01cc",
          "parentUUID": "d4018d34-8029-44a0-bda5-f29f640bcdbd",
          "isHook": false,
          "skipped": true
        }
      ],
      "suites": [],
      "passes": [],
      "failures": [],
      "pending": [],
      "skipped": [
        "e8401bc3-b95a-4c68-a0ac-a238cece01cc"
      ],
      "duration": 0,
      "root": true,
      "rootEmpty": false,
      "_timeout": 2000
    },
    {
      "uuid": "5f2119f5-eb00-46bd-847e-0adf8321830d",
      "title": "",
      "fullFile": "cypress\\TestArcanetinmen\\DSWebshopMenu.specs.js",
      "file": "cypress\\TestArcanetinmen\\DSWebshopMenu.specs.js",
      "beforeHooks": [],
      "afterHooks": [],
      "tests": [
        {
          "title": "Visit Menu of web shop for Solid Color Sleeves",
          "fullTitle": "Visit Menu of web shop for Solid Color Sleeves",
          "timedOut": null,
          "duration": 0,
          "state": "pending",
          "speed": null,
          "pass": false,
          "fail": false,
          "pending": false,
          "context": null,
          "code": "cy.clearCookies();\ncy.visit('https://www.dragonshield.com/webshop/');\ncy.get('.leo-top-menu > .nav > .nav-item').contains('Solid Color Sleeves').trigger('mouseover', {\n  force: true\n}).invoke('show');\ncy.get('.dropdown-menu').children().contains('Standard Size').trigger('mouseover', {\n  force: true\n}).invoke('show');\ncy.get('ul[class=\"level0\"]').contains('Matte Dual 100').click({\n  force: true\n});\ncy.url('includes', 'dual');\ncy.window().then(win => win.location.href = \"/webshop\");\ncy.get('.leo-top-menu > .nav > .nav-item').contains('Solid Color Sleeves').trigger('mouseover', {\n  force: true\n}).invoke('show');\ncy.get('.dropdown-menu').children().contains('Standard Size').trigger('mouseover', {\n  force: true\n}).invoke('show');\ncy.get('ul[class=\"level0\"]').contains('Matte 100').click({\n  force: true\n});\ncy.window().then(win => win.location.href = \"/webshop\");\ncy.get('.leo-top-menu > .nav > .nav-item').contains('Solid Color Sleeves').trigger('mouseover', {\n  force: true\n}).invoke('show');\ncy.get('.dropdown-menu').children().contains('Standard Size').trigger('mouseover', {\n  force: true\n}).invoke('show');\ncy.get('ul[class=\"level0\"]').contains('Perfect Fit').click({\n  force: true\n});\ncy.window().then(win => win.location.href = \"/webshop\");\ncy.get('.leo-top-menu > .nav > .nav-item').contains('Solid Color Sleeves').trigger('mouseover', {\n  force: true\n}).invoke('show');\ncy.get('.dropdown-menu').children().contains('Standard Size').trigger('mouseover', {\n  force: true\n}).invoke('show');\ncy.get('ul[class=\"level0\"]').contains('Matte Non-Glare 100').click({\n  force: true\n});\ncy.window().then(win => win.location.href = \"/webshop\");\ncy.get('.leo-top-menu > .nav > .nav-item').contains('Solid Color Sleeves').trigger('mouseover', {\n  force: true\n}).invoke('show');\ncy.get('.dropdown-menu').children().contains('Standard Size').trigger('mouseover', {\n  force: true\n}).invoke('show');\ncy.get('ul[class=\"level0\"]').contains('Classic 100').click({\n  force: true\n});\ncy.window().then(win => win.location.href = \"/webshop\");\ncy.get('.leo-top-menu > .nav > .nav-item').contains('Solid Color Sleeves').trigger('mouseover', {\n  force: true\n}).invoke('show');\ncy.get('.dropdown-menu').children().contains('Japanese Size').trigger('mouseover', {\n  force: true\n}).invoke('show');\ncy.get('ul[class=\"level0\"]').contains('Classic 60').click({\n  force: true\n});\ncy.window().then(win => win.location.href = \"/webshop\");\ncy.get('.leo-top-menu > .nav > .nav-item').contains('Solid Color Sleeves').trigger('mouseover', {\n  force: true\n}).invoke('show');\ncy.get('.dropdown-menu').children().contains('Japanese Size').trigger('mouseover', {\n  force: true\n}).invoke('show');\ncy.get('ul[class=\"level0\"]').contains('Matte 60').click({\n  force: true\n});\ncy.window().then(win => win.location.href = \"/webshop\");\ncy.get('.leo-top-menu > .nav > .nav-item').contains('Solid Color Sleeves').trigger('mouseover', {\n  force: true\n}).invoke('show');\ncy.get('.dropdown-menu').children().contains('Japanese Size').trigger('mouseover', {\n  force: true\n}).invoke('show');\ncy.get('ul[class=\"level0\"]').contains('Perfect Fit').click({\n  force: true\n});\ncy.window().then(win => win.location.href = \"/webshop\");\ncy.get('.leo-top-menu > .nav > .nav-item').contains('Solid Color Sleeves').trigger('mouseover', {\n  force: true\n}).invoke('show');\ncy.get('.dropdown-menu').children().contains('Japanese Size').trigger('mouseover', {\n  force: true\n}).invoke('show');\ncy.get('ul[class=\"level0\"]').contains('Matte Dual 60').click({\n  force: true\n});\ncy.window().then(win => win.location.href = \"/webshop\");",
          "err": {},
          "uuid": "3dbb101b-bddc-4171-be39-fac9c2d67570",
          "parentUUID": "5f2119f5-eb00-46bd-847e-0adf8321830d",
          "isHook": false,
          "skipped": true
        }
      ],
      "suites": [],
      "passes": [],
      "failures": [],
      "pending": [],
      "skipped": [
        "3dbb101b-bddc-4171-be39-fac9c2d67570"
      ],
      "duration": 0,
      "root": true,
      "rootEmpty": false,
      "_timeout": 2000
    },
    {
      "uuid": "b0a44017-fe41-4c32-b81f-18d7c7cbc576",
      "title": "",
      "fullFile": "cypress\\TestArcanetinmen\\DSWebshopMenuforloop.specs.js",
      "file": "cypress\\TestArcanetinmen\\DSWebshopMenuforloop.specs.js",
      "beforeHooks": [],
      "afterHooks": [],
      "tests": [],
      "suites": [
        {
          "uuid": "c5503dee-7938-44c0-8079-8bb8779285cd",
          "title": "Visit Each menu and submenu",
          "fullFile": "",
          "file": "",
          "beforeHooks": [],
          "afterHooks": [],
          "tests": [
            {
              "title": "Visit Menu of web shop for Solid Color Sleeves>Standard Size",
              "fullTitle": "Visit Each menu and submenu Visit Menu of web shop for Solid Color Sleeves>Standard Size",
              "timedOut": null,
              "duration": 54867,
              "state": "failed",
              "speed": null,
              "pass": false,
              "fail": true,
              "pending": false,
              "context": "[\n  {\n    \"title\": \"cypress-mochawesome-reporter-screenshots\",\n    \"value\": [\n      [\n        {\n          \"title\": \"Failed screenshot\",\n          \"value\": \"\\\\DSWebshopMenuforloop.specs.js\\\\Visit Each menu and submenu -- Visit Menu of web shop for Solid Color SleevesStandard Size (failed).png\"\n        }\n      ]\n    ]\n  },\n  \"assets/DSWebshopMenuforloop.specs.js/Visit Each menu and submenu --       Visit Menu of web shop for Solid Color Sleeves>Standard Size (failed).png\"\n]",
              "code": "const pages = ['Matte Dual 100', 'Matte 100', 'Perfect Fit', 'Matte Non-Glare 100', 'Classic 100'];\nfor (var i = 0; i <= pages.length; i++) {\n  menuhomepage.hoverOnSolidColorsleeves();\n  menuhomepage.hoverOnSolidColorsleevesStandardSize();\n  menuhomepage.clickOnSubMenu().contains(pages[i]).click({\n    force: true\n  });\n  cy.window().then(win => win.location.href = \"/webshop\");\n}",
              "err": {
                "message": "CypressError: `cy.contains()` can only accept a string, number or regular expression.\n\nhttps://on.cypress.io/contains",
                "estack": "CypressError: `cy.contains()` can only accept a string, number or regular expression.\n\nhttps://on.cypress.io/contains\n    at Context.contains (https://www.dragonshield.com/__cypress/runner/cypress_runner.js:143411:78)\n    at wrapped (https://www.dragonshield.com/__cypress/runner/cypress_runner.js:157508:19)\nFrom Your Spec Code:\n    at Context.eval (webpack:///./cypress/TestArcanetinmen/DSWebshopMenuforloop.specs.js:20:30)",
                "diff": null
              },
              "uuid": "f06bbe89-d4d4-4b69-b227-de826efacdc5",
              "parentUUID": "c5503dee-7938-44c0-8079-8bb8779285cd",
              "isHook": false,
              "skipped": false
            },
            {
              "title": "Visit Menu of web shop for Solid Color Sleeves>Japanese Size",
              "fullTitle": "Visit Each menu and submenu Visit Menu of web shop for Solid Color Sleeves>Japanese Size",
              "timedOut": null,
              "duration": 32998,
              "state": "failed",
              "speed": null,
              "pass": false,
              "fail": true,
              "pending": false,
              "context": "[\n  {\n    \"title\": \"cypress-mochawesome-reporter-screenshots\",\n    \"value\": [\n      [\n        {\n          \"title\": \"Failed screenshot\",\n          \"value\": \"\\\\DSWebshopMenuforloop.specs.js\\\\Visit Each menu and submenu -- Visit Menu of web shop for Solid Color SleevesJapanese Size (failed).png\"\n        }\n      ]\n    ]\n  },\n  \"assets/DSWebshopMenuforloop.specs.js/Visit Each menu and submenu --       Visit Menu of web shop for Solid Color Sleeves>Japanese Size (failed).png\"\n]",
              "code": "const japanpages = ['Classic 60', 'Matte 60', 'Perfect Fit', 'Matte Dual 60'];\nfor (var i = 0; i <= japanpages.length; i++) {\n  menuhomepage.hoverOnSolidColorsleeves();\n  menuhomepage.hoverOnSolidColorsleevesJapaneseSize();\n  menuhomepage.clickOnchildSubMenu().contains(japanpages[i]).click({\n    force: true\n  });\n  cy.window().then(win => win.location.href = \"/webshop\");\n}",
              "err": {
                "message": "CypressError: `cy.contains()` can only accept a string, number or regular expression.\n\nhttps://on.cypress.io/contains",
                "estack": "CypressError: `cy.contains()` can only accept a string, number or regular expression.\n\nhttps://on.cypress.io/contains\n    at Context.contains (https://www.dragonshield.com/__cypress/runner/cypress_runner.js:143411:78)\n    at wrapped (https://www.dragonshield.com/__cypress/runner/cypress_runner.js:157508:19)\nFrom Your Spec Code:\n    at Context.eval (webpack:///./cypress/TestArcanetinmen/DSWebshopMenuforloop.specs.js:35:35)",
                "diff": null
              },
              "uuid": "86dec2cf-255f-4fa0-99f5-1c802e33c23e",
              "parentUUID": "c5503dee-7938-44c0-8079-8bb8779285cd",
              "isHook": false,
              "skipped": false
            },
            {
              "title": "Visit Menu of web shop for Art Sleeves>Standard Size",
              "fullTitle": "Visit Each menu and submenu Visit Menu of web shop for Art Sleeves>Standard Size",
              "timedOut": null,
              "duration": 16929,
              "state": "failed",
              "speed": null,
              "pass": false,
              "fail": true,
              "pending": false,
              "context": "[\n  {\n    \"title\": \"cypress-mochawesome-reporter-screenshots\",\n    \"value\": [\n      [\n        {\n          \"title\": \"Failed screenshot\",\n          \"value\": \"\\\\DSWebshopMenuforloop.specs.js\\\\Visit Each menu and submenu -- Visit Menu of web shop for Art SleevesStandard Size (failed).png\"\n        }\n      ]\n    ]\n  },\n  \"assets/DSWebshopMenuforloop.specs.js/Visit Each menu and submenu --       Visit Menu of web shop for Art Sleeves>Standard Size (failed).png\"\n]",
              "code": "const artsleeves = ['Standard Size', 'Japanese Size'];\nfor (var i = 0; i <= artsleeves.length; i++) {\n  menuhomepage.hoverOnArtsleeves();\n  menuhomepage.clickOnSubMenu().contains(artsleeves[i]).click({\n    force: true\n  });\n  cy.window().then(win => win.location.href = \"/webshop\");\n}",
              "err": {
                "message": "CypressError: `cy.contains()` can only accept a string, number or regular expression.\n\nhttps://on.cypress.io/contains",
                "estack": "CypressError: `cy.contains()` can only accept a string, number or regular expression.\n\nhttps://on.cypress.io/contains\n    at Context.contains (https://www.dragonshield.com/__cypress/runner/cypress_runner.js:143411:78)\n    at wrapped (https://www.dragonshield.com/__cypress/runner/cypress_runner.js:157508:19)\nFrom Your Spec Code:\n    at Context.eval (webpack:///./cypress/TestArcanetinmen/DSWebshopMenuforloop.specs.js:46:34)",
                "diff": null
              },
              "uuid": "18c28429-d5ac-4e41-bff3-9accab788e06",
              "parentUUID": "c5503dee-7938-44c0-8079-8bb8779285cd",
              "isHook": false,
              "skipped": false
            },
            {
              "title": "Visit Menu of web shop for Roleplaying",
              "fullTitle": "Visit Each menu and submenu Visit Menu of web shop for Roleplaying",
              "timedOut": null,
              "duration": 4993,
              "state": "passed",
              "speed": "fast",
              "pass": true,
              "fail": false,
              "pending": false,
              "context": null,
              "code": "menuhomepage.clickOnRoleplaying();",
              "err": {},
              "uuid": "4df535b5-d384-4879-a9f5-ae8b20b3ba0e",
              "parentUUID": "c5503dee-7938-44c0-8079-8bb8779285cd",
              "isHook": false,
              "skipped": false
            },
            {
              "title": "Visit Menu of web shop for Other Gaming Accessories>Albums",
              "fullTitle": "Visit Each menu and submenu Visit Menu of web shop for Other Gaming Accessories>Albums",
              "timedOut": null,
              "duration": 58455,
              "state": "failed",
              "speed": null,
              "pass": false,
              "fail": true,
              "pending": false,
              "context": "[\n  {\n    \"title\": \"cypress-mochawesome-reporter-screenshots\",\n    \"value\": [\n      [\n        {\n          \"title\": \"Failed screenshot\",\n          \"value\": \"\\\\DSWebshopMenuforloop.specs.js\\\\Visit Each menu and submenu -- Visit Menu of web shop for Other Gaming AccessoriesAlbums (failed).png\"\n        }\n      ]\n    ]\n  },\n  \"assets/DSWebshopMenuforloop.specs.js/Visit Each menu and submenu --       Visit Menu of web shop for Other Gaming Accessories>Albums (failed).png\"\n]",
              "code": "const albumpages = ['Portfolio', 'Binder Pages', 'Zipster Binder', 'Slipcase Binder'];\nfor (var i = 0; i <= albumpages.length; i++) {\n  menuhomepage.clickOnOtherGamingAccessories();\n  menuhomepage.clickOnSubMenu().children().contains('Albums').trigger('mouseover', {\n    force: true\n  }).invoke('show');\n  menuhomepage.clickOnchildSubMenu().contains(albumpages[i]).click({\n    force: true\n  });\n  cy.window().then(win => win.location.href = \"/webshop\");\n}",
              "err": {
                "message": "CypressError: `cy.contains()` can only accept a string, number or regular expression.\n\nhttps://on.cypress.io/contains",
                "estack": "CypressError: `cy.contains()` can only accept a string, number or regular expression.\n\nhttps://on.cypress.io/contains\n    at Context.contains (https://www.dragonshield.com/__cypress/runner/cypress_runner.js:143411:78)\n    at wrapped (https://www.dragonshield.com/__cypress/runner/cypress_runner.js:157508:19)\nFrom Your Spec Code:\n    at Context.eval (webpack:///./cypress/TestArcanetinmen/DSWebshopMenuforloop.specs.js:67:35)",
                "diff": null
              },
              "uuid": "e37a4d0d-0f29-4106-8280-59f37949bbf8",
              "parentUUID": "c5503dee-7938-44c0-8079-8bb8779285cd",
              "isHook": false,
              "skipped": false
            },
            {
              "title": "Visit Menu of web shop for Other Gaming Accessories>decks",
              "fullTitle": "Visit Each menu and submenu Visit Menu of web shop for Other Gaming Accessories>decks",
              "timedOut": null,
              "duration": 113126,
              "state": "failed",
              "speed": null,
              "pass": false,
              "fail": true,
              "pending": false,
              "context": "[\n  {\n    \"title\": \"cypress-mochawesome-reporter-screenshots\",\n    \"value\": [\n      [\n        {\n          \"title\": \"Failed screenshot\",\n          \"value\": \"\\\\DSWebshopMenuforloop.specs.js\\\\Visit Each menu and submenu -- Visit Menu of web shop for Other Gaming Accessoriesdecks (failed).png\"\n        }\n      ]\n    ]\n  },\n  \"assets/DSWebshopMenuforloop.specs.js/Visit Each menu and submenu --       Visit Menu of web shop for Other Gaming Accessories>decks (failed).png\"\n]",
              "code": "const deckpages = ['Deck Shell', 'Magic Carpet', 'Nest', 'Nest+', 'Cube Shell', 'Strongbox', 'Double Shell'];\nfor (var i = 0; i <= deckpages.length; i++) {\n  menuhomepage.clickOnOtherGamingAccessories();\n  menuhomepage.clickOnSubMenu().children().contains('Deck Boxes').trigger('mouseover', {\n    force: true\n  }).invoke('show');\n  menuhomepage.clickOnchildSubMenu().contains(deckpages[i]).click({\n    force: true\n  });\n  cy.window().then(win => win.location.href = \"/webshop\");\n}",
              "err": {
                "message": "CypressError: `cy.contains()` can only accept a string, number or regular expression.\n\nhttps://on.cypress.io/contains",
                "estack": "CypressError: `cy.contains()` can only accept a string, number or regular expression.\n\nhttps://on.cypress.io/contains\n    at Context.contains (https://www.dragonshield.com/__cypress/runner/cypress_runner.js:143411:78)\n    at wrapped (https://www.dragonshield.com/__cypress/runner/cypress_runner.js:157508:19)\nFrom Your Spec Code:\n    at Context.eval (webpack:///./cypress/TestArcanetinmen/DSWebshopMenuforloop.specs.js:82:43)",
                "diff": null
              },
              "uuid": "650799b2-3035-43b3-a26f-5d2e774627dc",
              "parentUUID": "c5503dee-7938-44c0-8079-8bb8779285cd",
              "isHook": false,
              "skipped": false
            },
            {
              "title": "Visit Menu of web shop for OGA Others",
              "fullTitle": "Visit Each menu and submenu Visit Menu of web shop for OGA Others",
              "timedOut": null,
              "duration": 32853,
              "state": "failed",
              "speed": null,
              "pass": false,
              "fail": true,
              "pending": false,
              "context": "[\n  {\n    \"title\": \"cypress-mochawesome-reporter-screenshots\",\n    \"value\": [\n      [\n        {\n          \"title\": \"Failed screenshot\",\n          \"value\": \"\\\\DSWebshopMenuforloop.specs.js\\\\Visit Each menu and submenu -- Visit Menu of web shop for OGA Others (failed).png\"\n        }\n      ]\n    ]\n  },\n  \"assets/DSWebshopMenuforloop.specs.js/Visit Each menu and submenu --       Visit Menu of web shop for OGA Others (failed).png\"\n]",
              "code": "const ogaPages = ['Playmats', 'Miscellaneous'];\nfor (var i = 0; i <= ogaPages.length; i++) {\n  menuhomepage.clickOnOtherGamingAccessories();\n  menuhomepage.clickOnSubMenu().children().contains(ogaPages[i]).click({\n    force: true\n  });\n  cy.window().then(win => win.location.href = \"/webshop\");\n}",
              "err": {
                "message": "CypressError: `cy.contains()` can only accept a string, number or regular expression.\n\nhttps://on.cypress.io/contains",
                "estack": "CypressError: `cy.contains()` can only accept a string, number or regular expression.\n\nhttps://on.cypress.io/contains\n    at Context.contains (https://www.dragonshield.com/__cypress/runner/cypress_runner.js:143411:78)\n    at wrapped (https://www.dragonshield.com/__cypress/runner/cypress_runner.js:157508:19)\nFrom Your Spec Code:\n    at Context.eval (webpack:///./cypress/TestArcanetinmen/DSWebshopMenuforloop.specs.js:95:49)",
                "diff": null
              },
              "uuid": "27dc8474-b81f-4a9a-81d1-937cb84210a7",
              "parentUUID": "c5503dee-7938-44c0-8079-8bb8779285cd",
              "isHook": false,
              "skipped": false
            },
            {
              "title": "Visit Menu of web shop for Licensed Products>decks",
              "fullTitle": "Visit Each menu and submenu Visit Menu of web shop for Licensed Products>decks",
              "timedOut": null,
              "duration": 58314,
              "state": "failed",
              "speed": null,
              "pass": false,
              "fail": true,
              "pending": false,
              "context": "[\n  {\n    \"title\": \"cypress-mochawesome-reporter-screenshots\",\n    \"value\": [\n      [\n        {\n          \"title\": \"Failed screenshot\",\n          \"value\": \"\\\\DSWebshopMenuforloop.specs.js\\\\Visit Each menu and submenu -- Visit Menu of web shop for Licensed Productsdecks (failed).png\"\n        }\n      ]\n    ]\n  },\n  \"assets/DSWebshopMenuforloop.specs.js/Visit Each menu and submenu --       Visit Menu of web shop for Licensed Products>decks (failed).png\"\n]",
              "code": "const licensedPages = ['Licensed Sleeves', 'Licensed Albums', 'Licensed Playmats'];\nfor (var i = 0; i <= licensedPages.length; i++) {\n  menuhomepage.clickOnLicensedProducts();\n  menuhomepage.clickOnSubMenu().children().contains(licensedPages[i]).click({\n    force: true\n  });\n  cy.window().then(win => win.location.href = \"/webshop\");\n}",
              "err": {
                "message": "CypressError: `cy.contains()` can only accept a string, number or regular expression.\n\nhttps://on.cypress.io/contains",
                "estack": "CypressError: `cy.contains()` can only accept a string, number or regular expression.\n\nhttps://on.cypress.io/contains\n    at Context.contains (https://www.dragonshield.com/__cypress/runner/cypress_runner.js:143411:78)\n    at wrapped (https://www.dragonshield.com/__cypress/runner/cypress_runner.js:157508:19)\nFrom Your Spec Code:\n    at Context.eval (webpack:///./cypress/TestArcanetinmen/DSWebshopMenuforloop.specs.js:108:41)",
                "diff": null
              },
              "uuid": "5f8b3542-6305-4009-be80-0f876c6ba90b",
              "parentUUID": "c5503dee-7938-44c0-8079-8bb8779285cd",
              "isHook": false,
              "skipped": false
            }
          ],
          "suites": [],
          "passes": [
            "4df535b5-d384-4879-a9f5-ae8b20b3ba0e"
          ],
          "failures": [
            "f06bbe89-d4d4-4b69-b227-de826efacdc5",
            "86dec2cf-255f-4fa0-99f5-1c802e33c23e",
            "18c28429-d5ac-4e41-bff3-9accab788e06",
            "e37a4d0d-0f29-4106-8280-59f37949bbf8",
            "650799b2-3035-43b3-a26f-5d2e774627dc",
            "27dc8474-b81f-4a9a-81d1-937cb84210a7",
            "5f8b3542-6305-4009-be80-0f876c6ba90b"
          ],
          "pending": [],
          "skipped": [],
          "duration": 372535,
          "root": false,
          "rootEmpty": false,
          "_timeout": 2000
        }
      ],
      "passes": [],
      "failures": [],
      "pending": [],
      "skipped": [],
      "duration": 0,
      "root": true,
      "rootEmpty": true,
      "_timeout": 2000
    },
    {
      "uuid": "bbd017bf-bbfd-48a4-a93e-d8b11dcddf77",
      "title": "",
      "fullFile": "cypress\\TestArcanetinmen\\DSWebshopMyAccountOrderdetails.specs.js",
      "file": "cypress\\TestArcanetinmen\\DSWebshopMyAccountOrderdetails.specs.js",
      "beforeHooks": [],
      "afterHooks": [],
      "tests": [],
      "suites": [
        {
          "uuid": "98803574-7db1-4817-9148-22779ad0aee5",
          "title": "Navigate to My Account_Order Details",
          "fullFile": "",
          "file": "",
          "beforeHooks": [],
          "afterHooks": [],
          "tests": [
            {
              "title": "Order details and History Management",
              "fullTitle": "Navigate to My Account_Order Details Order details and History Management",
              "timedOut": null,
              "duration": 0,
              "state": "pending",
              "speed": null,
              "pass": false,
              "fail": false,
              "pending": false,
              "context": null,
              "code": "cy.get('span[class=\"link-item\"]').contains('Order history and details').click();\ncy.get('tbody').each(($el, index, $list) => {\n  // grabbing all text from second column\n  const txt = $el.text();\n  console.log(txt); // checking the matching condition\n  if (txt.includes('Sleeve Crafter')) {\n    // capturing the next sibling with the help of next() method\n    for (var i = 1; i <= 10; i++) {\n      console.log(i);\n      const product = `tbody > :nth-child(${i}) > :nth-child(${i})`;\n      cy.get(product).eq(index).next().then(function (desc) {\n        // capturing the text of next sibling\n        const rsl = desc.text();\n        console.log(rsl); //assertion to verify the text\n        cy.contains(\"Details\").each(el => {\n          cy.wrap(el).click();\n          console.log(cy.url());\n          cy.go('back');\n        });\n      });\n    }\n  }\n});",
              "err": {},
              "uuid": "2af4ffad-b8c3-4825-a49b-21d18c379c75",
              "parentUUID": "98803574-7db1-4817-9148-22779ad0aee5",
              "isHook": false,
              "skipped": true
            }
          ],
          "suites": [],
          "passes": [],
          "failures": [],
          "pending": [],
          "skipped": [
            "2af4ffad-b8c3-4825-a49b-21d18c379c75"
          ],
          "duration": 0,
          "root": false,
          "rootEmpty": false,
          "_timeout": 2000
        }
      ],
      "passes": [],
      "failures": [],
      "pending": [],
      "skipped": [],
      "duration": 0,
      "root": true,
      "rootEmpty": true,
      "_timeout": 2000
    },
    {
      "uuid": "c7ae5923-c425-4e48-8694-994362fd99c9",
      "title": "",
      "fullFile": "cypress\\TestArcanetinmen\\DSWebshopMyAccountRewardPoints.specs.js",
      "file": "cypress\\TestArcanetinmen\\DSWebshopMyAccountRewardPoints.specs.js",
      "beforeHooks": [],
      "afterHooks": [],
      "tests": [],
      "suites": [
        {
          "uuid": "8e19818b-e3ef-4d3f-b95a-e3e2ea7ab8fa",
          "title": "Navigate to My Account_Rewards_History",
          "fullFile": "",
          "file": "",
          "beforeHooks": [],
          "afterHooks": [],
          "tests": [
            {
              "title": "Rewards Management",
              "fullTitle": "Navigate to My Account_Rewards_History Rewards Management",
              "timedOut": null,
              "duration": 0,
              "state": "pending",
              "speed": null,
              "pass": false,
              "fail": false,
              "pending": false,
              "context": null,
              "code": "const pagelength = \"ul>li>a\";\ncy.get('span[class=\"link-item\"]').contains('My rewards account').click();\n(0, _cypressRecurse.recurse)(() => cy.get('.next'), $button => $button.hasClass('disabled') == 'disabled', {\n  limit: pagelength.length,\n  log: false,\n  timeout: 20000,\n  delay: 500,\n  post() {\n    cy.log(\"start\");\n    cy.get('.next ').click();\n    cy.log(\"end\");\n  }\n});",
              "err": {},
              "uuid": "cf12d6b2-0cc4-407a-87e9-cad6bb0c087c",
              "parentUUID": "8e19818b-e3ef-4d3f-b95a-e3e2ea7ab8fa",
              "isHook": false,
              "skipped": true
            }
          ],
          "suites": [],
          "passes": [],
          "failures": [],
          "pending": [],
          "skipped": [
            "cf12d6b2-0cc4-407a-87e9-cad6bb0c087c"
          ],
          "duration": 0,
          "root": false,
          "rootEmpty": false,
          "_timeout": 2000
        }
      ],
      "passes": [],
      "failures": [],
      "pending": [],
      "skipped": [],
      "duration": 0,
      "root": true,
      "rootEmpty": true,
      "_timeout": 2000
    },
    {
      "uuid": "bbe6a8fd-c799-4367-a8ca-793332cafed2",
      "title": "",
      "fullFile": "cypress\\TestArcanetinmen\\DSWebshopMyAccount_AddressManagement.specs.js",
      "file": "cypress\\TestArcanetinmen\\DSWebshopMyAccount_AddressManagement.specs.js",
      "beforeHooks": [],
      "afterHooks": [],
      "tests": [],
      "suites": [
        {
          "uuid": "adb45de1-b066-4473-b559-b287d2c25732",
          "title": "Navigate to My Account",
          "fullFile": "",
          "file": "",
          "beforeHooks": [],
          "afterHooks": [],
          "tests": [
            {
              "title": "Navigate to My Address",
              "fullTitle": "Navigate to My Account Navigate to My Address",
              "timedOut": null,
              "duration": 0,
              "state": "pending",
              "speed": null,
              "pass": false,
              "fail": false,
              "pending": false,
              "context": null,
              "code": "cy.get('body').then($body => {\n  if ($body.text().includes(\"Add first address\")) {\n    cy.get('span[class=\"link-item\"]').contains('Add first address').click();\n    cy.get('input[name=\"address1\"]').type(addressData.Address1);\n    cy.get('input[name=\"phone\"]').eq(0).type(addressData.Phonenumber);\n    cy.get('input[name=\"city\"]').type(addressData.City);\n    cy.get('select[name=\"id_country\"]').select(addressData.Country);\n    cy.get('input[name=\"postcode\"]').type(addressData.Zipcode);\n    cy.get('select[name=\"id_country\"]').should('have.value', 10);\n    cy.wait(5000);\n    cy.get('select[name=\"id_state\"]').select(addressData.State);\n    cy.get('select[name=\"id_state\"]').should('have.value', 229);\n    cy.get('.btn').contains('Save').click();\n  } else {\n    cy.get('span[class=\"link-item\"]').contains(\"Addresses\").should('be.visible');\n    cy.get('span[class=\"link-item\"]').contains(\"Addresses\").click();\n    cy.contains('My Address').should('be.visible');\n    cy.contains('Update').eq(0).click();\n    cy.get('input[name=\"city\"]').clear();\n    cy.log(addressData.City);\n    cy.get('input[name=\"city\"]').type(addressData.City);\n    cy.wait(5000);\n    cy.get(\".btn\").contains(\"Save\").click();\n    cy.contains(\"successfully\").should('be.visible');\n    cy.wait(5000);\n    cy.contains(\"Delete\").click();\n    cy.contains(\"successfully deleted\").should('be.visible');\n  }\n});",
              "err": {},
              "uuid": "dfb35dd8-2f92-4cf4-8d77-813d87ad004a",
              "parentUUID": "adb45de1-b066-4473-b559-b287d2c25732",
              "isHook": false,
              "skipped": true
            }
          ],
          "suites": [],
          "passes": [],
          "failures": [],
          "pending": [],
          "skipped": [
            "dfb35dd8-2f92-4cf4-8d77-813d87ad004a"
          ],
          "duration": 0,
          "root": false,
          "rootEmpty": false,
          "_timeout": 2000
        }
      ],
      "passes": [],
      "failures": [],
      "pending": [],
      "skipped": [],
      "duration": 0,
      "root": true,
      "rootEmpty": true,
      "_timeout": 2000
    },
    {
      "uuid": "9e614704-be7b-4995-ba73-c135a83b167d",
      "title": "",
      "fullFile": "cypress\\TestArcanetinmen\\DSWebshopUserRegistration.specs.js",
      "file": "cypress\\TestArcanetinmen\\DSWebshopUserRegistration.specs.js",
      "beforeHooks": [],
      "afterHooks": [],
      "tests": [],
      "suites": [
        {
          "uuid": "4ce8bc6e-79af-48b4-bbc8-f24998a2ac22",
          "title": "User registration",
          "fullFile": "",
          "file": "",
          "beforeHooks": [],
          "afterHooks": [],
          "tests": [
            {
              "title": "Register successfully done",
              "fullTitle": "User registration Register successfully done",
              "timedOut": null,
              "duration": 0,
              "state": "pending",
              "speed": null,
              "pass": false,
              "fail": false,
              "pending": false,
              "context": null,
              "code": "cy.visit('/webshop');\ncy.xpath(\"/html/body/div[1]/div/div[4]/div[1]/div[2]/button[4]\").click();\nuserreg.hoverusericon().trigger('mouseover', {\n  force: true\n});\nuserreg.clicksigninregister().click({\n  force: true\n});\nuserreg.register().click();\nuserreg.newemail().type(emailRandom);\nuserreg.newfname().type(nameRandomf);\nuserreg.newlname().type(nameRandoml);\nuserreg.pwd().type(randomPass);\nuserreg.cpwd().type(randomPass);\ncy.log(randomPass);\nuserreg.tnc().check({\n  force: true\n});\nuserreg.AcceptTC().check({\n  force: true\n});\nuserreg.submitnuser().click();\nuserreg.usersuccess().should(\"be.visible\");\ncy.wait(50000);",
              "err": {},
              "uuid": "f809326c-e27d-471a-9d38-0c64efe14283",
              "parentUUID": "4ce8bc6e-79af-48b4-bbc8-f24998a2ac22",
              "isHook": false,
              "skipped": true
            },
            {
              "title": "Account Activation Email",
              "fullTitle": "User registration Account Activation Email",
              "timedOut": null,
              "duration": 0,
              "state": "pending",
              "speed": null,
              "pass": false,
              "fail": false,
              "pending": false,
              "context": null,
              "code": "const serverId = 'qarraeah';\nconsole.log(emailRandom);\ncy.mailosaurSearchMessages(serverId, {\n  sentTo: emailRandom\n}).then(email => {\n  console.log(email.items[0]);\n  expect(email.items[0].from[0].email).to.have.string(\"@dragonshield.com\");\n  expect(email.items[0].from[0].email).to.have.string(\"info\");\n  expect(email.items[0].to[0].email).to.have.string(emailRandom.toLowerCase());\n  expect(email.items[0].subject).to.have.string('Activate your account');\n  console.log(\"Test Pass\");\n  cy.mailosaurGetMessageById(email.items[0].id).then(emailbody => {\n    console.log(emailbody);\n    var accountactlink = emailbody.html.links[0].href;\n    console.log(accountactlink);\n    cy.visit(accountactlink);\n  });\n  userreg.usersuccess1().should('be.visible');\n  cy.contains('EU Webshop').click();\n});",
              "err": {},
              "uuid": "7576f004-8ded-471a-af2a-70d01db34a48",
              "parentUUID": "4ce8bc6e-79af-48b4-bbc8-f24998a2ac22",
              "isHook": false,
              "skipped": true
            }
          ],
          "suites": [],
          "passes": [],
          "failures": [],
          "pending": [],
          "skipped": [
            "f809326c-e27d-471a-9d38-0c64efe14283",
            "7576f004-8ded-471a-af2a-70d01db34a48"
          ],
          "duration": 0,
          "root": false,
          "rootEmpty": false,
          "_timeout": 2000
        }
      ],
      "passes": [],
      "failures": [],
      "pending": [],
      "skipped": [],
      "duration": 0,
      "root": true,
      "rootEmpty": true,
      "_timeout": 2000
    },
    {
      "uuid": "3b5edd7a-b645-4ac3-81f1-bebe98aae65c",
      "title": "",
      "fullFile": "cypress\\TestArcanetinmen\\productlistingpagination.specs.js",
      "file": "cypress\\TestArcanetinmen\\productlistingpagination.specs.js",
      "beforeHooks": [],
      "afterHooks": [],
      "tests": [],
      "suites": [
        {
          "uuid": "737c770b-56dc-42ab-b830-1876e8f8a165",
          "title": "Product Listing Pagination",
          "fullFile": "",
          "file": "",
          "beforeHooks": [],
          "afterHooks": [],
          "tests": [
            {
              "title": "Visit Menu of web shop",
              "fullTitle": "Product Listing Pagination Visit Menu of web shop",
              "timedOut": null,
              "duration": 0,
              "state": "pending",
              "speed": null,
              "pass": false,
              "fail": false,
              "pending": false,
              "context": null,
              "code": "cy.clearCookies();\ncy.visit('https://www.dragonshield.com/webshop/', '{timeout:50000000}');\ncy.get('#CybotCookiebotDialogBodyLevelButtonLevelOptinAllowAll').click();\ncy.get('.ti-user').trigger('mouseover');\ncy.contains('Sign in/Register').click({\n  force: true\n});\ncy.get('#Email').type('pjangid@beckett.com');\ncy.get('#Password').type('Apple@123');\ncy.get('.btn').eq(0).click();\ncy.get('.leo-top-menu > .nav > .active > .nav-link > .menu-title').click({\n  force: true\n}).wait(20000);\nconst product = ':nth-child(1) > .product-miniature > .thumbnail-container > .product-image > .functional-buttons > .pro-info-onhover > a';\n(0, _cypressRecurse.recurse)(() => cy.get('.next'), $button => $button.hasClass('disabled') == 'disabled', {\n  post() {\n    cy.log(\"start\");\n    cy.get('.next ').should('be.visible').click({\n      force: true\n    });\n    cy.log(\"end\");\n    cy.wait(20000);\n  }\n});",
              "err": {},
              "uuid": "319f5f17-f963-4437-ab43-6c7f65a71d46",
              "parentUUID": "737c770b-56dc-42ab-b830-1876e8f8a165",
              "isHook": false,
              "skipped": true
            }
          ],
          "suites": [],
          "passes": [],
          "failures": [],
          "pending": [],
          "skipped": [
            "319f5f17-f963-4437-ab43-6c7f65a71d46"
          ],
          "duration": 0,
          "root": false,
          "rootEmpty": false,
          "_timeout": 2000
        }
      ],
      "passes": [],
      "failures": [],
      "pending": [],
      "skipped": [],
      "duration": 0,
      "root": true,
      "rootEmpty": true,
      "_timeout": 2000
    },
    {
      "uuid": "82f941b3-344b-4561-b98b-33b9a614b2b0",
      "title": "",
      "fullFile": "cypress\\TestArcanetinmen\\TestAllLinks.specs.js",
      "file": "cypress\\TestArcanetinmen\\TestAllLinks.specs.js",
      "beforeHooks": [],
      "afterHooks": [],
      "tests": [],
      "suites": [
        {
          "uuid": "41c7e232-d059-4907-9530-a3ebd9f8dd7d",
          "title": "AT Brandsite Automation Suite I",
          "fullFile": "",
          "file": "",
          "beforeHooks": [],
          "afterHooks": [],
          "tests": [
            {
              "title": "AT Brandsite Sanity I Footer links",
              "fullTitle": "AT Brandsite Automation Suite I AT Brandsite Sanity I Footer links",
              "timedOut": null,
              "duration": 0,
              "state": "pending",
              "speed": null,
              "pass": false,
              "fail": false,
              "pending": false,
              "context": null,
              "code": "const pages = ['Contact', 'Dragon Shield', 'BOARD GAME SLEEVES', 'BECKETT SHIELD', 'Distributors login'];\npages.forEach(page => {\n  cy.get('footer').scrollIntoView().contains;\n  cy.get('footer').contains(page).click({\n    force: true\n  }), cy.window().then(win => win.location.href = \"/\");\n  console.log(cy.title());\n});",
              "err": {},
              "uuid": "9d1f32a9-739b-4989-a69f-6fef897bb840",
              "parentUUID": "41c7e232-d059-4907-9530-a3ebd9f8dd7d",
              "isHook": false,
              "skipped": true
            }
          ],
          "suites": [],
          "passes": [],
          "failures": [],
          "pending": [],
          "skipped": [
            "9d1f32a9-739b-4989-a69f-6fef897bb840"
          ],
          "duration": 0,
          "root": false,
          "rootEmpty": false,
          "_timeout": 2000
        }
      ],
      "passes": [],
      "failures": [],
      "pending": [],
      "skipped": [],
      "duration": 0,
      "root": true,
      "rootEmpty": true,
      "_timeout": 2000
    },
    {
      "uuid": "0e270b4c-2a21-4fcd-91f7-df83ff8df7d6",
      "title": "",
      "fullFile": "cypress\\TestArcanetinmen\\TestATWebsite.specs.js",
      "file": "cypress\\TestArcanetinmen\\TestATWebsite.specs.js",
      "beforeHooks": [],
      "afterHooks": [],
      "tests": [],
      "suites": [
        {
          "uuid": "e3c77c38-656e-4c7d-a172-548ea4603780",
          "title": "AT Brandsite Automation Suite II",
          "fullFile": "",
          "file": "",
          "beforeHooks": [],
          "afterHooks": [],
          "tests": [
            {
              "title": "AT Brandsite Sanity II Menu Links",
              "fullTitle": "AT Brandsite Automation Suite II AT Brandsite Sanity II Menu Links",
              "timedOut": null,
              "duration": 0,
              "state": "pending",
              "speed": null,
              "pass": false,
              "fail": false,
              "pending": false,
              "context": null,
              "code": "const path = 'https://www.arcanetinmen.com';\ncy.get('ul[id=\"menu-header\"]>li').each(el => {\n  cy.url().then($url => {\n    if ($url.includes(path)) {\n      cy.wrap(el).click();\n      console.log(cy.url());\n    } else {\n      cy.go(\"back\");\n      cy.break;\n    }\n  });\n});",
              "err": {},
              "uuid": "16fda0c4-1b6b-4e6a-b82f-226c4627dd11",
              "parentUUID": "e3c77c38-656e-4c7d-a172-548ea4603780",
              "isHook": false,
              "skipped": true
            }
          ],
          "suites": [],
          "passes": [],
          "failures": [],
          "pending": [],
          "skipped": [
            "16fda0c4-1b6b-4e6a-b82f-226c4627dd11"
          ],
          "duration": 0,
          "root": false,
          "rootEmpty": false,
          "_timeout": 2000
        }
      ],
      "passes": [],
      "failures": [],
      "pending": [],
      "skipped": [],
      "duration": 0,
      "root": true,
      "rootEmpty": true,
      "_timeout": 2000
    },
    {
      "uuid": "1f4cc4eb-67b0-4e72-8fcd-336ea7c65862",
      "title": "",
      "fullFile": "cypress\\TestArcanetinmen\\TestCheckoutEU.specs.js",
      "file": "cypress\\TestArcanetinmen\\TestCheckoutEU.specs.js",
      "beforeHooks": [],
      "afterHooks": [],
      "tests": [],
      "suites": [
        {
          "uuid": "f7e9aa99-25ea-4d4e-b360-1c9d68495ef3",
          "title": "DS Checkou EU Demo I",
          "fullFile": "",
          "file": "",
          "beforeHooks": [],
          "afterHooks": [],
          "tests": [
            {
              "title": "Webshop EU Checkout",
              "fullTitle": "DS Checkou EU Demo I Webshop EU Checkout",
              "timedOut": null,
              "duration": 0,
              "state": "pending",
              "speed": null,
              "pass": false,
              "fail": false,
              "pending": false,
              "context": null,
              "code": "cy.get('.ti-user').click();\ncy.contains('Sign in/Register').click({\n  force: true\n});\ncy.wait(10000);\ncy.get('#Email').type('sonamk1@beckett.com');\ncy.get('#Password').type('Test@1234');\ncy.get('.btn').click();\ncy.get('.header-top').contains('Solid Color Sleeves').click();\ncy.get('a[class=\"category-sub-link\"]').should('be.visible');\ncy.get('a[class=\"category-sub-link\"]').contains('Standard Size').click();\ncy.get('a[class=\"category-sub-link\"]').contains('Classic 100').click({\n  force: true\n});\nfor (var i = 1; i <= 4; i++) {\n  const product = `:nth-child(${i}) > .product-miniature > .thumbnail-container > .product-image > .functional-buttons`;\n  cy.get(product).trigger('onmouseover').invoke('show').find('button').click({\n    force: true\n  }); //products add\n  cy.wait(5000);\n  cy.get('#blockcart-modal > .modal-dialog > .modal-content > .modal-header > .close').click({\n    force: true\n  }).wait(2000);\n} // cy.get('.add-to-cart').invoke('show').click({ multiple: true, force: true });\n//cy.get('#blockcart-modal > .modal-dialog > .modal-content > .modal-header > .close').click({force:true})\n\ncy.get('a > .ti-bag').click();\ncy.contains('View Cart').click();\ncy.contains('Proceed to checkout').click();\ncy.wait(10000);\n/* cy.get('body')\n.children(':contains(My Address), :contains(First name)')  // only one is on the page\n.invoke('text')\n.then(labelText => {\n \n     if (labelText.trim() === 'My Address'.should('be.visible')) {\n       cy.contains('Continue').click();\n     }  */\ncy.get('body').then($body => {\n  if ($body.text().includes('My Address')) {\n    cy.get('button[name=\"confirm-addresses\"]').scrollIntoView().click({\n      force: true\n    });\n  } else {\n    cy.contains('First name').should('be.visible');\n    cy.get(':nth-child(6) > .col-md-6 > .form-control').type('Dosseringen 94');\n    cy.get('.iti__arrow').click();\n    cy.get('#iti-0__item-dk').click();\n    cy.get('.iti > .form-control').type('22 65 88 92');\n    cy.get(':nth-child(9) > .col-md-6 > .form-control').type('Store Heddinge');\n    cy.get(':nth-child(10) > .col-md-6 > .form-control').type('4660');\n    cy.get(':nth-child(11) > .col-md-6 > .form-control').select('Denmark').should('have.value', '20');\n    cy.wait(2000);\n    cy.get('select[name=\"id_state\"]').select('Sjælland').should('have.value', '474');\n    cy.get('.form-footer > .continue').click();\n  }\n});\ncy.get('button').contains('Continue Payment').click();\ncy.get('.display-promo > .collapse-button').click();\ncy.get('.promo-input').type('testaws');\ncy.get('form > .btn > span').click();",
              "err": {},
              "uuid": "dc1d9851-c00a-48c7-be67-6473c2bb687c",
              "parentUUID": "f7e9aa99-25ea-4d4e-b360-1c9d68495ef3",
              "isHook": false,
              "skipped": true
            }
          ],
          "suites": [],
          "passes": [],
          "failures": [],
          "pending": [],
          "skipped": [
            "dc1d9851-c00a-48c7-be67-6473c2bb687c"
          ],
          "duration": 0,
          "root": false,
          "rootEmpty": false,
          "_timeout": 2000
        }
      ],
      "passes": [],
      "failures": [],
      "pending": [],
      "skipped": [],
      "duration": 0,
      "root": true,
      "rootEmpty": true,
      "_timeout": 2000
    },
    {
      "uuid": "674db790-32ac-4772-8d97-9ae436ee6878",
      "title": "",
      "fullFile": "cypress\\TestArcanetinmen\\TestContactForm.specs.js",
      "file": "cypress\\TestArcanetinmen\\TestContactForm.specs.js",
      "beforeHooks": [],
      "afterHooks": [],
      "tests": [],
      "suites": [
        {
          "uuid": "2f5f476c-5041-464e-a7a4-650772d827a2",
          "title": "AT Brandsite Automation Suite III",
          "fullFile": "",
          "file": "",
          "beforeHooks": [],
          "afterHooks": [],
          "tests": [
            {
              "title": "AT Brandsite Sanity Contact Form",
              "fullTitle": "AT Brandsite Automation Suite III AT Brandsite Sanity Contact Form",
              "timedOut": null,
              "duration": 0,
              "state": "pending",
              "speed": null,
              "pass": false,
              "fail": false,
              "pending": false,
              "context": null,
              "code": "cy.get('a').contains('About & Contact').click();\ncy.get('input[name=\"your-name\"]').type('Test Name');\ncy.get('input[name=\"your-email\"]').type('Test@yopmail.com');\ncy.get('input[name=\"your-company\"]').type('Test Subject');\ncy.get('select').select(1);\ncy.get('textarea[name=\"your-message\"]').type('Test Subject');\ncy.get('iframe').first().its('0.contentDocument.body').should('not.be.undefined').and('not.be.empty').then(cy.wrap).find('#recaptcha-anchor').should('be.visible').click();\ncy.wait(50000);\ncy.get('input[type=\"submit\"]').click();\ncy.contains('Thank you for your message. It has been sent.').should('be.visible');\ncy.screenshot();",
              "err": {},
              "uuid": "23573a23-0ceb-49c1-b478-cbfc4e30b2e4",
              "parentUUID": "2f5f476c-5041-464e-a7a4-650772d827a2",
              "isHook": false,
              "skipped": true
            }
          ],
          "suites": [],
          "passes": [],
          "failures": [],
          "pending": [],
          "skipped": [
            "23573a23-0ceb-49c1-b478-cbfc4e30b2e4"
          ],
          "duration": 0,
          "root": false,
          "rootEmpty": false,
          "_timeout": 2000
        }
      ],
      "passes": [],
      "failures": [],
      "pending": [],
      "skipped": [],
      "duration": 0,
      "root": true,
      "rootEmpty": true,
      "_timeout": 2000
    },
    {
      "uuid": "84c5b562-f80a-4ce4-822a-920cc829320e",
      "title": "",
      "fullFile": "cypress\\TestArcanetinmen\\TestGuestUserCheckout.specs.js",
      "file": "cypress\\TestArcanetinmen\\TestGuestUserCheckout.specs.js",
      "beforeHooks": [],
      "afterHooks": [],
      "tests": [],
      "suites": [
        {
          "uuid": "2bd6b204-f77b-41ad-8141-200535a23cef",
          "title": "DS Checkout EU Demo II",
          "fullFile": "",
          "file": "",
          "beforeHooks": [],
          "afterHooks": [],
          "tests": [
            {
              "title": "Webshop EU Guest Checkout",
              "fullTitle": "DS Checkout EU Demo II Webshop EU Guest Checkout",
              "timedOut": null,
              "duration": 0,
              "state": "pending",
              "speed": null,
              "pass": false,
              "fail": false,
              "pending": false,
              "context": null,
              "code": "cy.clearCookies();\ncy.get('.header-top').contains('Solid Color Sleeves').click();\ncy.get('a[class=\"category-sub-link\"]').should('be.visible');\ncy.get('a[class=\"category-sub-link\"]').contains('Standard Size').click();\ncy.get('a[class=\"category-sub-link\"]').contains('Classic 100').click({\n  force: true\n});\nfor (var i = 1; i <= 4; i++) {\n  const product = `:nth-child(${i}) > .product-miniature > .thumbnail-container > .product-image > .functional-buttons`;\n  cy.get(product).trigger('onmouseover').invoke('show').find('button').click({\n    force: true\n  }); //products add\n  cy.wait(5000);\n  cy.get('#blockcart-modal > .modal-dialog > .modal-content > .modal-header > .close').click({\n    force: true\n  }).wait(2000);\n}\ncy.get('a > .ti-bag').click({\n  force: true\n});\ncy.wait(5000);\ncy.contains('Checkout').click({\n  force: true\n});\ncy.get(':nth-child(1) > .col-md-6 > .form-control').type('Anjali');\ncy.get('#customer-form > section > :nth-child(2) > .col-md-6 > .form-control').type('upadhyay');\ncy.get(':nth-child(3) > .col-md-6 > .form-control').type('test@133.com');\ncy.get('.iti__arrow').click();\ncy.get('#iti-0__item-dk').click();\ncy.get('.iti > .form-control').type('22 65 88 92');\ncy.get('[type=\"checkbox\"]').check({\n  force: true\n});\ncy.get('button').contains('Continue').eq(0).click();\ncy.get(':nth-child(6) > .col-md-6 > .form-control').type('Dosseringen 94');\ncy.get('.iti__arrow').click();\ncy.get('#iti-0__item-dk').click();\ncy.get('.iti > .form-control').type('22 65 88 92');\ncy.get(':nth-child(9) > .col-md-6 > .form-control').type('Store Heddinge');\ncy.get(':nth-child(10) > .col-md-6 > .form-control').type('4660');\ncy.get(':nth-child(11) > .col-md-6 > .form-control').select('Denmark').should('have.value', '20');\ncy.wait(2000);\ncy.get('select[name=\"id_state\"]').select('Sjælland').should('have.value', '474');\ncy.get('[type=\"checkbox\"]').check({\n  force: true\n});\ncy.get('.form-footer > .continue').eq(1).click({\n  force: true\n});\ncy.wait(2000);\ncy.get('.display-promo > .collapse-button').click();\ncy.get('.promo-input').type('testaws');\ncy.get('.form-footer > .continue').eq(2).click({\n  force: true\n});\ncy.wait(2000);\ncy.get('button').contains('Continue Payment').click({\n  force: true\n});\ncy.get('.display-promo > .collapse-button').click();\ncy.get('.promo-input').type('testaws');\ncy.get('form > .btn > span').click();",
              "err": {},
              "uuid": "cbaac98a-0c9e-4512-a451-38aa4fdd00b9",
              "parentUUID": "2bd6b204-f77b-41ad-8141-200535a23cef",
              "isHook": false,
              "skipped": true
            }
          ],
          "suites": [],
          "passes": [],
          "failures": [],
          "pending": [],
          "skipped": [
            "cbaac98a-0c9e-4512-a451-38aa4fdd00b9"
          ],
          "duration": 0,
          "root": false,
          "rootEmpty": false,
          "_timeout": 2000
        }
      ],
      "passes": [],
      "failures": [],
      "pending": [],
      "skipped": [],
      "duration": 0,
      "root": true,
      "rootEmpty": true,
      "_timeout": 2000
    },
    {
      "uuid": "00c14f09-4314-45e2-a9f9-5c1678ab8993",
      "title": "",
      "fullFile": "cypress\\TestArcanetinmen\\TestOurProducts.specs.js",
      "file": "cypress\\TestArcanetinmen\\TestOurProducts.specs.js",
      "beforeHooks": [],
      "afterHooks": [],
      "tests": [],
      "suites": [
        {
          "uuid": "6db2537d-b213-4a33-8ddb-6561d4c46e81",
          "title": "AT Brandsite Automation Suite IV",
          "fullFile": "",
          "file": "",
          "beforeHooks": [],
          "afterHooks": [],
          "tests": [
            {
              "title": "AT Brandsite Sanity I Middle links",
              "fullTitle": "AT Brandsite Automation Suite IV AT Brandsite Sanity I Middle links",
              "timedOut": null,
              "duration": 0,
              "state": "pending",
              "speed": null,
              "pass": false,
              "fail": false,
              "pending": false,
              "context": null,
              "code": "const path = 'https://www.arcanetinmen.com';\ncy.get('a[class=\"main-link\"]').each(el => {\n  cy.url().then($url => {\n    if ($url.includes(path)) {\n      cy.wrap(el).click({\n        force: true\n      });\n      console.log(cy.url());\n      cy.break;\n    }\n  });\n});",
              "err": {},
              "uuid": "731bcf20-d4b4-4893-9ad9-75529f7a1664",
              "parentUUID": "6db2537d-b213-4a33-8ddb-6561d4c46e81",
              "isHook": false,
              "skipped": true
            }
          ],
          "suites": [],
          "passes": [],
          "failures": [],
          "pending": [],
          "skipped": [
            "731bcf20-d4b4-4893-9ad9-75529f7a1664"
          ],
          "duration": 0,
          "root": false,
          "rootEmpty": false,
          "_timeout": 2000
        }
      ],
      "passes": [],
      "failures": [],
      "pending": [],
      "skipped": [],
      "duration": 0,
      "root": true,
      "rootEmpty": true,
      "_timeout": 2000
    },
    {
      "uuid": "458573b3-7553-4d86-8373-dd8269fcfbae",
      "title": "",
      "fullFile": "cypress\\TestArcanetinmen\\TestSliderReadMore.spec.js",
      "file": "cypress\\TestArcanetinmen\\TestSliderReadMore.spec.js",
      "beforeHooks": [],
      "afterHooks": [],
      "tests": [],
      "suites": [
        {
          "uuid": "58b8b7ca-4c12-4471-8021-f4d51d834dea",
          "title": "AT Brandsite Automation Suite V",
          "fullFile": "",
          "file": "",
          "beforeHooks": [],
          "afterHooks": [],
          "tests": [
            {
              "title": "AT Brandsite Sanity II Read More",
              "fullTitle": "AT Brandsite Automation Suite V AT Brandsite Sanity II Read More",
              "timedOut": null,
              "duration": 0,
              "state": "pending",
              "speed": null,
              "pass": false,
              "fail": false,
              "pending": false,
              "context": null,
              "code": "cy.get('a').contains(\"Read more\").click(), cy.log(cy.url());",
              "err": {},
              "uuid": "a10139de-4c0b-4da7-8940-1c004208af57",
              "parentUUID": "58b8b7ca-4c12-4471-8021-f4d51d834dea",
              "isHook": false,
              "skipped": true
            }
          ],
          "suites": [],
          "passes": [],
          "failures": [],
          "pending": [],
          "skipped": [
            "a10139de-4c0b-4da7-8940-1c004208af57"
          ],
          "duration": 0,
          "root": false,
          "rootEmpty": false,
          "_timeout": 2000
        }
      ],
      "passes": [],
      "failures": [],
      "pending": [],
      "skipped": [],
      "duration": 0,
      "root": true,
      "rootEmpty": true,
      "_timeout": 2000
    },
    {
      "uuid": "6f4e57f9-1c58-4cc0-a0b1-eb9eff379def",
      "title": "",
      "fullFile": "cypress\\TestArcanetinmen\\DSWebshopForgotPasswword.specs.js",
      "file": "cypress\\TestArcanetinmen\\DSWebshopForgotPasswword.specs.js",
      "beforeHooks": [],
      "afterHooks": [],
      "tests": [],
      "suites": [
        {
          "uuid": "c5ff2595-eafc-4ea6-a98a-4ae37c4edf95",
          "title": "forget password",
          "fullFile": "",
          "file": "",
          "beforeHooks": [],
          "afterHooks": [],
          "tests": [
            {
              "title": "Forgot password screen",
              "fullTitle": "forget password Forgot password screen",
              "timedOut": null,
              "duration": 0,
              "state": "pending",
              "speed": null,
              "pass": false,
              "fail": false,
              "pending": true,
              "context": null,
              "code": "",
              "err": {},
              "uuid": "f173a99a-b9e1-4566-8fe9-cc1d53a57978",
              "parentUUID": "c5ff2595-eafc-4ea6-a98a-4ae37c4edf95",
              "isHook": false,
              "skipped": false
            },
            {
              "title": "Gets Password Reset email from Mailosaur",
              "fullTitle": "forget password Gets Password Reset email from Mailosaur",
              "timedOut": null,
              "duration": 0,
              "state": "pending",
              "speed": null,
              "pass": false,
              "fail": false,
              "pending": true,
              "context": null,
              "code": "",
              "err": {},
              "uuid": "4f4605fb-36a0-4ea4-b6f1-d9ea98d46738",
              "parentUUID": "c5ff2595-eafc-4ea6-a98a-4ae37c4edf95",
              "isHook": false,
              "skipped": false
            }
          ],
          "suites": [],
          "passes": [],
          "failures": [],
          "pending": [
            "f173a99a-b9e1-4566-8fe9-cc1d53a57978",
            "4f4605fb-36a0-4ea4-b6f1-d9ea98d46738"
          ],
          "skipped": [],
          "duration": 0,
          "root": false,
          "rootEmpty": false,
          "_timeout": 2000
        }
      ],
      "passes": [],
      "failures": [],
      "pending": [],
      "skipped": [],
      "duration": 0,
      "root": true,
      "rootEmpty": true,
      "_timeout": 2000
    }
  ],
  "meta": {
    "mocha": {
      "version": "7.0.1"
    },
    "mochawesome": {
      "options": {
        "quiet": false,
        "reportFilename": "mochawesome",
        "saveHtml": false,
        "saveJson": true,
        "consoleReporter": "spec",
        "useInlineDiffs": false,
        "code": true
      },
      "version": "7.1.3"
    },
    "marge": {
      "options": {
        "reporterEnabled": "mochawesome",
        "mochawesomeReporteroptions": {
          "charts": "true",
          "reportDir": "cypress/reports/mochawesome-report",
          "reportFilename": "report",
          "overwrite": false,
          "html": true,
          "json": true,
          "quiet": true
        },
        "overwrite": false,
        "html": false,
        "json": true,
        "reportDir": "cypress\\reports\\html\\.jsons"
      },
      "version": "6.2.0"
    }
  }
}