{
  "stats": {
    "suites": 1,
    "tests": 1,
    "passes": 0,
    "pending": 0,
    "failures": 1,
    "start": "2022-10-02T19:56:08.401Z",
    "end": "2022-10-02T19:58:28.211Z",
    "duration": 139810,
    "testsRegistered": 1,
    "passPercent": 0,
    "pendingPercent": 0,
    "other": 0,
    "hasOther": false,
    "skipped": 0,
    "hasSkipped": false
  },
  "results": [
    {
      "uuid": "54bb72ef-5cdf-4fe8-ad62-094d81648655",
      "title": "",
      "fullFile": "cypress\\TestArcanetinmen\\DSWebshopMyAccountOrderdetails.specs.js",
      "file": "cypress\\TestArcanetinmen\\DSWebshopMyAccountOrderdetails.specs.js",
      "beforeHooks": [],
      "afterHooks": [],
      "tests": [],
      "suites": [
        {
          "uuid": "d658ee56-36de-4f2a-8ffd-50b2373f196d",
          "title": "Navigate to My Account_Order Details",
          "fullFile": "",
          "file": "",
          "beforeHooks": [],
          "afterHooks": [],
          "tests": [
            {
              "title": "Order details and History Management",
              "fullTitle": "Navigate to My Account_Order Details Order details and History Management",
              "timedOut": null,
              "duration": 139547,
              "state": "failed",
              "speed": null,
              "pass": false,
              "fail": true,
              "pending": false,
              "context": "\"assets/DSWebshopMyAccountOrderdetails.specs.js/Navigate to My Account_Order Details --       Order details and History Management (failed).png\"",
              "code": "cy.get('span[class=\"link-item\"]').contains('Order history and details').click();\ncy.get('tbody').each(($el, index, $list) => {\n  // grabbing all text from second column\n  const txt = $el.text();\n  console.log(txt); // checking the matching condition\n  if (txt.includes('Sleeve Crafter')) {\n    // capturing the next sibling with the help of next() method\n    for (var i = 1; i <= 10; i++) {\n      console.log(i);\n      const product = `tbody > :nth-child(${i}) > :nth-child(${i})`;\n      cy.get(product).eq(index).next().then(function (desc) {\n        // capturing the text of next sibling\n        const rsl = desc.text();\n        console.log(rsl); //assertion to verify the text\n        cy.contains(\"Details\").each(el => {\n          cy.wrap(el).click();\n          console.log(cy.url());\n          cy.go('back');\n        });\n      });\n    }\n  }\n});",
              "err": {
                "message": "AssertionError: Timed out retrying after 4000ms: Expected to find element: ``, but never found it. Queried from element: <td.text-sm-center.order-actions>",
                "estack": "AssertionError: Timed out retrying after 4000ms: Expected to find element: ``, but never found it. Queried from element: <td.text-sm-center.order-actions>\n    at Context.eval (webpack:///./cypress/TestArcanetinmen/DSWebshopMyAccountOrderdetails.specs.js:31:29)",
                "diff": null
              },
              "uuid": "48e520d4-9b2b-4917-a42a-1be450f9f3c9",
              "parentUUID": "d658ee56-36de-4f2a-8ffd-50b2373f196d",
              "isHook": false,
              "skipped": false
            }
          ],
          "suites": [],
          "passes": [],
          "failures": [
            "48e520d4-9b2b-4917-a42a-1be450f9f3c9"
          ],
          "pending": [],
          "skipped": [],
          "duration": 139547,
          "root": false,
          "rootEmpty": false,
          "_timeout": 2000
        }
      ],
      "passes": [],
      "failures": [],
      "pending": [],
      "skipped": [],
      "duration": 0,
      "root": true,
      "rootEmpty": true,
      "_timeout": 2000
    }
  ],
  "meta": {
    "mocha": {
      "version": "7.0.1"
    },
    "mochawesome": {
      "options": {
        "quiet": false,
        "reportFilename": "mochawesome",
        "saveHtml": false,
        "saveJson": true,
        "consoleReporter": "spec",
        "useInlineDiffs": false,
        "code": true
      },
      "version": "7.1.3"
    },
    "marge": {
      "options": {
        "reporterEnabled": "mochawesome",
        "mochawesomeReporteroptions": {
          "charts": "true",
          "reportDir": "cypress/reports/mochawesome-report",
          "reportFilename": "report",
          "overwrite": false,
          "html": true,
          "json": true,
          "quiet": true
        },
        "overwrite": false,
        "html": false,
        "json": true,
        "reportDir": "cypress\\reports\\html\\.jsons"
      },
      "version": "6.2.0"
    }
  }
}