{
  "stats": {
    "suites": 1,
    "tests": 1,
    "passes": 0,
    "pending": 1,
    "failures": 0,
    "start": "2022-11-15T18:40:30.657Z",
    "end": "2022-11-15T18:40:30.724Z",
    "duration": 67,
    "testsRegistered": 1,
    "passPercent": null,
    "pendingPercent": 100,
    "other": 0,
    "hasOther": false,
    "skipped": 1,
    "hasSkipped": true
  },
  "results": [
    {
      "uuid": "84c5b562-f80a-4ce4-822a-920cc829320e",
      "title": "",
      "fullFile": "cypress\\TestArcanetinmen\\TestGuestUserCheckout.specs.js",
      "file": "cypress\\TestArcanetinmen\\TestGuestUserCheckout.specs.js",
      "beforeHooks": [],
      "afterHooks": [],
      "tests": [],
      "suites": [
        {
          "uuid": "2bd6b204-f77b-41ad-8141-200535a23cef",
          "title": "DS Checkout EU Demo II",
          "fullFile": "",
          "file": "",
          "beforeHooks": [],
          "afterHooks": [],
          "tests": [
            {
              "title": "Webshop EU Guest Checkout",
              "fullTitle": "DS Checkout EU Demo II Webshop EU Guest Checkout",
              "timedOut": null,
              "duration": 0,
              "state": "pending",
              "speed": null,
              "pass": false,
              "fail": false,
              "pending": false,
              "context": null,
              "code": "cy.clearCookies();\ncy.get('.header-top').contains('Solid Color Sleeves').click();\ncy.get('a[class=\"category-sub-link\"]').should('be.visible');\ncy.get('a[class=\"category-sub-link\"]').contains('Standard Size').click();\ncy.get('a[class=\"category-sub-link\"]').contains('Classic 100').click({\n  force: true\n});\nfor (var i = 1; i <= 4; i++) {\n  const product = `:nth-child(${i}) > .product-miniature > .thumbnail-container > .product-image > .functional-buttons`;\n  cy.get(product).trigger('onmouseover').invoke('show').find('button').click({\n    force: true\n  }); //products add\n  cy.wait(5000);\n  cy.get('#blockcart-modal > .modal-dialog > .modal-content > .modal-header > .close').click({\n    force: true\n  }).wait(2000);\n}\ncy.get('a > .ti-bag').click({\n  force: true\n});\ncy.wait(5000);\ncy.contains('Checkout').click({\n  force: true\n});\ncy.get(':nth-child(1) > .col-md-6 > .form-control').type('Anjali');\ncy.get('#customer-form > section > :nth-child(2) > .col-md-6 > .form-control').type('upadhyay');\ncy.get(':nth-child(3) > .col-md-6 > .form-control').type('test@133.com');\ncy.get('.iti__arrow').click();\ncy.get('#iti-0__item-dk').click();\ncy.get('.iti > .form-control').type('22 65 88 92');\ncy.get('[type=\"checkbox\"]').check({\n  force: true\n});\ncy.get('button').contains('Continue').eq(0).click();\ncy.get(':nth-child(6) > .col-md-6 > .form-control').type('Dosseringen 94');\ncy.get('.iti__arrow').click();\ncy.get('#iti-0__item-dk').click();\ncy.get('.iti > .form-control').type('22 65 88 92');\ncy.get(':nth-child(9) > .col-md-6 > .form-control').type('Store Heddinge');\ncy.get(':nth-child(10) > .col-md-6 > .form-control').type('4660');\ncy.get(':nth-child(11) > .col-md-6 > .form-control').select('Denmark').should('have.value', '20');\ncy.wait(2000);\ncy.get('select[name=\"id_state\"]').select('Sjælland').should('have.value', '474');\ncy.get('[type=\"checkbox\"]').check({\n  force: true\n});\ncy.get('.form-footer > .continue').eq(1).click({\n  force: true\n});\ncy.wait(2000);\ncy.get('.display-promo > .collapse-button').click();\ncy.get('.promo-input').type('testaws');\ncy.get('.form-footer > .continue').eq(2).click({\n  force: true\n});\ncy.wait(2000);\ncy.get('button').contains('Continue Payment').click({\n  force: true\n});\ncy.get('.display-promo > .collapse-button').click();\ncy.get('.promo-input').type('testaws');\ncy.get('form > .btn > span').click();",
              "err": {},
              "uuid": "cbaac98a-0c9e-4512-a451-38aa4fdd00b9",
              "parentUUID": "2bd6b204-f77b-41ad-8141-200535a23cef",
              "isHook": false,
              "skipped": true
            }
          ],
          "suites": [],
          "passes": [],
          "failures": [],
          "pending": [],
          "skipped": [
            "cbaac98a-0c9e-4512-a451-38aa4fdd00b9"
          ],
          "duration": 0,
          "root": false,
          "rootEmpty": false,
          "_timeout": 2000
        }
      ],
      "passes": [],
      "failures": [],
      "pending": [],
      "skipped": [],
      "duration": 0,
      "root": true,
      "rootEmpty": true,
      "_timeout": 2000
    }
  ],
  "meta": {
    "mocha": {
      "version": "7.0.1"
    },
    "mochawesome": {
      "options": {
        "quiet": false,
        "reportFilename": "mochawesome",
        "saveHtml": false,
        "saveJson": true,
        "consoleReporter": "spec",
        "useInlineDiffs": false,
        "code": true
      },
      "version": "7.1.3"
    },
    "marge": {
      "options": {
        "reporterEnabled": "mochawesome",
        "mochawesomeReporteroptions": {
          "charts": "true",
          "reportDir": "cypress/reports/mochawesome-report",
          "reportFilename": "report",
          "overwrite": false,
          "html": true,
          "json": true,
          "quiet": true
        },
        "overwrite": false,
        "html": false,
        "json": true,
        "reportDir": "cypress\\reports\\html\\.jsons"
      },
      "version": "6.2.0"
    }
  }
}