{
  "stats": {
    "suites": 1,
    "tests": 1,
    "passes": 0,
    "pending": 1,
    "failures": 0,
    "start": "2022-11-15T18:40:18.224Z",
    "end": "2022-11-15T18:40:18.284Z",
    "duration": 60,
    "testsRegistered": 1,
    "passPercent": null,
    "pendingPercent": 100,
    "other": 0,
    "hasOther": false,
    "skipped": 1,
    "hasSkipped": true
  },
  "results": [
    {
      "uuid": "1f4cc4eb-67b0-4e72-8fcd-336ea7c65862",
      "title": "",
      "fullFile": "cypress\\TestArcanetinmen\\TestCheckoutEU.specs.js",
      "file": "cypress\\TestArcanetinmen\\TestCheckoutEU.specs.js",
      "beforeHooks": [],
      "afterHooks": [],
      "tests": [],
      "suites": [
        {
          "uuid": "f7e9aa99-25ea-4d4e-b360-1c9d68495ef3",
          "title": "DS Checkou EU Demo I",
          "fullFile": "",
          "file": "",
          "beforeHooks": [],
          "afterHooks": [],
          "tests": [
            {
              "title": "Webshop EU Checkout",
              "fullTitle": "DS Checkou EU Demo I Webshop EU Checkout",
              "timedOut": null,
              "duration": 0,
              "state": "pending",
              "speed": null,
              "pass": false,
              "fail": false,
              "pending": false,
              "context": null,
              "code": "cy.get('.ti-user').click();\ncy.contains('Sign in/Register').click({\n  force: true\n});\ncy.wait(10000);\ncy.get('#Email').type('sonamk1@beckett.com');\ncy.get('#Password').type('Test@1234');\ncy.get('.btn').click();\ncy.get('.header-top').contains('Solid Color Sleeves').click();\ncy.get('a[class=\"category-sub-link\"]').should('be.visible');\ncy.get('a[class=\"category-sub-link\"]').contains('Standard Size').click();\ncy.get('a[class=\"category-sub-link\"]').contains('Classic 100').click({\n  force: true\n});\nfor (var i = 1; i <= 4; i++) {\n  const product = `:nth-child(${i}) > .product-miniature > .thumbnail-container > .product-image > .functional-buttons`;\n  cy.get(product).trigger('onmouseover').invoke('show').find('button').click({\n    force: true\n  }); //products add\n  cy.wait(5000);\n  cy.get('#blockcart-modal > .modal-dialog > .modal-content > .modal-header > .close').click({\n    force: true\n  }).wait(2000);\n} // cy.get('.add-to-cart').invoke('show').click({ multiple: true, force: true });\n//cy.get('#blockcart-modal > .modal-dialog > .modal-content > .modal-header > .close').click({force:true})\n\ncy.get('a > .ti-bag').click();\ncy.contains('View Cart').click();\ncy.contains('Proceed to checkout').click();\ncy.wait(10000);\n/* cy.get('body')\n.children(':contains(My Address), :contains(First name)')  // only one is on the page\n.invoke('text')\n.then(labelText => {\n \n     if (labelText.trim() === 'My Address'.should('be.visible')) {\n       cy.contains('Continue').click();\n     }  */\ncy.get('body').then($body => {\n  if ($body.text().includes('My Address')) {\n    cy.get('button[name=\"confirm-addresses\"]').scrollIntoView().click({\n      force: true\n    });\n  } else {\n    cy.contains('First name').should('be.visible');\n    cy.get(':nth-child(6) > .col-md-6 > .form-control').type('Dosseringen 94');\n    cy.get('.iti__arrow').click();\n    cy.get('#iti-0__item-dk').click();\n    cy.get('.iti > .form-control').type('22 65 88 92');\n    cy.get(':nth-child(9) > .col-md-6 > .form-control').type('Store Heddinge');\n    cy.get(':nth-child(10) > .col-md-6 > .form-control').type('4660');\n    cy.get(':nth-child(11) > .col-md-6 > .form-control').select('Denmark').should('have.value', '20');\n    cy.wait(2000);\n    cy.get('select[name=\"id_state\"]').select('Sjælland').should('have.value', '474');\n    cy.get('.form-footer > .continue').click();\n  }\n});\ncy.get('button').contains('Continue Payment').click();\ncy.get('.display-promo > .collapse-button').click();\ncy.get('.promo-input').type('testaws');\ncy.get('form > .btn > span').click();",
              "err": {},
              "uuid": "dc1d9851-c00a-48c7-be67-6473c2bb687c",
              "parentUUID": "f7e9aa99-25ea-4d4e-b360-1c9d68495ef3",
              "isHook": false,
              "skipped": true
            }
          ],
          "suites": [],
          "passes": [],
          "failures": [],
          "pending": [],
          "skipped": [
            "dc1d9851-c00a-48c7-be67-6473c2bb687c"
          ],
          "duration": 0,
          "root": false,
          "rootEmpty": false,
          "_timeout": 2000
        }
      ],
      "passes": [],
      "failures": [],
      "pending": [],
      "skipped": [],
      "duration": 0,
      "root": true,
      "rootEmpty": true,
      "_timeout": 2000
    }
  ],
  "meta": {
    "mocha": {
      "version": "7.0.1"
    },
    "mochawesome": {
      "options": {
        "quiet": false,
        "reportFilename": "mochawesome",
        "saveHtml": false,
        "saveJson": true,
        "consoleReporter": "spec",
        "useInlineDiffs": false,
        "code": true
      },
      "version": "7.1.3"
    },
    "marge": {
      "options": {
        "reporterEnabled": "mochawesome",
        "mochawesomeReporteroptions": {
          "charts": "true",
          "reportDir": "cypress/reports/mochawesome-report",
          "reportFilename": "report",
          "overwrite": false,
          "html": true,
          "json": true,
          "quiet": true
        },
        "overwrite": false,
        "html": false,
        "json": true,
        "reportDir": "cypress\\reports\\html\\.jsons"
      },
      "version": "6.2.0"
    }
  }
}