{
  "stats": {
    "suites": 1,
    "tests": 1,
    "passes": 0,
    "pending": 1,
    "failures": 0,
    "start": "2023-01-05T09:14:33.569Z",
    "end": "2023-01-05T09:14:33.763Z",
    "duration": 194,
    "testsRegistered": 1,
    "passPercent": null,
    "pendingPercent": 100,
    "other": 0,
    "hasOther": false,
    "skipped": 1,
    "hasSkipped": true
  },
  "results": [
    {
      "uuid": "697da75a-528f-4dab-bce3-124608a24be8",
      "title": "",
      "fullFile": "cypress\\TestArcanetinmen\\DSWebshopMyAccountRewardPoints.specs.js",
      "file": "cypress\\TestArcanetinmen\\DSWebshopMyAccountRewardPoints.specs.js",
      "beforeHooks": [],
      "afterHooks": [],
      "tests": [],
      "suites": [
        {
          "uuid": "1477a3c1-abb3-4955-9ad3-76b2b289ea5d",
          "title": "Navigate to My Account_Rewards_History",
          "fullFile": "",
          "file": "",
          "beforeHooks": [],
          "afterHooks": [],
          "tests": [
            {
              "title": "Rewards Management",
              "fullTitle": "Navigate to My Account_Rewards_History Rewards Management",
              "timedOut": null,
              "duration": 0,
              "state": "pending",
              "speed": null,
              "pass": false,
              "fail": false,
              "pending": false,
              "context": null,
              "code": "const pagelength = \"ul>li>a\";\ncy.get('span[class=\"link-item\"]').contains('My rewards account').click();\n(0, _cypressRecurse.recurse)(() => cy.get('.next'), $button => $button.hasClass('disabled') == 'disabled', {\n  limit: pagelength.length,\n  log: false,\n  timeout: 20000,\n  delay: 500,\n  post() {\n    cy.log(\"start\");\n    cy.get('.next ').click();\n    cy.log(\"end\");\n  }\n});",
              "err": {},
              "uuid": "fa4988af-2b14-4e16-a72e-9eaa6e7301b3",
              "parentUUID": "1477a3c1-abb3-4955-9ad3-76b2b289ea5d",
              "isHook": false,
              "skipped": true
            }
          ],
          "suites": [],
          "passes": [],
          "failures": [],
          "pending": [],
          "skipped": [
            "fa4988af-2b14-4e16-a72e-9eaa6e7301b3"
          ],
          "duration": 0,
          "root": false,
          "rootEmpty": false,
          "_timeout": 2000
        }
      ],
      "passes": [],
      "failures": [],
      "pending": [],
      "skipped": [],
      "duration": 0,
      "root": true,
      "rootEmpty": true,
      "_timeout": 2000
    }
  ],
  "meta": {
    "mocha": {
      "version": "7.0.1"
    },
    "mochawesome": {
      "options": {
        "quiet": false,
        "reportFilename": "mochawesome",
        "saveHtml": false,
        "saveJson": true,
        "consoleReporter": "spec",
        "useInlineDiffs": false,
        "code": true
      },
      "version": "7.1.3"
    },
    "marge": {
      "options": {
        "reporterEnabled": "mochawesome",
        "mochawesomeReporteroptions": {
          "charts": "true",
          "reportDir": "cypress/reports/mochawesome-report",
          "reportFilename": "report",
          "overwrite": false,
          "html": true,
          "json": true,
          "quiet": true
        },
        "overwrite": false,
        "html": false,
        "json": true,
        "reportDir": "cypress\\reports\\html\\.jsons"
      },
      "version": "6.2.0"
    }
  }
}