{
  "stats": {
    "suites": 1,
    "tests": 1,
    "passes": 0,
    "pending": 2,
    "failures": -1,
    "start": "2023-01-05T09:13:45.473Z",
    "end": "2023-01-05T09:13:45.669Z",
    "duration": 196,
    "testsRegistered": 2,
    "passPercent": null,
    "pendingPercent": 100,
    "other": 1,
    "hasOther": true,
    "skipped": 2,
    "hasSkipped": true
  },
  "results": [
    {
      "uuid": "998ed91e-15c2-4aab-af47-4bcbf63258ad",
      "title": "",
      "fullFile": "cypress\\TestArcanetinmen\\DSWebshopForgotPasswword.specs.js",
      "file": "cypress\\TestArcanetinmen\\DSWebshopForgotPasswword.specs.js",
      "beforeHooks": [],
      "afterHooks": [],
      "tests": [],
      "suites": [
        {
          "uuid": "bf2779a1-401f-404f-8786-7a3736491fa7",
          "title": "forget password",
          "fullFile": "",
          "file": "",
          "beforeHooks": [],
          "afterHooks": [],
          "tests": [
            {
              "title": "Forgot password screen",
              "fullTitle": "forget password Forgot password screen",
              "timedOut": null,
              "duration": 0,
              "state": "pending",
              "speed": null,
              "pass": false,
              "fail": false,
              "pending": false,
              "context": null,
              "code": "forpwd.entermail().type(emaildata.email);\nforpwd.clickButton().click();\ncy.wait(100000);",
              "err": {},
              "uuid": "c21f0b2e-8f57-40a2-b93d-2b618b5c1d06",
              "parentUUID": "bf2779a1-401f-404f-8786-7a3736491fa7",
              "isHook": false,
              "skipped": true
            },
            {
              "title": "Gets Password Reset email from Mailosaur",
              "fullTitle": "forget password Gets Password Reset email from Mailosaur",
              "timedOut": null,
              "duration": 0,
              "state": "pending",
              "speed": null,
              "pass": false,
              "fail": false,
              "pending": false,
              "context": null,
              "code": "const serverId = 'qarraeah';\nconsole.log(emaildata.email);\ncy.mailosaurGetMessage(serverId, {\n  sentTo: emaildata.email\n}).then(email => {\n  console.log(email);\n  expect(email.subject).to.have.string('Reset your password');\n  var passwordResetLink = email.text.links[0].href;\n  console.log(passwordResetLink);\n  cy.visit(passwordResetLink, {\n    force: true\n  });\n});\nconst validPassword = _faker.faker.internet.password();\nconsole.log(validPassword);\ncy.contains('Reset your password').should('be.visible');\nforpwd.enterpassword().type(validPassword);\nforpwd.enterconfirmpassword().type(validPassword);\nforpwd.clickButton().click();\ncy.log(cy.url());\ncy.contains(\"Reset confirmed!\").should('be.visible');\ncy.get('.btn').click(); //   cy.visit(\"https://auth.dragonshield.com/Account/Login\");\nforpwd.entermail().type(emaildata.email);\nforpwd.enterpassword.type(validPassword);\nforpwd.clickButton().click();",
              "err": {},
              "uuid": "52d24706-a64b-4264-a7ee-d8e5a01a07b4",
              "parentUUID": "bf2779a1-401f-404f-8786-7a3736491fa7",
              "isHook": false,
              "skipped": true
            }
          ],
          "suites": [],
          "passes": [],
          "failures": [],
          "pending": [],
          "skipped": [
            "c21f0b2e-8f57-40a2-b93d-2b618b5c1d06",
            "52d24706-a64b-4264-a7ee-d8e5a01a07b4"
          ],
          "duration": 0,
          "root": false,
          "rootEmpty": false,
          "_timeout": 2000
        }
      ],
      "passes": [],
      "failures": [],
      "pending": [],
      "skipped": [],
      "duration": 0,
      "root": true,
      "rootEmpty": true,
      "_timeout": 2000
    }
  ],
  "meta": {
    "mocha": {
      "version": "7.0.1"
    },
    "mochawesome": {
      "options": {
        "quiet": false,
        "reportFilename": "mochawesome",
        "saveHtml": false,
        "saveJson": true,
        "consoleReporter": "spec",
        "useInlineDiffs": false,
        "code": true
      },
      "version": "7.1.3"
    },
    "marge": {
      "options": {
        "reporterEnabled": "mochawesome",
        "mochawesomeReporteroptions": {
          "charts": "true",
          "reportDir": "cypress/reports/mochawesome-report",
          "reportFilename": "report",
          "overwrite": false,
          "html": true,
          "json": true,
          "quiet": true
        },
        "overwrite": false,
        "html": false,
        "json": true,
        "reportDir": "cypress\\reports\\html\\.jsons"
      },
      "version": "6.2.0"
    }
  }
}