{
  "stats": {
    "suites": 1,
    "tests": 1,
    "passes": 0,
    "pending": 2,
    "failures": -1,
    "start": "2022-11-15T18:39:53.277Z",
    "end": "2022-11-15T18:39:53.345Z",
    "duration": 68,
    "testsRegistered": 2,
    "passPercent": null,
    "pendingPercent": 100,
    "other": 1,
    "hasOther": true,
    "skipped": 2,
    "hasSkipped": true
  },
  "results": [
    {
      "uuid": "9e614704-be7b-4995-ba73-c135a83b167d",
      "title": "",
      "fullFile": "cypress\\TestArcanetinmen\\DSWebshopUserRegistration.specs.js",
      "file": "cypress\\TestArcanetinmen\\DSWebshopUserRegistration.specs.js",
      "beforeHooks": [],
      "afterHooks": [],
      "tests": [],
      "suites": [
        {
          "uuid": "4ce8bc6e-79af-48b4-bbc8-f24998a2ac22",
          "title": "User registration",
          "fullFile": "",
          "file": "",
          "beforeHooks": [],
          "afterHooks": [],
          "tests": [
            {
              "title": "Register successfully done",
              "fullTitle": "User registration Register successfully done",
              "timedOut": null,
              "duration": 0,
              "state": "pending",
              "speed": null,
              "pass": false,
              "fail": false,
              "pending": false,
              "context": null,
              "code": "cy.visit('/webshop');\ncy.xpath(\"/html/body/div[1]/div/div[4]/div[1]/div[2]/button[4]\").click();\nuserreg.hoverusericon().trigger('mouseover', {\n  force: true\n});\nuserreg.clicksigninregister().click({\n  force: true\n});\nuserreg.register().click();\nuserreg.newemail().type(emailRandom);\nuserreg.newfname().type(nameRandomf);\nuserreg.newlname().type(nameRandoml);\nuserreg.pwd().type(randomPass);\nuserreg.cpwd().type(randomPass);\ncy.log(randomPass);\nuserreg.tnc().check({\n  force: true\n});\nuserreg.AcceptTC().check({\n  force: true\n});\nuserreg.submitnuser().click();\nuserreg.usersuccess().should(\"be.visible\");\ncy.wait(50000);",
              "err": {},
              "uuid": "f809326c-e27d-471a-9d38-0c64efe14283",
              "parentUUID": "4ce8bc6e-79af-48b4-bbc8-f24998a2ac22",
              "isHook": false,
              "skipped": true
            },
            {
              "title": "Account Activation Email",
              "fullTitle": "User registration Account Activation Email",
              "timedOut": null,
              "duration": 0,
              "state": "pending",
              "speed": null,
              "pass": false,
              "fail": false,
              "pending": false,
              "context": null,
              "code": "const serverId = 'qarraeah';\nconsole.log(emailRandom);\ncy.mailosaurSearchMessages(serverId, {\n  sentTo: emailRandom\n}).then(email => {\n  console.log(email.items[0]);\n  expect(email.items[0].from[0].email).to.have.string(\"@dragonshield.com\");\n  expect(email.items[0].from[0].email).to.have.string(\"info\");\n  expect(email.items[0].to[0].email).to.have.string(emailRandom.toLowerCase());\n  expect(email.items[0].subject).to.have.string('Activate your account');\n  console.log(\"Test Pass\");\n  cy.mailosaurGetMessageById(email.items[0].id).then(emailbody => {\n    console.log(emailbody);\n    var accountactlink = emailbody.html.links[0].href;\n    console.log(accountactlink);\n    cy.visit(accountactlink);\n  });\n  userreg.usersuccess1().should('be.visible');\n  cy.contains('EU Webshop').click();\n});",
              "err": {},
              "uuid": "7576f004-8ded-471a-af2a-70d01db34a48",
              "parentUUID": "4ce8bc6e-79af-48b4-bbc8-f24998a2ac22",
              "isHook": false,
              "skipped": true
            }
          ],
          "suites": [],
          "passes": [],
          "failures": [],
          "pending": [],
          "skipped": [
            "f809326c-e27d-471a-9d38-0c64efe14283",
            "7576f004-8ded-471a-af2a-70d01db34a48"
          ],
          "duration": 0,
          "root": false,
          "rootEmpty": false,
          "_timeout": 2000
        }
      ],
      "passes": [],
      "failures": [],
      "pending": [],
      "skipped": [],
      "duration": 0,
      "root": true,
      "rootEmpty": true,
      "_timeout": 2000
    }
  ],
  "meta": {
    "mocha": {
      "version": "7.0.1"
    },
    "mochawesome": {
      "options": {
        "quiet": false,
        "reportFilename": "mochawesome",
        "saveHtml": false,
        "saveJson": true,
        "consoleReporter": "spec",
        "useInlineDiffs": false,
        "code": true
      },
      "version": "7.1.3"
    },
    "marge": {
      "options": {
        "reporterEnabled": "mochawesome",
        "mochawesomeReporteroptions": {
          "charts": "true",
          "reportDir": "cypress/reports/mochawesome-report",
          "reportFilename": "report",
          "overwrite": false,
          "html": true,
          "json": true,
          "quiet": true
        },
        "overwrite": false,
        "html": false,
        "json": true,
        "reportDir": "cypress\\reports\\html\\.jsons"
      },
      "version": "6.2.0"
    }
  }
}