{
  "stats": {
    "suites": 1,
    "tests": 1,
    "passes": 0,
    "pending": 0,
    "failures": 1,
    "start": "2022-10-02T19:58:58.634Z",
    "end": "2022-10-02T20:00:09.455Z",
    "duration": 70821,
    "testsRegistered": 1,
    "passPercent": 0,
    "pendingPercent": 0,
    "other": 0,
    "hasOther": false,
    "skipped": 0,
    "hasSkipped": false
  },
  "results": [
    {
      "uuid": "22709fb5-31ab-491f-8547-c42c7a68fb54",
      "title": "",
      "fullFile": "cypress\\TestArcanetinmen\\DSWebshopMyAccountRewardPoints.specs.js",
      "file": "cypress\\TestArcanetinmen\\DSWebshopMyAccountRewardPoints.specs.js",
      "beforeHooks": [],
      "afterHooks": [],
      "tests": [],
      "suites": [
        {
          "uuid": "77b15619-5fe6-48d1-b017-259249e6252b",
          "title": "Navigate to My Account_Rewards_History",
          "fullFile": "",
          "file": "",
          "beforeHooks": [],
          "afterHooks": [],
          "tests": [
            {
              "title": "Rewards Management",
              "fullTitle": "Navigate to My Account_Rewards_History Rewards Management",
              "timedOut": null,
              "duration": 70650,
              "state": "failed",
              "speed": null,
              "pass": false,
              "fail": true,
              "pending": false,
              "context": "\"assets/DSWebshopMyAccountRewardPoints.specs.js/Navigate to My Account_Rewards_History --       Rewards Management (failed).png\"",
              "code": "cy.get('span[class=\"link-item\"]').contains('My rewards account').click();\n(0, _cypressRecurse.recurse)(() => cy.get('.pagination'), $next => $next.hasClass('disabled'));",
              "err": {
                "message": "Error: Max time limit reached",
                "estack": "Error: Max time limit reached\n    at Context.eval (webpack:///./node_modules/cypress-recurse/src/index.js:116:0)",
                "diff": null
              },
              "uuid": "c7a490c9-599d-41a3-bd00-9fe912972f3a",
              "parentUUID": "77b15619-5fe6-48d1-b017-259249e6252b",
              "isHook": false,
              "skipped": false
            }
          ],
          "suites": [],
          "passes": [],
          "failures": [
            "c7a490c9-599d-41a3-bd00-9fe912972f3a"
          ],
          "pending": [],
          "skipped": [],
          "duration": 70650,
          "root": false,
          "rootEmpty": false,
          "_timeout": 2000
        }
      ],
      "passes": [],
      "failures": [],
      "pending": [],
      "skipped": [],
      "duration": 0,
      "root": true,
      "rootEmpty": true,
      "_timeout": 2000
    }
  ],
  "meta": {
    "mocha": {
      "version": "7.0.1"
    },
    "mochawesome": {
      "options": {
        "quiet": false,
        "reportFilename": "mochawesome",
        "saveHtml": false,
        "saveJson": true,
        "consoleReporter": "spec",
        "useInlineDiffs": false,
        "code": true
      },
      "version": "7.1.3"
    },
    "marge": {
      "options": {
        "reporterEnabled": "mochawesome",
        "mochawesomeReporteroptions": {
          "charts": "true",
          "reportDir": "cypress/reports/mochawesome-report",
          "reportFilename": "report",
          "overwrite": false,
          "html": true,
          "json": true,
          "quiet": true
        },
        "overwrite": false,
        "html": false,
        "json": true,
        "reportDir": "cypress\\reports\\html\\.jsons"
      },
      "version": "6.2.0"
    }
  }
}