{
  "stats": {
    "suites": 1,
    "tests": 1,
    "passes": 0,
    "pending": 1,
    "failures": 0,
    "start": "2022-10-02T20:00:24.855Z",
    "end": "2022-10-02T20:00:25.054Z",
    "duration": 199,
    "testsRegistered": 1,
    "passPercent": null,
    "pendingPercent": 100,
    "other": 0,
    "hasOther": false,
    "skipped": 0,
    "hasSkipped": false
  },
  "results": [
    {
      "uuid": "2ce9615a-974c-45f5-be6b-58a064907f95",
      "title": "",
      "fullFile": "cypress\\TestArcanetinmen\\DSWebshopMyAccount_AddressManagement.specs.js",
      "file": "cypress\\TestArcanetinmen\\DSWebshopMyAccount_AddressManagement.specs.js",
      "beforeHooks": [],
      "afterHooks": [],
      "tests": [],
      "suites": [
        {
          "uuid": "df52ef31-f352-494e-a990-e5f77a2b23f3",
          "title": "Navigate to My Account",
          "fullFile": "",
          "file": "",
          "beforeHooks": [],
          "afterHooks": [],
          "tests": [
            {
              "title": "Navigate to My Address",
              "fullTitle": "Navigate to My Account Navigate to My Address",
              "timedOut": null,
              "duration": 0,
              "state": "pending",
              "speed": null,
              "pass": false,
              "fail": false,
              "pending": true,
              "context": null,
              "code": "",
              "err": {},
              "uuid": "682e06a0-7724-4762-bfef-51cef679efa6",
              "parentUUID": "df52ef31-f352-494e-a990-e5f77a2b23f3",
              "isHook": false,
              "skipped": false
            }
          ],
          "suites": [],
          "passes": [],
          "failures": [],
          "pending": [
            "682e06a0-7724-4762-bfef-51cef679efa6"
          ],
          "skipped": [],
          "duration": 0,
          "root": false,
          "rootEmpty": false,
          "_timeout": 2000
        }
      ],
      "passes": [],
      "failures": [],
      "pending": [],
      "skipped": [],
      "duration": 0,
      "root": true,
      "rootEmpty": true,
      "_timeout": 2000
    }
  ],
  "meta": {
    "mocha": {
      "version": "7.0.1"
    },
    "mochawesome": {
      "options": {
        "quiet": false,
        "reportFilename": "mochawesome",
        "saveHtml": false,
        "saveJson": true,
        "consoleReporter": "spec",
        "useInlineDiffs": false,
        "code": true
      },
      "version": "7.1.3"
    },
    "marge": {
      "options": {
        "reporterEnabled": "mochawesome",
        "mochawesomeReporteroptions": {
          "charts": "true",
          "reportDir": "cypress/reports/mochawesome-report",
          "reportFilename": "report",
          "overwrite": false,
          "html": true,
          "json": true,
          "quiet": true
        },
        "overwrite": false,
        "html": false,
        "json": true,
        "reportDir": "cypress\\reports\\html\\.jsons"
      },
      "version": "6.2.0"
    }
  }
}