{
  "stats": {
    "suites": 1,
    "tests": 1,
    "passes": 0,
    "pending": 1,
    "failures": 0,
    "start": "2022-11-15T18:39:39.770Z",
    "end": "2022-11-15T18:39:39.840Z",
    "duration": 70,
    "testsRegistered": 1,
    "passPercent": null,
    "pendingPercent": 100,
    "other": 0,
    "hasOther": false,
    "skipped": 1,
    "hasSkipped": true
  },
  "results": [
    {
      "uuid": "c7ae5923-c425-4e48-8694-994362fd99c9",
      "title": "",
      "fullFile": "cypress\\TestArcanetinmen\\DSWebshopMyAccountRewardPoints.specs.js",
      "file": "cypress\\TestArcanetinmen\\DSWebshopMyAccountRewardPoints.specs.js",
      "beforeHooks": [],
      "afterHooks": [],
      "tests": [],
      "suites": [
        {
          "uuid": "8e19818b-e3ef-4d3f-b95a-e3e2ea7ab8fa",
          "title": "Navigate to My Account_Rewards_History",
          "fullFile": "",
          "file": "",
          "beforeHooks": [],
          "afterHooks": [],
          "tests": [
            {
              "title": "Rewards Management",
              "fullTitle": "Navigate to My Account_Rewards_History Rewards Management",
              "timedOut": null,
              "duration": 0,
              "state": "pending",
              "speed": null,
              "pass": false,
              "fail": false,
              "pending": false,
              "context": null,
              "code": "const pagelength = \"ul>li>a\";\ncy.get('span[class=\"link-item\"]').contains('My rewards account').click();\n(0, _cypressRecurse.recurse)(() => cy.get('.next'), $button => $button.hasClass('disabled') == 'disabled', {\n  limit: pagelength.length,\n  log: false,\n  timeout: 20000,\n  delay: 500,\n  post() {\n    cy.log(\"start\");\n    cy.get('.next ').click();\n    cy.log(\"end\");\n  }\n});",
              "err": {},
              "uuid": "cf12d6b2-0cc4-407a-87e9-cad6bb0c087c",
              "parentUUID": "8e19818b-e3ef-4d3f-b95a-e3e2ea7ab8fa",
              "isHook": false,
              "skipped": true
            }
          ],
          "suites": [],
          "passes": [],
          "failures": [],
          "pending": [],
          "skipped": [
            "cf12d6b2-0cc4-407a-87e9-cad6bb0c087c"
          ],
          "duration": 0,
          "root": false,
          "rootEmpty": false,
          "_timeout": 2000
        }
      ],
      "passes": [],
      "failures": [],
      "pending": [],
      "skipped": [],
      "duration": 0,
      "root": true,
      "rootEmpty": true,
      "_timeout": 2000
    }
  ],
  "meta": {
    "mocha": {
      "version": "7.0.1"
    },
    "mochawesome": {
      "options": {
        "quiet": false,
        "reportFilename": "mochawesome",
        "saveHtml": false,
        "saveJson": true,
        "consoleReporter": "spec",
        "useInlineDiffs": false,
        "code": true
      },
      "version": "7.1.3"
    },
    "marge": {
      "options": {
        "reporterEnabled": "mochawesome",
        "mochawesomeReporteroptions": {
          "charts": "true",
          "reportDir": "cypress/reports/mochawesome-report",
          "reportFilename": "report",
          "overwrite": false,
          "html": true,
          "json": true,
          "quiet": true
        },
        "overwrite": false,
        "html": false,
        "json": true,
        "reportDir": "cypress\\reports\\html\\.jsons"
      },
      "version": "6.2.0"
    }
  }
}