{
  "stats": {
    "suites": 1,
    "tests": 1,
    "passes": 0,
    "pending": 1,
    "failures": 0,
    "start": "2023-01-05T09:14:56.650Z",
    "end": "2023-01-05T09:14:56.846Z",
    "duration": 196,
    "testsRegistered": 1,
    "passPercent": null,
    "pendingPercent": 100,
    "other": 0,
    "hasOther": false,
    "skipped": 1,
    "hasSkipped": true
  },
  "results": [
    {
      "uuid": "b7a3c66e-cef3-442a-b9a5-6a36702c10b3",
      "title": "",
      "fullFile": "cypress\\TestArcanetinmen\\DSWebshopprodlistpagtion.specs.js",
      "file": "cypress\\TestArcanetinmen\\DSWebshopprodlistpagtion.specs.js",
      "beforeHooks": [],
      "afterHooks": [],
      "tests": [],
      "suites": [
        {
          "uuid": "b459c9ce-6c79-43e7-a29b-3c08b264202e",
          "title": "Product Listing Pagination",
          "fullFile": "",
          "file": "",
          "beforeHooks": [],
          "afterHooks": [],
          "tests": [
            {
              "title": "Product Listing Pagination",
              "fullTitle": "Product Listing Pagination Product Listing Pagination",
              "timedOut": null,
              "duration": 0,
              "state": "pending",
              "speed": null,
              "pass": false,
              "fail": false,
              "pending": false,
              "context": null,
              "code": "cy.visit('/webshop', '{timeout:50000000}');\ncy.get('#CybotCookiebotDialogBodyLevelButtonLevelOptinAllowAll').click();\ncy.get('.ti-user').trigger('mouseover');\ncy.contains('Sign in/Register').click({\n  force: true\n});\ncy.get('#Email').type(logindata.email);\ncy.get('#Password').type(logindata.password);\ncy.get('.btn').eq(0).click();\ncy.get('.leo-top-menu > .nav > .active > .nav-link > .menu-title').click({\n  force: true\n}).wait(20000);\nconst pages = cy.get('ul[class = \"page-list\"] > li');\nconst product = ':nth-child(1) > .product-miniature > .thumbnail-container > .product-image > .functional-buttons > .pro-info-onhover > a';\n(0, _cypressRecurse.recurse)(() => cy.get('.next'), $button => $button.hasClass('disabled') == 'disabled', {\n  length: pages.length,\n  log: false,\n  timeout: 50000,\n  delay: 500,\n  post() {\n    cy.log(\"start\");\n    cy.get('.next > .fa').should('be.visible').click({\n      force: true\n    });\n    cy.log(\"end\");\n  }\n});",
              "err": {},
              "uuid": "f271910b-e3ec-4917-8846-51dcd0ace635",
              "parentUUID": "b459c9ce-6c79-43e7-a29b-3c08b264202e",
              "isHook": false,
              "skipped": true
            }
          ],
          "suites": [],
          "passes": [],
          "failures": [],
          "pending": [],
          "skipped": [
            "f271910b-e3ec-4917-8846-51dcd0ace635"
          ],
          "duration": 0,
          "root": false,
          "rootEmpty": false,
          "_timeout": 2000
        }
      ],
      "passes": [],
      "failures": [],
      "pending": [],
      "skipped": [],
      "duration": 0,
      "root": true,
      "rootEmpty": true,
      "_timeout": 2000
    }
  ],
  "meta": {
    "mocha": {
      "version": "7.0.1"
    },
    "mochawesome": {
      "options": {
        "quiet": false,
        "reportFilename": "mochawesome",
        "saveHtml": false,
        "saveJson": true,
        "consoleReporter": "spec",
        "useInlineDiffs": false,
        "code": true
      },
      "version": "7.1.3"
    },
    "marge": {
      "options": {
        "reporterEnabled": "mochawesome",
        "mochawesomeReporteroptions": {
          "charts": "true",
          "reportDir": "cypress/reports/mochawesome-report",
          "reportFilename": "report",
          "overwrite": false,
          "html": true,
          "json": true,
          "quiet": true
        },
        "overwrite": false,
        "html": false,
        "json": true,
        "reportDir": "cypress\\reports\\html\\.jsons"
      },
      "version": "6.2.0"
    }
  }
}