{
  "stats": {
    "suites": 1,
    "tests": 1,
    "passes": 0,
    "pending": 1,
    "failures": 0,
    "start": "2023-01-05T09:15:41.956Z",
    "end": "2023-01-05T09:15:42.141Z",
    "duration": 185,
    "testsRegistered": 1,
    "passPercent": null,
    "pendingPercent": 100,
    "other": 0,
    "hasOther": false,
    "skipped": 1,
    "hasSkipped": true
  },
  "results": [
    {
      "uuid": "6a88da75-8bfb-4a57-a7d7-678a76cdfccc",
      "title": "",
      "fullFile": "cypress\\TestArcanetinmen\\TestATWebsite.specs.js",
      "file": "cypress\\TestArcanetinmen\\TestATWebsite.specs.js",
      "beforeHooks": [],
      "afterHooks": [],
      "tests": [],
      "suites": [
        {
          "uuid": "4deee7f1-a364-47a2-8589-018ece38d69f",
          "title": "AT Brandsite Automation Suite II",
          "fullFile": "",
          "file": "",
          "beforeHooks": [],
          "afterHooks": [],
          "tests": [
            {
              "title": "AT Brandsite Sanity II Menu Links",
              "fullTitle": "AT Brandsite Automation Suite II AT Brandsite Sanity II Menu Links",
              "timedOut": null,
              "duration": 0,
              "state": "pending",
              "speed": null,
              "pass": false,
              "fail": false,
              "pending": false,
              "context": null,
              "code": "const path = 'https://www.arcanetinmen.com';\ncy.get('ul[id=\"menu-header\"]>li').each(el => {\n  cy.url().then($url => {\n    if ($url.includes(path)) {\n      cy.wrap(el).click();\n      console.log(cy.url());\n    } else {\n      cy.go(\"back\");\n      cy.break;\n    }\n  });\n});",
              "err": {},
              "uuid": "e9b9258b-b896-44b3-b0a9-48c90c48f2ae",
              "parentUUID": "4deee7f1-a364-47a2-8589-018ece38d69f",
              "isHook": false,
              "skipped": true
            }
          ],
          "suites": [],
          "passes": [],
          "failures": [],
          "pending": [],
          "skipped": [
            "e9b9258b-b896-44b3-b0a9-48c90c48f2ae"
          ],
          "duration": 0,
          "root": false,
          "rootEmpty": false,
          "_timeout": 2000
        }
      ],
      "passes": [],
      "failures": [],
      "pending": [],
      "skipped": [],
      "duration": 0,
      "root": true,
      "rootEmpty": true,
      "_timeout": 2000
    }
  ],
  "meta": {
    "mocha": {
      "version": "7.0.1"
    },
    "mochawesome": {
      "options": {
        "quiet": false,
        "reportFilename": "mochawesome",
        "saveHtml": false,
        "saveJson": true,
        "consoleReporter": "spec",
        "useInlineDiffs": false,
        "code": true
      },
      "version": "7.1.3"
    },
    "marge": {
      "options": {
        "reporterEnabled": "mochawesome",
        "mochawesomeReporteroptions": {
          "charts": "true",
          "reportDir": "cypress/reports/mochawesome-report",
          "reportFilename": "report",
          "overwrite": false,
          "html": true,
          "json": true,
          "quiet": true
        },
        "overwrite": false,
        "html": false,
        "json": true,
        "reportDir": "cypress\\reports\\html\\.jsons"
      },
      "version": "6.2.0"
    }
  }
}