{
  "stats": {
    "suites": 1,
    "tests": 1,
    "passes": 0,
    "pending": 0,
    "failures": 1,
    "start": "2023-01-05T09:16:11.796Z",
    "end": "2023-01-05T09:16:27.959Z",
    "duration": 16163,
    "testsRegistered": 1,
    "passPercent": 0,
    "pendingPercent": 0,
    "other": 0,
    "hasOther": false,
    "skipped": 0,
    "hasSkipped": false
  },
  "results": [
    {
      "uuid": "da426578-4279-4624-9362-d3c613562f37",
      "title": "",
      "fullFile": "cypress\\TestArcanetinmen\\TestGuestUserCheckout.specs.js",
      "file": "cypress\\TestArcanetinmen\\TestGuestUserCheckout.specs.js",
      "beforeHooks": [],
      "afterHooks": [],
      "tests": [],
      "suites": [
        {
          "uuid": "7c540b83-b1c7-40db-850f-522eb939fb02",
          "title": "DS Checkout EU Demo II",
          "fullFile": "",
          "file": "",
          "beforeHooks": [],
          "afterHooks": [],
          "tests": [
            {
              "title": "Webshop EU Guest Checkout",
              "fullTitle": "DS Checkout EU Demo II Webshop EU Guest Checkout",
              "timedOut": null,
              "duration": 16062,
              "state": "failed",
              "speed": null,
              "pass": false,
              "fail": true,
              "pending": false,
              "context": "[\n  {\n    \"title\": \"cypress-mochawesome-reporter-screenshots\",\n    \"value\": [\n      [\n        {\n          \"title\": \"Failed screenshot\",\n          \"value\": \"\\\\TestGuestUserCheckout.specs.js\\\\DS Checkout EU Demo II -- Webshop EU Guest Checkout (failed).png\"\n        }\n      ]\n    ]\n  },\n  \"assets/TestGuestUserCheckout.specs.js/DS Checkout EU Demo II --       Webshop EU Guest Checkout (failed).png\"\n]",
              "code": "cy.get('.header-top').contains('Solid Color Sleeves').click({\n  force: true\n});\ncy.get('a[class=\"category-sub-link\"]').should('be.visible');\ncy.get('a[class=\"category-sub-link\"]').contains('Standard Size').click({\n  force: true\n});\ncy.get('a[class=\"category-sub-link\"]').contains('Classic 100').click({\n  force: true\n});\nfor (var i = 1; i <= 4; i++) {\n  const product = `:nth-child(${i}) > .product-miniature > .thumbnail-container > .product-image > .functional-buttons`;\n  cy.get(product).trigger('onmouseover').invoke('show').find('button').click({\n    force: true\n  }); //products add\n  cy.wait(5000);\n  cy.get('#blockcart-modal > .modal-dialog > .modal-content > .modal-header > .close').click({\n    force: true\n  }).wait(2000);\n}\ncy.get('a > .ti-bag').click({\n  force: true\n});\ncy.wait(5000);\ncy.contains('Checkout').click({\n  force: true\n});\ncy.get(':nth-child(1) > .col-md-6 > .form-control').type('Anjali');\ncy.get('#customer-form > section > :nth-child(2) > .col-md-6 > .form-control').type('upadhyay');\ncy.get(':nth-child(3) > .col-md-6 > .form-control').type('test@133.com');\ncy.get('.iti__arrow').click();\ncy.get('#iti-0__item-dk').click();\ncy.get('.iti > .form-control').type('22 65 88 92');\ncy.get('[type=\"checkbox\"]').check({\n  force: true\n});\ncy.get('button').contains('Continue').eq(0).click();\ncy.get(':nth-child(6) > .col-md-6 > .form-control').type('Dosseringen 94');\ncy.get('.iti__arrow').click();\ncy.get('#iti-0__item-dk').click();\ncy.get('.iti > .form-control').type('22 65 88 92');\ncy.get(':nth-child(9) > .col-md-6 > .form-control').type('Store Heddinge');\ncy.get(':nth-child(10) > .col-md-6 > .form-control').type('4660');\ncy.get(':nth-child(11) > .col-md-6 > .form-control').select('Denmark').should('have.value', '20');\ncy.wait(2000);\ncy.get('select[name=\"id_state\"]').select('Sjælland').should('have.value', '474');\ncy.get('[type=\"checkbox\"]').check({\n  force: true\n});\ncy.get('.form-footer > .continue').eq(1).click({\n  force: true\n});\ncy.wait(2000);\ncy.get('.display-promo > .collapse-button').click();\ncy.get('.promo-input').type('testaws');\ncy.get('.form-footer > .continue').eq(2).click({\n  force: true\n});\ncy.wait(2000);\ncy.get('button').contains('Continue Payment').click({\n  force: true\n});\ncy.get('.display-promo > .collapse-button').click();\ncy.get('.promo-input').type('testaws');\ncy.get('form > .btn > span').click();",
              "err": {
                "message": "AssertionError: Timed out retrying after 4000ms: Expected to find element: `a[class=\"category-sub-link\"]`, but never found it.",
                "estack": "AssertionError: Timed out retrying after 4000ms: Expected to find element: `a[class=\"category-sub-link\"]`, but never found it.\n    at Context.eval (webpack:///./cypress/TestArcanetinmen/TestGuestUserCheckout.specs.js:15:47)",
                "diff": null
              },
              "uuid": "5bf3e03d-0aff-4b5d-bf40-0f96d54985ae",
              "parentUUID": "7c540b83-b1c7-40db-850f-522eb939fb02",
              "isHook": false,
              "skipped": false
            }
          ],
          "suites": [],
          "passes": [],
          "failures": [
            "5bf3e03d-0aff-4b5d-bf40-0f96d54985ae"
          ],
          "pending": [],
          "skipped": [],
          "duration": 16062,
          "root": false,
          "rootEmpty": false,
          "_timeout": 2000
        }
      ],
      "passes": [],
      "failures": [],
      "pending": [],
      "skipped": [],
      "duration": 0,
      "root": true,
      "rootEmpty": true,
      "_timeout": 2000
    }
  ],
  "meta": {
    "mocha": {
      "version": "7.0.1"
    },
    "mochawesome": {
      "options": {
        "quiet": false,
        "reportFilename": "mochawesome",
        "saveHtml": false,
        "saveJson": true,
        "consoleReporter": "spec",
        "useInlineDiffs": false,
        "code": true
      },
      "version": "7.1.3"
    },
    "marge": {
      "options": {
        "reporterEnabled": "mochawesome",
        "mochawesomeReporteroptions": {
          "charts": "true",
          "reportDir": "cypress/reports/mochawesome-report",
          "reportFilename": "report",
          "overwrite": false,
          "html": true,
          "json": true,
          "quiet": true
        },
        "overwrite": false,
        "html": false,
        "json": true,
        "reportDir": "cypress\\reports\\html\\.jsons"
      },
      "version": "6.2.0"
    }
  }
}