{
  "stats": {
    "suites": 1,
    "tests": 1,
    "passes": 0,
    "pending": 1,
    "failures": 0,
    "start": "2022-11-15T18:40:00.026Z",
    "end": "2022-11-15T18:40:00.102Z",
    "duration": 76,
    "testsRegistered": 1,
    "passPercent": null,
    "pendingPercent": 100,
    "other": 0,
    "hasOther": false,
    "skipped": 1,
    "hasSkipped": true
  },
  "results": [
    {
      "uuid": "3b5edd7a-b645-4ac3-81f1-bebe98aae65c",
      "title": "",
      "fullFile": "cypress\\TestArcanetinmen\\productlistingpagination.specs.js",
      "file": "cypress\\TestArcanetinmen\\productlistingpagination.specs.js",
      "beforeHooks": [],
      "afterHooks": [],
      "tests": [],
      "suites": [
        {
          "uuid": "737c770b-56dc-42ab-b830-1876e8f8a165",
          "title": "Product Listing Pagination",
          "fullFile": "",
          "file": "",
          "beforeHooks": [],
          "afterHooks": [],
          "tests": [
            {
              "title": "Visit Menu of web shop",
              "fullTitle": "Product Listing Pagination Visit Menu of web shop",
              "timedOut": null,
              "duration": 0,
              "state": "pending",
              "speed": null,
              "pass": false,
              "fail": false,
              "pending": false,
              "context": null,
              "code": "cy.clearCookies();\ncy.visit('https://www.dragonshield.com/webshop/', '{timeout:50000000}');\ncy.get('#CybotCookiebotDialogBodyLevelButtonLevelOptinAllowAll').click();\ncy.get('.ti-user').trigger('mouseover');\ncy.contains('Sign in/Register').click({\n  force: true\n});\ncy.get('#Email').type('pjangid@beckett.com');\ncy.get('#Password').type('Apple@123');\ncy.get('.btn').eq(0).click();\ncy.get('.leo-top-menu > .nav > .active > .nav-link > .menu-title').click({\n  force: true\n}).wait(20000);\nconst product = ':nth-child(1) > .product-miniature > .thumbnail-container > .product-image > .functional-buttons > .pro-info-onhover > a';\n(0, _cypressRecurse.recurse)(() => cy.get('.next'), $button => $button.hasClass('disabled') == 'disabled', {\n  post() {\n    cy.log(\"start\");\n    cy.get('.next ').should('be.visible').click({\n      force: true\n    });\n    cy.log(\"end\");\n    cy.wait(20000);\n  }\n});",
              "err": {},
              "uuid": "319f5f17-f963-4437-ab43-6c7f65a71d46",
              "parentUUID": "737c770b-56dc-42ab-b830-1876e8f8a165",
              "isHook": false,
              "skipped": true
            }
          ],
          "suites": [],
          "passes": [],
          "failures": [],
          "pending": [],
          "skipped": [
            "319f5f17-f963-4437-ab43-6c7f65a71d46"
          ],
          "duration": 0,
          "root": false,
          "rootEmpty": false,
          "_timeout": 2000
        }
      ],
      "passes": [],
      "failures": [],
      "pending": [],
      "skipped": [],
      "duration": 0,
      "root": true,
      "rootEmpty": true,
      "_timeout": 2000
    }
  ],
  "meta": {
    "mocha": {
      "version": "7.0.1"
    },
    "mochawesome": {
      "options": {
        "quiet": false,
        "reportFilename": "mochawesome",
        "saveHtml": false,
        "saveJson": true,
        "consoleReporter": "spec",
        "useInlineDiffs": false,
        "code": true
      },
      "version": "7.1.3"
    },
    "marge": {
      "options": {
        "reporterEnabled": "mochawesome",
        "mochawesomeReporteroptions": {
          "charts": "true",
          "reportDir": "cypress/reports/mochawesome-report",
          "reportFilename": "report",
          "overwrite": false,
          "html": true,
          "json": true,
          "quiet": true
        },
        "overwrite": false,
        "html": false,
        "json": true,
        "reportDir": "cypress\\reports\\html\\.jsons"
      },
      "version": "6.2.0"
    }
  }
}