{
  "stats": {
    "suites": 1,
    "tests": 1,
    "passes": 0,
    "pending": 8,
    "failures": -7,
    "start": "2023-01-05T09:14:10.223Z",
    "end": "2023-01-05T09:14:10.429Z",
    "duration": 206,
    "testsRegistered": 8,
    "passPercent": null,
    "pendingPercent": 100,
    "other": 7,
    "hasOther": true,
    "skipped": 8,
    "hasSkipped": true
  },
  "results": [
    {
      "uuid": "6ff7db1b-35fc-4935-bd92-1e5178864028",
      "title": "",
      "fullFile": "cypress\\TestArcanetinmen\\DSWebshopMenuforloop.specs.js",
      "file": "cypress\\TestArcanetinmen\\DSWebshopMenuforloop.specs.js",
      "beforeHooks": [],
      "afterHooks": [],
      "tests": [],
      "suites": [
        {
          "uuid": "f0f41865-7d62-48cc-a298-89c9660a78f6",
          "title": "Visit Each menu and submenu",
          "fullFile": "",
          "file": "",
          "beforeHooks": [],
          "afterHooks": [],
          "tests": [
            {
              "title": "Visit Menu of web shop for Solid Color Sleeves>Standard Size",
              "fullTitle": "Visit Each menu and submenu Visit Menu of web shop for Solid Color Sleeves>Standard Size",
              "timedOut": null,
              "duration": 0,
              "state": "pending",
              "speed": null,
              "pass": false,
              "fail": false,
              "pending": false,
              "context": null,
              "code": "const pages = ['Matte Dual 100', 'Matte 100', 'Perfect Fit', 'Matte Non-Glare 100', 'Classic 100'];\nfor (var i = 0; i <= pages.length; i++) {\n  menuhomepage.hoverOnSolidColorsleeves();\n  menuhomepage.hoverOnSolidColorsleevesStandardSize();\n  menuhomepage.clickOnSubMenu().contains(pages[i]).click({\n    force: true\n  });\n  cy.window().then(win => win.location.href = \"/webshop\");\n}",
              "err": {},
              "uuid": "88fdda6d-020d-40c0-950f-8598c57b77cb",
              "parentUUID": "f0f41865-7d62-48cc-a298-89c9660a78f6",
              "isHook": false,
              "skipped": true
            },
            {
              "title": "Visit Menu of web shop for Solid Color Sleeves>Japanese Size",
              "fullTitle": "Visit Each menu and submenu Visit Menu of web shop for Solid Color Sleeves>Japanese Size",
              "timedOut": null,
              "duration": 0,
              "state": "pending",
              "speed": null,
              "pass": false,
              "fail": false,
              "pending": false,
              "context": null,
              "code": "const japanpages = ['Classic 60', 'Matte 60', 'Perfect Fit', 'Matte Dual 60'];\nfor (var i = 0; i <= japanpages.length; i++) {\n  menuhomepage.hoverOnSolidColorsleeves();\n  menuhomepage.hoverOnSolidColorsleevesJapaneseSize();\n  menuhomepage.clickOnchildSubMenu().contains(japanpages[i]).click({\n    force: true\n  });\n  cy.window().then(win => win.location.href = \"/webshop\");\n}",
              "err": {},
              "uuid": "80951436-ccd9-4ec5-af8e-de30b079ff61",
              "parentUUID": "f0f41865-7d62-48cc-a298-89c9660a78f6",
              "isHook": false,
              "skipped": true
            },
            {
              "title": "Visit Menu of web shop for Art Sleeves>Standard Size",
              "fullTitle": "Visit Each menu and submenu Visit Menu of web shop for Art Sleeves>Standard Size",
              "timedOut": null,
              "duration": 0,
              "state": "pending",
              "speed": null,
              "pass": false,
              "fail": false,
              "pending": false,
              "context": null,
              "code": "const artsleeves = ['Standard Size', 'Japanese Size'];\nfor (var i = 0; i <= artsleeves.length; i++) {\n  menuhomepage.hoverOnArtsleeves();\n  menuhomepage.clickOnSubMenu().contains(artsleeves[i]).click({\n    force: true\n  });\n  cy.window().then(win => win.location.href = \"/webshop\");\n}",
              "err": {},
              "uuid": "8322cd53-fcc5-4b79-897e-fdaf44b83194",
              "parentUUID": "f0f41865-7d62-48cc-a298-89c9660a78f6",
              "isHook": false,
              "skipped": true
            },
            {
              "title": "Visit Menu of web shop for Roleplaying",
              "fullTitle": "Visit Each menu and submenu Visit Menu of web shop for Roleplaying",
              "timedOut": null,
              "duration": 0,
              "state": "pending",
              "speed": null,
              "pass": false,
              "fail": false,
              "pending": false,
              "context": null,
              "code": "menuhomepage.clickOnRoleplaying();",
              "err": {},
              "uuid": "26e55a75-8137-4ff6-99f7-462869137182",
              "parentUUID": "f0f41865-7d62-48cc-a298-89c9660a78f6",
              "isHook": false,
              "skipped": true
            },
            {
              "title": "Visit Menu of web shop for Other Gaming Accessories>Albums",
              "fullTitle": "Visit Each menu and submenu Visit Menu of web shop for Other Gaming Accessories>Albums",
              "timedOut": null,
              "duration": 0,
              "state": "pending",
              "speed": null,
              "pass": false,
              "fail": false,
              "pending": false,
              "context": null,
              "code": "const albumpages = ['Portfolio', 'Binder Pages', 'Zipster Binder', 'Slipcase Binder'];\nfor (var i = 0; i <= albumpages.length; i++) {\n  menuhomepage.clickOnOtherGamingAccessories();\n  menuhomepage.clickOnSubMenu().children().contains('Albums').trigger('mouseover', {\n    force: true\n  }).invoke('show');\n  menuhomepage.clickOnchildSubMenu().contains(albumpages[i]).click({\n    force: true\n  });\n  cy.window().then(win => win.location.href = \"/webshop\");\n}",
              "err": {},
              "uuid": "8af42679-a1b7-4cdc-8cc0-22abcb3f8664",
              "parentUUID": "f0f41865-7d62-48cc-a298-89c9660a78f6",
              "isHook": false,
              "skipped": true
            },
            {
              "title": "Visit Menu of web shop for Other Gaming Accessories>decks",
              "fullTitle": "Visit Each menu and submenu Visit Menu of web shop for Other Gaming Accessories>decks",
              "timedOut": null,
              "duration": 0,
              "state": "pending",
              "speed": null,
              "pass": false,
              "fail": false,
              "pending": false,
              "context": null,
              "code": "const deckpages = ['Deck Shell', 'Magic Carpet', 'Nest', 'Nest+', 'Cube Shell', 'Strongbox', 'Double Shell'];\nfor (var i = 0; i <= deckpages.length; i++) {\n  menuhomepage.clickOnOtherGamingAccessories();\n  menuhomepage.clickOnSubMenu().children().contains('Deck Boxes').trigger('mouseover', {\n    force: true\n  }).invoke('show');\n  menuhomepage.clickOnchildSubMenu().contains(deckpages[i]).click({\n    force: true\n  });\n  cy.window().then(win => win.location.href = \"/webshop\");\n}",
              "err": {},
              "uuid": "8d5b229b-b33c-47e1-9761-979b887cfcdd",
              "parentUUID": "f0f41865-7d62-48cc-a298-89c9660a78f6",
              "isHook": false,
              "skipped": true
            },
            {
              "title": "Visit Menu of web shop for OGA Others",
              "fullTitle": "Visit Each menu and submenu Visit Menu of web shop for OGA Others",
              "timedOut": null,
              "duration": 0,
              "state": "pending",
              "speed": null,
              "pass": false,
              "fail": false,
              "pending": false,
              "context": null,
              "code": "const ogaPages = ['Playmats', 'Miscellaneous'];\nfor (var i = 0; i <= ogaPages.length; i++) {\n  menuhomepage.clickOnOtherGamingAccessories();\n  menuhomepage.clickOnSubMenu().children().contains(ogaPages[i]).click({\n    force: true\n  });\n  cy.window().then(win => win.location.href = \"/webshop\");\n}",
              "err": {},
              "uuid": "6b09dbb7-6408-4d93-91f9-ebb990f7a986",
              "parentUUID": "f0f41865-7d62-48cc-a298-89c9660a78f6",
              "isHook": false,
              "skipped": true
            },
            {
              "title": "Visit Menu of web shop for Licensed Products>decks",
              "fullTitle": "Visit Each menu and submenu Visit Menu of web shop for Licensed Products>decks",
              "timedOut": null,
              "duration": 0,
              "state": "pending",
              "speed": null,
              "pass": false,
              "fail": false,
              "pending": false,
              "context": null,
              "code": "const licensedPages = ['Licensed Sleeves', 'Licensed Albums', 'Licensed Playmats'];\nfor (var i = 0; i <= licensedPages.length; i++) {\n  menuhomepage.clickOnLicensedProducts();\n  menuhomepage.clickOnSubMenu().children().contains(licensedPages[i]).click({\n    force: true\n  });\n  cy.window().then(win => win.location.href = \"/webshop\");\n}",
              "err": {},
              "uuid": "82590b3c-4403-4f20-b672-38366ac8e3f9",
              "parentUUID": "f0f41865-7d62-48cc-a298-89c9660a78f6",
              "isHook": false,
              "skipped": true
            }
          ],
          "suites": [],
          "passes": [],
          "failures": [],
          "pending": [],
          "skipped": [
            "88fdda6d-020d-40c0-950f-8598c57b77cb",
            "80951436-ccd9-4ec5-af8e-de30b079ff61",
            "8322cd53-fcc5-4b79-897e-fdaf44b83194",
            "26e55a75-8137-4ff6-99f7-462869137182",
            "8af42679-a1b7-4cdc-8cc0-22abcb3f8664",
            "8d5b229b-b33c-47e1-9761-979b887cfcdd",
            "6b09dbb7-6408-4d93-91f9-ebb990f7a986",
            "82590b3c-4403-4f20-b672-38366ac8e3f9"
          ],
          "duration": 0,
          "root": false,
          "rootEmpty": false,
          "_timeout": 2000
        }
      ],
      "passes": [],
      "failures": [],
      "pending": [],
      "skipped": [],
      "duration": 0,
      "root": true,
      "rootEmpty": true,
      "_timeout": 2000
    }
  ],
  "meta": {
    "mocha": {
      "version": "7.0.1"
    },
    "mochawesome": {
      "options": {
        "quiet": false,
        "reportFilename": "mochawesome",
        "saveHtml": false,
        "saveJson": true,
        "consoleReporter": "spec",
        "useInlineDiffs": false,
        "code": true
      },
      "version": "7.1.3"
    },
    "marge": {
      "options": {
        "reporterEnabled": "mochawesome",
        "mochawesomeReporteroptions": {
          "charts": "true",
          "reportDir": "cypress/reports/mochawesome-report",
          "reportFilename": "report",
          "overwrite": false,
          "html": true,
          "json": true,
          "quiet": true
        },
        "overwrite": false,
        "html": false,
        "json": true,
        "reportDir": "cypress\\reports\\html\\.jsons"
      },
      "version": "6.2.0"
    }
  }
}