{
  "stats": {
    "suites": 1,
    "tests": 1,
    "passes": 0,
    "pending": 1,
    "failures": 0,
    "start": "2023-01-05T09:16:41.079Z",
    "end": "2023-01-05T09:16:41.311Z",
    "duration": 232,
    "testsRegistered": 1,
    "passPercent": null,
    "pendingPercent": 100,
    "other": 0,
    "hasOther": false,
    "skipped": 1,
    "hasSkipped": true
  },
  "results": [
    {
      "uuid": "17a946d9-b99e-496a-b762-fa00d7eb6a89",
      "title": "",
      "fullFile": "cypress\\TestArcanetinmen\\TestOurProducts.specs.js",
      "file": "cypress\\TestArcanetinmen\\TestOurProducts.specs.js",
      "beforeHooks": [],
      "afterHooks": [],
      "tests": [],
      "suites": [
        {
          "uuid": "f810b379-68d5-436e-b3e3-5c00a6c64610",
          "title": "AT Brandsite Automation Suite IV",
          "fullFile": "",
          "file": "",
          "beforeHooks": [],
          "afterHooks": [],
          "tests": [
            {
              "title": "AT Brandsite Sanity I Middle links",
              "fullTitle": "AT Brandsite Automation Suite IV AT Brandsite Sanity I Middle links",
              "timedOut": null,
              "duration": 0,
              "state": "pending",
              "speed": null,
              "pass": false,
              "fail": false,
              "pending": false,
              "context": null,
              "code": "const path = 'https://www.arcanetinmen.com';\ncy.get('a[class=\"main-link\"]').each(el => {\n  cy.url().then($url => {\n    if ($url.includes(path)) {\n      cy.wrap(el).click({\n        force: true\n      });\n      console.log(cy.url());\n      cy.break;\n    }\n  });\n});",
              "err": {},
              "uuid": "6136a45d-0059-4391-8d7b-f1269a8deec8",
              "parentUUID": "f810b379-68d5-436e-b3e3-5c00a6c64610",
              "isHook": false,
              "skipped": true
            }
          ],
          "suites": [],
          "passes": [],
          "failures": [],
          "pending": [],
          "skipped": [
            "6136a45d-0059-4391-8d7b-f1269a8deec8"
          ],
          "duration": 0,
          "root": false,
          "rootEmpty": false,
          "_timeout": 2000
        }
      ],
      "passes": [],
      "failures": [],
      "pending": [],
      "skipped": [],
      "duration": 0,
      "root": true,
      "rootEmpty": true,
      "_timeout": 2000
    }
  ],
  "meta": {
    "mocha": {
      "version": "7.0.1"
    },
    "mochawesome": {
      "options": {
        "quiet": false,
        "reportFilename": "mochawesome",
        "saveHtml": false,
        "saveJson": true,
        "consoleReporter": "spec",
        "useInlineDiffs": false,
        "code": true
      },
      "version": "7.1.3"
    },
    "marge": {
      "options": {
        "reporterEnabled": "mochawesome",
        "mochawesomeReporteroptions": {
          "charts": "true",
          "reportDir": "cypress/reports/mochawesome-report",
          "reportFilename": "report",
          "overwrite": false,
          "html": true,
          "json": true,
          "quiet": true
        },
        "overwrite": false,
        "html": false,
        "json": true,
        "reportDir": "cypress\\reports\\html\\.jsons"
      },
      "version": "6.2.0"
    }
  }
}