{
  "stats": {
    "suites": 1,
    "tests": 1,
    "passes": 0,
    "pending": 1,
    "failures": 0,
    "start": "2022-10-02T20:00:50.972Z",
    "end": "2022-10-02T20:00:51.061Z",
    "duration": 89,
    "testsRegistered": 1,
    "passPercent": null,
    "pendingPercent": 100,
    "other": 0,
    "hasOther": false,
    "skipped": 0,
    "hasSkipped": false
  },
  "results": [
    {
      "uuid": "7babe65c-25b1-44d5-b0c3-cb0cb8a91db6",
      "title": "",
      "fullFile": "cypress\\TestArcanetinmen\\TestATWebsite.specs.js",
      "file": "cypress\\TestArcanetinmen\\TestATWebsite.specs.js",
      "beforeHooks": [],
      "afterHooks": [],
      "tests": [],
      "suites": [
        {
          "uuid": "d95658a9-0448-46cb-961a-fb98d3c127c2",
          "title": "AT Brandsite Automation Suite II",
          "fullFile": "",
          "file": "",
          "beforeHooks": [],
          "afterHooks": [],
          "tests": [
            {
              "title": "AT Brandsite Sanity II Menu Links",
              "fullTitle": "AT Brandsite Automation Suite II AT Brandsite Sanity II Menu Links",
              "timedOut": null,
              "duration": 0,
              "state": "pending",
              "speed": null,
              "pass": false,
              "fail": false,
              "pending": true,
              "context": null,
              "code": "",
              "err": {},
              "uuid": "78abd0ff-9626-4e72-a7bb-12a7efbf82b9",
              "parentUUID": "d95658a9-0448-46cb-961a-fb98d3c127c2",
              "isHook": false,
              "skipped": false
            }
          ],
          "suites": [],
          "passes": [],
          "failures": [],
          "pending": [
            "78abd0ff-9626-4e72-a7bb-12a7efbf82b9"
          ],
          "skipped": [],
          "duration": 0,
          "root": false,
          "rootEmpty": false,
          "_timeout": 2000
        }
      ],
      "passes": [],
      "failures": [],
      "pending": [],
      "skipped": [],
      "duration": 0,
      "root": true,
      "rootEmpty": true,
      "_timeout": 2000
    }
  ],
  "meta": {
    "mocha": {
      "version": "7.0.1"
    },
    "mochawesome": {
      "options": {
        "quiet": false,
        "reportFilename": "mochawesome",
        "saveHtml": false,
        "saveJson": true,
        "consoleReporter": "spec",
        "useInlineDiffs": false,
        "code": true
      },
      "version": "7.1.3"
    },
    "marge": {
      "options": {
        "reporterEnabled": "mochawesome",
        "mochawesomeReporteroptions": {
          "charts": "true",
          "reportDir": "cypress/reports/mochawesome-report",
          "reportFilename": "report",
          "overwrite": false,
          "html": true,
          "json": true,
          "quiet": true
        },
        "overwrite": false,
        "html": false,
        "json": true,
        "reportDir": "cypress\\reports\\html\\.jsons"
      },
      "version": "6.2.0"
    }
  }
}