{
  "stats": {
    "suites": 0,
    "tests": 1,
    "passes": 0,
    "pending": 1,
    "failures": 0,
    "start": "2022-11-15T18:22:02.321Z",
    "end": "2022-11-15T18:22:02.372Z",
    "duration": 51,
    "testsRegistered": 1,
    "passPercent": null,
    "pendingPercent": 100,
    "other": 0,
    "hasOther": false,
    "skipped": 1,
    "hasSkipped": true
  },
  "results": [
    {
      "uuid": "d4018d34-8029-44a0-bda5-f29f640bcdbd",
      "title": "",
      "fullFile": "cypress\\TestArcanetinmen\\DSWebshopMenu.specs.js",
      "file": "cypress\\TestArcanetinmen\\DSWebshopMenu.specs.js",
      "beforeHooks": [],
      "afterHooks": [],
      "tests": [
        {
          "title": "Visit Menu of web shop for Solid Color Sleeves",
          "fullTitle": "Visit Menu of web shop for Solid Color Sleeves",
          "timedOut": null,
          "duration": 0,
          "state": "pending",
          "speed": null,
          "pass": false,
          "fail": false,
          "pending": false,
          "context": null,
          "code": "cy.clearCookies();\ncy.visit('https://www.dragonshield.com/webshop/');\ncy.get('.leo-top-menu > .nav > .nav-item').contains('Solid Color Sleeves').trigger('mouseover', {\n  force: true\n}).invoke('show');\ncy.get('.dropdown-menu').children().contains('Standard Size').trigger('mouseover', {\n  force: true\n}).invoke('show');\ncy.get('ul[class=\"level0\"]').contains('Matte Dual 100').click({\n  force: true\n});\ncy.url('includes', 'dual');\ncy.window().then(win => win.location.href = \"/webshop\");\ncy.get('.leo-top-menu > .nav > .nav-item').contains('Solid Color Sleeves').trigger('mouseover', {\n  force: true\n}).invoke('show');\ncy.get('.dropdown-menu').children().contains('Standard Size').trigger('mouseover', {\n  force: true\n}).invoke('show');\ncy.get('ul[class=\"level0\"]').contains('Matte 100').click({\n  force: true\n});\ncy.window().then(win => win.location.href = \"/webshop\");\ncy.get('.leo-top-menu > .nav > .nav-item').contains('Solid Color Sleeves').trigger('mouseover', {\n  force: true\n}).invoke('show');\ncy.get('.dropdown-menu').children().contains('Standard Size').trigger('mouseover', {\n  force: true\n}).invoke('show');\ncy.get('ul[class=\"level0\"]').contains('Perfect Fit').click({\n  force: true\n});\ncy.window().then(win => win.location.href = \"/webshop\");\ncy.get('.leo-top-menu > .nav > .nav-item').contains('Solid Color Sleeves').trigger('mouseover', {\n  force: true\n}).invoke('show');\ncy.get('.dropdown-menu').children().contains('Standard Size').trigger('mouseover', {\n  force: true\n}).invoke('show');\ncy.get('ul[class=\"level0\"]').contains('Matte Non-Glare 100').click({\n  force: true\n});\ncy.window().then(win => win.location.href = \"/webshop\");\ncy.get('.leo-top-menu > .nav > .nav-item').contains('Solid Color Sleeves').trigger('mouseover', {\n  force: true\n}).invoke('show');\ncy.get('.dropdown-menu').children().contains('Standard Size').trigger('mouseover', {\n  force: true\n}).invoke('show');\ncy.get('ul[class=\"level0\"]').contains('Classic 100').click({\n  force: true\n});\ncy.window().then(win => win.location.href = \"/webshop\");\ncy.get('.leo-top-menu > .nav > .nav-item').contains('Solid Color Sleeves').trigger('mouseover', {\n  force: true\n}).invoke('show');\ncy.get('.dropdown-menu').children().contains('Japanese Size').trigger('mouseover', {\n  force: true\n}).invoke('show');\ncy.get('ul[class=\"level0\"]').contains('Classic 60').click({\n  force: true\n});\ncy.window().then(win => win.location.href = \"/webshop\");\ncy.get('.leo-top-menu > .nav > .nav-item').contains('Solid Color Sleeves').trigger('mouseover', {\n  force: true\n}).invoke('show');\ncy.get('.dropdown-menu').children().contains('Japanese Size').trigger('mouseover', {\n  force: true\n}).invoke('show');\ncy.get('ul[class=\"level0\"]').contains('Matte 60').click({\n  force: true\n});\ncy.window().then(win => win.location.href = \"/webshop\");\ncy.get('.leo-top-menu > .nav > .nav-item').contains('Solid Color Sleeves').trigger('mouseover', {\n  force: true\n}).invoke('show');\ncy.get('.dropdown-menu').children().contains('Japanese Size').trigger('mouseover', {\n  force: true\n}).invoke('show');\ncy.get('ul[class=\"level0\"]').contains('Perfect Fit').click({\n  force: true\n});\ncy.window().then(win => win.location.href = \"/webshop\");\ncy.get('.leo-top-menu > .nav > .nav-item').contains('Solid Color Sleeves').trigger('mouseover', {\n  force: true\n}).invoke('show');\ncy.get('.dropdown-menu').children().contains('Japanese Size').trigger('mouseover', {\n  force: true\n}).invoke('show');\ncy.get('ul[class=\"level0\"]').contains('Matte Dual 60').click({\n  force: true\n});\ncy.window().then(win => win.location.href = \"/webshop\");",
          "err": {},
          "uuid": "e8401bc3-b95a-4c68-a0ac-a238cece01cc",
          "parentUUID": "d4018d34-8029-44a0-bda5-f29f640bcdbd",
          "isHook": false,
          "skipped": true
        }
      ],
      "suites": [],
      "passes": [],
      "failures": [],
      "pending": [],
      "skipped": [
        "e8401bc3-b95a-4c68-a0ac-a238cece01cc"
      ],
      "duration": 0,
      "root": true,
      "rootEmpty": false,
      "_timeout": 2000
    }
  ],
  "meta": {
    "mocha": {
      "version": "7.0.1"
    },
    "mochawesome": {
      "options": {
        "quiet": false,
        "reportFilename": "mochawesome",
        "saveHtml": false,
        "saveJson": true,
        "consoleReporter": "spec",
        "useInlineDiffs": false,
        "code": true
      },
      "version": "7.1.3"
    },
    "marge": {
      "options": {
        "reporterEnabled": "mochawesome",
        "mochawesomeReporteroptions": {
          "charts": "true",
          "reportDir": "cypress/reports/mochawesome-report",
          "reportFilename": "report",
          "overwrite": false,
          "html": true,
          "json": true,
          "quiet": true
        },
        "overwrite": false,
        "html": false,
        "json": true,
        "reportDir": "cypress\\reports\\html\\.jsons"
      },
      "version": "6.2.0"
    }
  }
}