{
  "stats": {
    "suites": 1,
    "tests": 1,
    "passes": 0,
    "pending": 8,
    "failures": -7,
    "start": "2022-12-26T08:44:29.737Z",
    "end": "2022-12-26T08:44:29.920Z",
    "duration": 183,
    "testsRegistered": 8,
    "passPercent": null,
    "pendingPercent": 100,
    "other": 7,
    "hasOther": true,
    "skipped": 8,
    "hasSkipped": true
  },
  "results": [
    {
      "uuid": "8d011b58-4cf4-4bcf-aec2-fd3372708214",
      "title": "",
      "fullFile": "cypress\\TestArcanetinmen\\DSWebshopMenuforloop.specs.js",
      "file": "cypress\\TestArcanetinmen\\DSWebshopMenuforloop.specs.js",
      "beforeHooks": [],
      "afterHooks": [],
      "tests": [],
      "suites": [
        {
          "uuid": "2e12f18b-5133-440f-a4d9-71db46e22301",
          "title": "Visit Each menu and submenu",
          "fullFile": "",
          "file": "",
          "beforeHooks": [],
          "afterHooks": [],
          "tests": [
            {
              "title": "Visit Menu of web shop for Solid Color Sleeves>Standard Size",
              "fullTitle": "Visit Each menu and submenu Visit Menu of web shop for Solid Color Sleeves>Standard Size",
              "timedOut": null,
              "duration": 0,
              "state": "pending",
              "speed": null,
              "pass": false,
              "fail": false,
              "pending": false,
              "context": null,
              "code": "const pages = ['Matte Dual 100', 'Matte 100', 'Perfect Fit', 'Matte Non-Glare 100', 'Classic 100'];\nfor (var i = 0; i <= pages.length; i++) {\n  menuhomepage.hoverOnSolidColorsleeves();\n  menuhomepage.hoverOnSolidColorsleevesStandardSize();\n  menuhomepage.clickOnSubMenu().contains(pages[i]).click({\n    force: true\n  });\n  cy.window().then(win => win.location.href = \"/webshop\");\n}",
              "err": {},
              "uuid": "a4ede27e-e274-4858-aaf0-16f683d0821b",
              "parentUUID": "2e12f18b-5133-440f-a4d9-71db46e22301",
              "isHook": false,
              "skipped": true
            },
            {
              "title": "Visit Menu of web shop for Solid Color Sleeves>Japanese Size",
              "fullTitle": "Visit Each menu and submenu Visit Menu of web shop for Solid Color Sleeves>Japanese Size",
              "timedOut": null,
              "duration": 0,
              "state": "pending",
              "speed": null,
              "pass": false,
              "fail": false,
              "pending": false,
              "context": null,
              "code": "const japanpages = ['Classic 60', 'Matte 60', 'Perfect Fit', 'Matte Dual 60'];\nfor (var i = 0; i <= japanpages.length; i++) {\n  menuhomepage.hoverOnSolidColorsleeves();\n  menuhomepage.hoverOnSolidColorsleevesJapaneseSize();\n  menuhomepage.clickOnchildSubMenu().contains(japanpages[i]).click({\n    force: true\n  });\n  cy.window().then(win => win.location.href = \"/webshop\");\n}",
              "err": {},
              "uuid": "e1160363-8df7-4795-8d8f-f8b422d4daa1",
              "parentUUID": "2e12f18b-5133-440f-a4d9-71db46e22301",
              "isHook": false,
              "skipped": true
            },
            {
              "title": "Visit Menu of web shop for Art Sleeves>Standard Size",
              "fullTitle": "Visit Each menu and submenu Visit Menu of web shop for Art Sleeves>Standard Size",
              "timedOut": null,
              "duration": 0,
              "state": "pending",
              "speed": null,
              "pass": false,
              "fail": false,
              "pending": false,
              "context": null,
              "code": "const artsleeves = ['Standard Size', 'Japanese Size'];\nfor (var i = 0; i <= artsleeves.length; i++) {\n  menuhomepage.hoverOnArtsleeves();\n  menuhomepage.clickOnSubMenu().contains(artsleeves[i]).click({\n    force: true\n  });\n  cy.window().then(win => win.location.href = \"/webshop\");\n}",
              "err": {},
              "uuid": "ca9b151f-0a5d-4c56-ac5c-54c1a5b92c79",
              "parentUUID": "2e12f18b-5133-440f-a4d9-71db46e22301",
              "isHook": false,
              "skipped": true
            },
            {
              "title": "Visit Menu of web shop for Roleplaying",
              "fullTitle": "Visit Each menu and submenu Visit Menu of web shop for Roleplaying",
              "timedOut": null,
              "duration": 0,
              "state": "pending",
              "speed": null,
              "pass": false,
              "fail": false,
              "pending": false,
              "context": null,
              "code": "menuhomepage.clickOnRoleplaying();",
              "err": {},
              "uuid": "9d20cb00-45db-4edb-afcc-bce28482bcd4",
              "parentUUID": "2e12f18b-5133-440f-a4d9-71db46e22301",
              "isHook": false,
              "skipped": true
            },
            {
              "title": "Visit Menu of web shop for Other Gaming Accessories>Albums",
              "fullTitle": "Visit Each menu and submenu Visit Menu of web shop for Other Gaming Accessories>Albums",
              "timedOut": null,
              "duration": 0,
              "state": "pending",
              "speed": null,
              "pass": false,
              "fail": false,
              "pending": false,
              "context": null,
              "code": "const albumpages = ['Portfolio', 'Binder Pages', 'Zipster Binder', 'Slipcase Binder'];\nfor (var i = 0; i <= albumpages.length; i++) {\n  menuhomepage.clickOnOtherGamingAccessories();\n  menuhomepage.clickOnSubMenu().children().contains('Albums').trigger('mouseover', {\n    force: true\n  }).invoke('show');\n  menuhomepage.clickOnchildSubMenu().contains(albumpages[i]).click({\n    force: true\n  });\n  cy.window().then(win => win.location.href = \"/webshop\");\n}",
              "err": {},
              "uuid": "46e33aa3-d5da-4d67-bf42-b39c2455092a",
              "parentUUID": "2e12f18b-5133-440f-a4d9-71db46e22301",
              "isHook": false,
              "skipped": true
            },
            {
              "title": "Visit Menu of web shop for Other Gaming Accessories>decks",
              "fullTitle": "Visit Each menu and submenu Visit Menu of web shop for Other Gaming Accessories>decks",
              "timedOut": null,
              "duration": 0,
              "state": "pending",
              "speed": null,
              "pass": false,
              "fail": false,
              "pending": false,
              "context": null,
              "code": "const deckpages = ['Deck Shell', 'Magic Carpet', 'Nest', 'Nest+', 'Cube Shell', 'Strongbox', 'Double Shell'];\nfor (var i = 0; i <= deckpages.length; i++) {\n  menuhomepage.clickOnOtherGamingAccessories();\n  menuhomepage.clickOnSubMenu().children().contains('Deck Boxes').trigger('mouseover', {\n    force: true\n  }).invoke('show');\n  menuhomepage.clickOnchildSubMenu().contains(deckpages[i]).click({\n    force: true\n  });\n  cy.window().then(win => win.location.href = \"/webshop\");\n}",
              "err": {},
              "uuid": "0faa8785-8cc7-4f90-a716-678320581239",
              "parentUUID": "2e12f18b-5133-440f-a4d9-71db46e22301",
              "isHook": false,
              "skipped": true
            },
            {
              "title": "Visit Menu of web shop for OGA Others",
              "fullTitle": "Visit Each menu and submenu Visit Menu of web shop for OGA Others",
              "timedOut": null,
              "duration": 0,
              "state": "pending",
              "speed": null,
              "pass": false,
              "fail": false,
              "pending": false,
              "context": null,
              "code": "const ogaPages = ['Playmats', 'Miscellaneous'];\nfor (var i = 0; i <= ogaPages.length; i++) {\n  menuhomepage.clickOnOtherGamingAccessories();\n  menuhomepage.clickOnSubMenu().children().contains(ogaPages[i]).click({\n    force: true\n  });\n  cy.window().then(win => win.location.href = \"/webshop\");\n}",
              "err": {},
              "uuid": "f3833c45-01c9-4d98-a28c-72c0d781c03f",
              "parentUUID": "2e12f18b-5133-440f-a4d9-71db46e22301",
              "isHook": false,
              "skipped": true
            },
            {
              "title": "Visit Menu of web shop for Licensed Products>decks",
              "fullTitle": "Visit Each menu and submenu Visit Menu of web shop for Licensed Products>decks",
              "timedOut": null,
              "duration": 0,
              "state": "pending",
              "speed": null,
              "pass": false,
              "fail": false,
              "pending": false,
              "context": null,
              "code": "const licensedPages = ['Licensed Sleeves', 'Licensed Albums', 'Licensed Playmats'];\nfor (var i = 0; i <= licensedPages.length; i++) {\n  menuhomepage.clickOnLicensedProducts();\n  menuhomepage.clickOnSubMenu().children().contains(licensedPages[i]).click({\n    force: true\n  });\n  cy.window().then(win => win.location.href = \"/webshop\");\n}",
              "err": {},
              "uuid": "d8099b6c-0505-4c05-8a09-b549bceb3b91",
              "parentUUID": "2e12f18b-5133-440f-a4d9-71db46e22301",
              "isHook": false,
              "skipped": true
            }
          ],
          "suites": [],
          "passes": [],
          "failures": [],
          "pending": [],
          "skipped": [
            "a4ede27e-e274-4858-aaf0-16f683d0821b",
            "e1160363-8df7-4795-8d8f-f8b422d4daa1",
            "ca9b151f-0a5d-4c56-ac5c-54c1a5b92c79",
            "9d20cb00-45db-4edb-afcc-bce28482bcd4",
            "46e33aa3-d5da-4d67-bf42-b39c2455092a",
            "0faa8785-8cc7-4f90-a716-678320581239",
            "f3833c45-01c9-4d98-a28c-72c0d781c03f",
            "d8099b6c-0505-4c05-8a09-b549bceb3b91"
          ],
          "duration": 0,
          "root": false,
          "rootEmpty": false,
          "_timeout": 2000
        }
      ],
      "passes": [],
      "failures": [],
      "pending": [],
      "skipped": [],
      "duration": 0,
      "root": true,
      "rootEmpty": true,
      "_timeout": 2000
    }
  ],
  "meta": {
    "mocha": {
      "version": "7.0.1"
    },
    "mochawesome": {
      "options": {
        "quiet": false,
        "reportFilename": "mochawesome",
        "saveHtml": false,
        "saveJson": true,
        "consoleReporter": "spec",
        "useInlineDiffs": false,
        "code": true
      },
      "version": "7.1.3"
    },
    "marge": {
      "options": {
        "reporterEnabled": "mochawesome",
        "mochawesomeReporteroptions": {
          "charts": "true",
          "reportDir": "cypress/reports/mochawesome-report",
          "reportFilename": "report",
          "overwrite": false,
          "html": true,
          "json": true,
          "quiet": true
        },
        "overwrite": false,
        "html": false,
        "json": true,
        "reportDir": "cypress\\reports\\html\\.jsons"
      },
      "version": "6.2.0"
    }
  }
}