{
  "stats": {
    "suites": 1,
    "tests": 8,
    "passes": 1,
    "pending": 0,
    "failures": 7,
    "start": "2022-11-15T18:32:21.296Z",
    "end": "2022-11-15T18:38:35.492Z",
    "duration": 374196,
    "testsRegistered": 8,
    "passPercent": 12.5,
    "pendingPercent": 0,
    "other": 0,
    "hasOther": false,
    "skipped": 0,
    "hasSkipped": false
  },
  "results": [
    {
      "uuid": "b0a44017-fe41-4c32-b81f-18d7c7cbc576",
      "title": "",
      "fullFile": "cypress\\TestArcanetinmen\\DSWebshopMenuforloop.specs.js",
      "file": "cypress\\TestArcanetinmen\\DSWebshopMenuforloop.specs.js",
      "beforeHooks": [],
      "afterHooks": [],
      "tests": [],
      "suites": [
        {
          "uuid": "c5503dee-7938-44c0-8079-8bb8779285cd",
          "title": "Visit Each menu and submenu",
          "fullFile": "",
          "file": "",
          "beforeHooks": [],
          "afterHooks": [],
          "tests": [
            {
              "title": "Visit Menu of web shop for Solid Color Sleeves>Standard Size",
              "fullTitle": "Visit Each menu and submenu Visit Menu of web shop for Solid Color Sleeves>Standard Size",
              "timedOut": null,
              "duration": 54867,
              "state": "failed",
              "speed": null,
              "pass": false,
              "fail": true,
              "pending": false,
              "context": "[\n  {\n    \"title\": \"cypress-mochawesome-reporter-screenshots\",\n    \"value\": [\n      [\n        {\n          \"title\": \"Failed screenshot\",\n          \"value\": \"\\\\DSWebshopMenuforloop.specs.js\\\\Visit Each menu and submenu -- Visit Menu of web shop for Solid Color SleevesStandard Size (failed).png\"\n        }\n      ]\n    ]\n  },\n  \"assets/DSWebshopMenuforloop.specs.js/Visit Each menu and submenu --       Visit Menu of web shop for Solid Color Sleeves>Standard Size (failed).png\"\n]",
              "code": "const pages = ['Matte Dual 100', 'Matte 100', 'Perfect Fit', 'Matte Non-Glare 100', 'Classic 100'];\nfor (var i = 0; i <= pages.length; i++) {\n  menuhomepage.hoverOnSolidColorsleeves();\n  menuhomepage.hoverOnSolidColorsleevesStandardSize();\n  menuhomepage.clickOnSubMenu().contains(pages[i]).click({\n    force: true\n  });\n  cy.window().then(win => win.location.href = \"/webshop\");\n}",
              "err": {
                "message": "CypressError: `cy.contains()` can only accept a string, number or regular expression.\n\nhttps://on.cypress.io/contains",
                "estack": "CypressError: `cy.contains()` can only accept a string, number or regular expression.\n\nhttps://on.cypress.io/contains\n    at Context.contains (https://www.dragonshield.com/__cypress/runner/cypress_runner.js:143411:78)\n    at wrapped (https://www.dragonshield.com/__cypress/runner/cypress_runner.js:157508:19)\nFrom Your Spec Code:\n    at Context.eval (webpack:///./cypress/TestArcanetinmen/DSWebshopMenuforloop.specs.js:20:30)",
                "diff": null
              },
              "uuid": "f06bbe89-d4d4-4b69-b227-de826efacdc5",
              "parentUUID": "c5503dee-7938-44c0-8079-8bb8779285cd",
              "isHook": false,
              "skipped": false
            },
            {
              "title": "Visit Menu of web shop for Solid Color Sleeves>Japanese Size",
              "fullTitle": "Visit Each menu and submenu Visit Menu of web shop for Solid Color Sleeves>Japanese Size",
              "timedOut": null,
              "duration": 32998,
              "state": "failed",
              "speed": null,
              "pass": false,
              "fail": true,
              "pending": false,
              "context": "[\n  {\n    \"title\": \"cypress-mochawesome-reporter-screenshots\",\n    \"value\": [\n      [\n        {\n          \"title\": \"Failed screenshot\",\n          \"value\": \"\\\\DSWebshopMenuforloop.specs.js\\\\Visit Each menu and submenu -- Visit Menu of web shop for Solid Color SleevesJapanese Size (failed).png\"\n        }\n      ]\n    ]\n  },\n  \"assets/DSWebshopMenuforloop.specs.js/Visit Each menu and submenu --       Visit Menu of web shop for Solid Color Sleeves>Japanese Size (failed).png\"\n]",
              "code": "const japanpages = ['Classic 60', 'Matte 60', 'Perfect Fit', 'Matte Dual 60'];\nfor (var i = 0; i <= japanpages.length; i++) {\n  menuhomepage.hoverOnSolidColorsleeves();\n  menuhomepage.hoverOnSolidColorsleevesJapaneseSize();\n  menuhomepage.clickOnchildSubMenu().contains(japanpages[i]).click({\n    force: true\n  });\n  cy.window().then(win => win.location.href = \"/webshop\");\n}",
              "err": {
                "message": "CypressError: `cy.contains()` can only accept a string, number or regular expression.\n\nhttps://on.cypress.io/contains",
                "estack": "CypressError: `cy.contains()` can only accept a string, number or regular expression.\n\nhttps://on.cypress.io/contains\n    at Context.contains (https://www.dragonshield.com/__cypress/runner/cypress_runner.js:143411:78)\n    at wrapped (https://www.dragonshield.com/__cypress/runner/cypress_runner.js:157508:19)\nFrom Your Spec Code:\n    at Context.eval (webpack:///./cypress/TestArcanetinmen/DSWebshopMenuforloop.specs.js:35:35)",
                "diff": null
              },
              "uuid": "86dec2cf-255f-4fa0-99f5-1c802e33c23e",
              "parentUUID": "c5503dee-7938-44c0-8079-8bb8779285cd",
              "isHook": false,
              "skipped": false
            },
            {
              "title": "Visit Menu of web shop for Art Sleeves>Standard Size",
              "fullTitle": "Visit Each menu and submenu Visit Menu of web shop for Art Sleeves>Standard Size",
              "timedOut": null,
              "duration": 16929,
              "state": "failed",
              "speed": null,
              "pass": false,
              "fail": true,
              "pending": false,
              "context": "[\n  {\n    \"title\": \"cypress-mochawesome-reporter-screenshots\",\n    \"value\": [\n      [\n        {\n          \"title\": \"Failed screenshot\",\n          \"value\": \"\\\\DSWebshopMenuforloop.specs.js\\\\Visit Each menu and submenu -- Visit Menu of web shop for Art SleevesStandard Size (failed).png\"\n        }\n      ]\n    ]\n  },\n  \"assets/DSWebshopMenuforloop.specs.js/Visit Each menu and submenu --       Visit Menu of web shop for Art Sleeves>Standard Size (failed).png\"\n]",
              "code": "const artsleeves = ['Standard Size', 'Japanese Size'];\nfor (var i = 0; i <= artsleeves.length; i++) {\n  menuhomepage.hoverOnArtsleeves();\n  menuhomepage.clickOnSubMenu().contains(artsleeves[i]).click({\n    force: true\n  });\n  cy.window().then(win => win.location.href = \"/webshop\");\n}",
              "err": {
                "message": "CypressError: `cy.contains()` can only accept a string, number or regular expression.\n\nhttps://on.cypress.io/contains",
                "estack": "CypressError: `cy.contains()` can only accept a string, number or regular expression.\n\nhttps://on.cypress.io/contains\n    at Context.contains (https://www.dragonshield.com/__cypress/runner/cypress_runner.js:143411:78)\n    at wrapped (https://www.dragonshield.com/__cypress/runner/cypress_runner.js:157508:19)\nFrom Your Spec Code:\n    at Context.eval (webpack:///./cypress/TestArcanetinmen/DSWebshopMenuforloop.specs.js:46:34)",
                "diff": null
              },
              "uuid": "18c28429-d5ac-4e41-bff3-9accab788e06",
              "parentUUID": "c5503dee-7938-44c0-8079-8bb8779285cd",
              "isHook": false,
              "skipped": false
            },
            {
              "title": "Visit Menu of web shop for Roleplaying",
              "fullTitle": "Visit Each menu and submenu Visit Menu of web shop for Roleplaying",
              "timedOut": null,
              "duration": 4993,
              "state": "passed",
              "speed": "fast",
              "pass": true,
              "fail": false,
              "pending": false,
              "context": null,
              "code": "menuhomepage.clickOnRoleplaying();",
              "err": {},
              "uuid": "4df535b5-d384-4879-a9f5-ae8b20b3ba0e",
              "parentUUID": "c5503dee-7938-44c0-8079-8bb8779285cd",
              "isHook": false,
              "skipped": false
            },
            {
              "title": "Visit Menu of web shop for Other Gaming Accessories>Albums",
              "fullTitle": "Visit Each menu and submenu Visit Menu of web shop for Other Gaming Accessories>Albums",
              "timedOut": null,
              "duration": 58455,
              "state": "failed",
              "speed": null,
              "pass": false,
              "fail": true,
              "pending": false,
              "context": "[\n  {\n    \"title\": \"cypress-mochawesome-reporter-screenshots\",\n    \"value\": [\n      [\n        {\n          \"title\": \"Failed screenshot\",\n          \"value\": \"\\\\DSWebshopMenuforloop.specs.js\\\\Visit Each menu and submenu -- Visit Menu of web shop for Other Gaming AccessoriesAlbums (failed).png\"\n        }\n      ]\n    ]\n  },\n  \"assets/DSWebshopMenuforloop.specs.js/Visit Each menu and submenu --       Visit Menu of web shop for Other Gaming Accessories>Albums (failed).png\"\n]",
              "code": "const albumpages = ['Portfolio', 'Binder Pages', 'Zipster Binder', 'Slipcase Binder'];\nfor (var i = 0; i <= albumpages.length; i++) {\n  menuhomepage.clickOnOtherGamingAccessories();\n  menuhomepage.clickOnSubMenu().children().contains('Albums').trigger('mouseover', {\n    force: true\n  }).invoke('show');\n  menuhomepage.clickOnchildSubMenu().contains(albumpages[i]).click({\n    force: true\n  });\n  cy.window().then(win => win.location.href = \"/webshop\");\n}",
              "err": {
                "message": "CypressError: `cy.contains()` can only accept a string, number or regular expression.\n\nhttps://on.cypress.io/contains",
                "estack": "CypressError: `cy.contains()` can only accept a string, number or regular expression.\n\nhttps://on.cypress.io/contains\n    at Context.contains (https://www.dragonshield.com/__cypress/runner/cypress_runner.js:143411:78)\n    at wrapped (https://www.dragonshield.com/__cypress/runner/cypress_runner.js:157508:19)\nFrom Your Spec Code:\n    at Context.eval (webpack:///./cypress/TestArcanetinmen/DSWebshopMenuforloop.specs.js:67:35)",
                "diff": null
              },
              "uuid": "e37a4d0d-0f29-4106-8280-59f37949bbf8",
              "parentUUID": "c5503dee-7938-44c0-8079-8bb8779285cd",
              "isHook": false,
              "skipped": false
            },
            {
              "title": "Visit Menu of web shop for Other Gaming Accessories>decks",
              "fullTitle": "Visit Each menu and submenu Visit Menu of web shop for Other Gaming Accessories>decks",
              "timedOut": null,
              "duration": 113126,
              "state": "failed",
              "speed": null,
              "pass": false,
              "fail": true,
              "pending": false,
              "context": "[\n  {\n    \"title\": \"cypress-mochawesome-reporter-screenshots\",\n    \"value\": [\n      [\n        {\n          \"title\": \"Failed screenshot\",\n          \"value\": \"\\\\DSWebshopMenuforloop.specs.js\\\\Visit Each menu and submenu -- Visit Menu of web shop for Other Gaming Accessoriesdecks (failed).png\"\n        }\n      ]\n    ]\n  },\n  \"assets/DSWebshopMenuforloop.specs.js/Visit Each menu and submenu --       Visit Menu of web shop for Other Gaming Accessories>decks (failed).png\"\n]",
              "code": "const deckpages = ['Deck Shell', 'Magic Carpet', 'Nest', 'Nest+', 'Cube Shell', 'Strongbox', 'Double Shell'];\nfor (var i = 0; i <= deckpages.length; i++) {\n  menuhomepage.clickOnOtherGamingAccessories();\n  menuhomepage.clickOnSubMenu().children().contains('Deck Boxes').trigger('mouseover', {\n    force: true\n  }).invoke('show');\n  menuhomepage.clickOnchildSubMenu().contains(deckpages[i]).click({\n    force: true\n  });\n  cy.window().then(win => win.location.href = \"/webshop\");\n}",
              "err": {
                "message": "CypressError: `cy.contains()` can only accept a string, number or regular expression.\n\nhttps://on.cypress.io/contains",
                "estack": "CypressError: `cy.contains()` can only accept a string, number or regular expression.\n\nhttps://on.cypress.io/contains\n    at Context.contains (https://www.dragonshield.com/__cypress/runner/cypress_runner.js:143411:78)\n    at wrapped (https://www.dragonshield.com/__cypress/runner/cypress_runner.js:157508:19)\nFrom Your Spec Code:\n    at Context.eval (webpack:///./cypress/TestArcanetinmen/DSWebshopMenuforloop.specs.js:82:43)",
                "diff": null
              },
              "uuid": "650799b2-3035-43b3-a26f-5d2e774627dc",
              "parentUUID": "c5503dee-7938-44c0-8079-8bb8779285cd",
              "isHook": false,
              "skipped": false
            },
            {
              "title": "Visit Menu of web shop for OGA Others",
              "fullTitle": "Visit Each menu and submenu Visit Menu of web shop for OGA Others",
              "timedOut": null,
              "duration": 32853,
              "state": "failed",
              "speed": null,
              "pass": false,
              "fail": true,
              "pending": false,
              "context": "[\n  {\n    \"title\": \"cypress-mochawesome-reporter-screenshots\",\n    \"value\": [\n      [\n        {\n          \"title\": \"Failed screenshot\",\n          \"value\": \"\\\\DSWebshopMenuforloop.specs.js\\\\Visit Each menu and submenu -- Visit Menu of web shop for OGA Others (failed).png\"\n        }\n      ]\n    ]\n  },\n  \"assets/DSWebshopMenuforloop.specs.js/Visit Each menu and submenu --       Visit Menu of web shop for OGA Others (failed).png\"\n]",
              "code": "const ogaPages = ['Playmats', 'Miscellaneous'];\nfor (var i = 0; i <= ogaPages.length; i++) {\n  menuhomepage.clickOnOtherGamingAccessories();\n  menuhomepage.clickOnSubMenu().children().contains(ogaPages[i]).click({\n    force: true\n  });\n  cy.window().then(win => win.location.href = \"/webshop\");\n}",
              "err": {
                "message": "CypressError: `cy.contains()` can only accept a string, number or regular expression.\n\nhttps://on.cypress.io/contains",
                "estack": "CypressError: `cy.contains()` can only accept a string, number or regular expression.\n\nhttps://on.cypress.io/contains\n    at Context.contains (https://www.dragonshield.com/__cypress/runner/cypress_runner.js:143411:78)\n    at wrapped (https://www.dragonshield.com/__cypress/runner/cypress_runner.js:157508:19)\nFrom Your Spec Code:\n    at Context.eval (webpack:///./cypress/TestArcanetinmen/DSWebshopMenuforloop.specs.js:95:49)",
                "diff": null
              },
              "uuid": "27dc8474-b81f-4a9a-81d1-937cb84210a7",
              "parentUUID": "c5503dee-7938-44c0-8079-8bb8779285cd",
              "isHook": false,
              "skipped": false
            },
            {
              "title": "Visit Menu of web shop for Licensed Products>decks",
              "fullTitle": "Visit Each menu and submenu Visit Menu of web shop for Licensed Products>decks",
              "timedOut": null,
              "duration": 58314,
              "state": "failed",
              "speed": null,
              "pass": false,
              "fail": true,
              "pending": false,
              "context": "[\n  {\n    \"title\": \"cypress-mochawesome-reporter-screenshots\",\n    \"value\": [\n      [\n        {\n          \"title\": \"Failed screenshot\",\n          \"value\": \"\\\\DSWebshopMenuforloop.specs.js\\\\Visit Each menu and submenu -- Visit Menu of web shop for Licensed Productsdecks (failed).png\"\n        }\n      ]\n    ]\n  },\n  \"assets/DSWebshopMenuforloop.specs.js/Visit Each menu and submenu --       Visit Menu of web shop for Licensed Products>decks (failed).png\"\n]",
              "code": "const licensedPages = ['Licensed Sleeves', 'Licensed Albums', 'Licensed Playmats'];\nfor (var i = 0; i <= licensedPages.length; i++) {\n  menuhomepage.clickOnLicensedProducts();\n  menuhomepage.clickOnSubMenu().children().contains(licensedPages[i]).click({\n    force: true\n  });\n  cy.window().then(win => win.location.href = \"/webshop\");\n}",
              "err": {
                "message": "CypressError: `cy.contains()` can only accept a string, number or regular expression.\n\nhttps://on.cypress.io/contains",
                "estack": "CypressError: `cy.contains()` can only accept a string, number or regular expression.\n\nhttps://on.cypress.io/contains\n    at Context.contains (https://www.dragonshield.com/__cypress/runner/cypress_runner.js:143411:78)\n    at wrapped (https://www.dragonshield.com/__cypress/runner/cypress_runner.js:157508:19)\nFrom Your Spec Code:\n    at Context.eval (webpack:///./cypress/TestArcanetinmen/DSWebshopMenuforloop.specs.js:108:41)",
                "diff": null
              },
              "uuid": "5f8b3542-6305-4009-be80-0f876c6ba90b",
              "parentUUID": "c5503dee-7938-44c0-8079-8bb8779285cd",
              "isHook": false,
              "skipped": false
            }
          ],
          "suites": [],
          "passes": [
            "4df535b5-d384-4879-a9f5-ae8b20b3ba0e"
          ],
          "failures": [
            "f06bbe89-d4d4-4b69-b227-de826efacdc5",
            "86dec2cf-255f-4fa0-99f5-1c802e33c23e",
            "18c28429-d5ac-4e41-bff3-9accab788e06",
            "e37a4d0d-0f29-4106-8280-59f37949bbf8",
            "650799b2-3035-43b3-a26f-5d2e774627dc",
            "27dc8474-b81f-4a9a-81d1-937cb84210a7",
            "5f8b3542-6305-4009-be80-0f876c6ba90b"
          ],
          "pending": [],
          "skipped": [],
          "duration": 372535,
          "root": false,
          "rootEmpty": false,
          "_timeout": 2000
        }
      ],
      "passes": [],
      "failures": [],
      "pending": [],
      "skipped": [],
      "duration": 0,
      "root": true,
      "rootEmpty": true,
      "_timeout": 2000
    }
  ],
  "meta": {
    "mocha": {
      "version": "7.0.1"
    },
    "mochawesome": {
      "options": {
        "quiet": false,
        "reportFilename": "mochawesome",
        "saveHtml": false,
        "saveJson": true,
        "consoleReporter": "spec",
        "useInlineDiffs": false,
        "code": true
      },
      "version": "7.1.3"
    },
    "marge": {
      "options": {
        "reporterEnabled": "mochawesome",
        "mochawesomeReporteroptions": {
          "charts": "true",
          "reportDir": "cypress/reports/mochawesome-report",
          "reportFilename": "report",
          "overwrite": false,
          "html": true,
          "json": true,
          "quiet": true
        },
        "overwrite": false,
        "html": false,
        "json": true,
        "reportDir": "cypress\\reports\\html\\.jsons"
      },
      "version": "6.2.0"
    }
  }
}