{
  "stats": {
    "suites": 1,
    "tests": 1,
    "passes": 0,
    "pending": 1,
    "failures": 0,
    "start": "2022-11-15T18:40:12.171Z",
    "end": "2022-11-15T18:40:12.237Z",
    "duration": 66,
    "testsRegistered": 1,
    "passPercent": null,
    "pendingPercent": 100,
    "other": 0,
    "hasOther": false,
    "skipped": 1,
    "hasSkipped": true
  },
  "results": [
    {
      "uuid": "0e270b4c-2a21-4fcd-91f7-df83ff8df7d6",
      "title": "",
      "fullFile": "cypress\\TestArcanetinmen\\TestATWebsite.specs.js",
      "file": "cypress\\TestArcanetinmen\\TestATWebsite.specs.js",
      "beforeHooks": [],
      "afterHooks": [],
      "tests": [],
      "suites": [
        {
          "uuid": "e3c77c38-656e-4c7d-a172-548ea4603780",
          "title": "AT Brandsite Automation Suite II",
          "fullFile": "",
          "file": "",
          "beforeHooks": [],
          "afterHooks": [],
          "tests": [
            {
              "title": "AT Brandsite Sanity II Menu Links",
              "fullTitle": "AT Brandsite Automation Suite II AT Brandsite Sanity II Menu Links",
              "timedOut": null,
              "duration": 0,
              "state": "pending",
              "speed": null,
              "pass": false,
              "fail": false,
              "pending": false,
              "context": null,
              "code": "const path = 'https://www.arcanetinmen.com';\ncy.get('ul[id=\"menu-header\"]>li').each(el => {\n  cy.url().then($url => {\n    if ($url.includes(path)) {\n      cy.wrap(el).click();\n      console.log(cy.url());\n    } else {\n      cy.go(\"back\");\n      cy.break;\n    }\n  });\n});",
              "err": {},
              "uuid": "16fda0c4-1b6b-4e6a-b82f-226c4627dd11",
              "parentUUID": "e3c77c38-656e-4c7d-a172-548ea4603780",
              "isHook": false,
              "skipped": true
            }
          ],
          "suites": [],
          "passes": [],
          "failures": [],
          "pending": [],
          "skipped": [
            "16fda0c4-1b6b-4e6a-b82f-226c4627dd11"
          ],
          "duration": 0,
          "root": false,
          "rootEmpty": false,
          "_timeout": 2000
        }
      ],
      "passes": [],
      "failures": [],
      "pending": [],
      "skipped": [],
      "duration": 0,
      "root": true,
      "rootEmpty": true,
      "_timeout": 2000
    }
  ],
  "meta": {
    "mocha": {
      "version": "7.0.1"
    },
    "mochawesome": {
      "options": {
        "quiet": false,
        "reportFilename": "mochawesome",
        "saveHtml": false,
        "saveJson": true,
        "consoleReporter": "spec",
        "useInlineDiffs": false,
        "code": true
      },
      "version": "7.1.3"
    },
    "marge": {
      "options": {
        "reporterEnabled": "mochawesome",
        "mochawesomeReporteroptions": {
          "charts": "true",
          "reportDir": "cypress/reports/mochawesome-report",
          "reportFilename": "report",
          "overwrite": false,
          "html": true,
          "json": true,
          "quiet": true
        },
        "overwrite": false,
        "html": false,
        "json": true,
        "reportDir": "cypress\\reports\\html\\.jsons"
      },
      "version": "6.2.0"
    }
  }
}