{
  "stats": {
    "suites": 1,
    "tests": 1,
    "passes": 0,
    "pending": 1,
    "failures": 0,
    "start": "2022-11-15T18:40:06.107Z",
    "end": "2022-11-15T18:40:06.155Z",
    "duration": 48,
    "testsRegistered": 1,
    "passPercent": null,
    "pendingPercent": 100,
    "other": 0,
    "hasOther": false,
    "skipped": 1,
    "hasSkipped": true
  },
  "results": [
    {
      "uuid": "82f941b3-344b-4561-b98b-33b9a614b2b0",
      "title": "",
      "fullFile": "cypress\\TestArcanetinmen\\TestAllLinks.specs.js",
      "file": "cypress\\TestArcanetinmen\\TestAllLinks.specs.js",
      "beforeHooks": [],
      "afterHooks": [],
      "tests": [],
      "suites": [
        {
          "uuid": "41c7e232-d059-4907-9530-a3ebd9f8dd7d",
          "title": "AT Brandsite Automation Suite I",
          "fullFile": "",
          "file": "",
          "beforeHooks": [],
          "afterHooks": [],
          "tests": [
            {
              "title": "AT Brandsite Sanity I Footer links",
              "fullTitle": "AT Brandsite Automation Suite I AT Brandsite Sanity I Footer links",
              "timedOut": null,
              "duration": 0,
              "state": "pending",
              "speed": null,
              "pass": false,
              "fail": false,
              "pending": false,
              "context": null,
              "code": "const pages = ['Contact', 'Dragon Shield', 'BOARD GAME SLEEVES', 'BECKETT SHIELD', 'Distributors login'];\npages.forEach(page => {\n  cy.get('footer').scrollIntoView().contains;\n  cy.get('footer').contains(page).click({\n    force: true\n  }), cy.window().then(win => win.location.href = \"/\");\n  console.log(cy.title());\n});",
              "err": {},
              "uuid": "9d1f32a9-739b-4989-a69f-6fef897bb840",
              "parentUUID": "41c7e232-d059-4907-9530-a3ebd9f8dd7d",
              "isHook": false,
              "skipped": true
            }
          ],
          "suites": [],
          "passes": [],
          "failures": [],
          "pending": [],
          "skipped": [
            "9d1f32a9-739b-4989-a69f-6fef897bb840"
          ],
          "duration": 0,
          "root": false,
          "rootEmpty": false,
          "_timeout": 2000
        }
      ],
      "passes": [],
      "failures": [],
      "pending": [],
      "skipped": [],
      "duration": 0,
      "root": true,
      "rootEmpty": true,
      "_timeout": 2000
    }
  ],
  "meta": {
    "mocha": {
      "version": "7.0.1"
    },
    "mochawesome": {
      "options": {
        "quiet": false,
        "reportFilename": "mochawesome",
        "saveHtml": false,
        "saveJson": true,
        "consoleReporter": "spec",
        "useInlineDiffs": false,
        "code": true
      },
      "version": "7.1.3"
    },
    "marge": {
      "options": {
        "reporterEnabled": "mochawesome",
        "mochawesomeReporteroptions": {
          "charts": "true",
          "reportDir": "cypress/reports/mochawesome-report",
          "reportFilename": "report",
          "overwrite": false,
          "html": true,
          "json": true,
          "quiet": true
        },
        "overwrite": false,
        "html": false,
        "json": true,
        "reportDir": "cypress\\reports\\html\\.jsons"
      },
      "version": "6.2.0"
    }
  }
}