{
  "stats": {
    "suites": 1,
    "tests": 1,
    "passes": 0,
    "pending": 1,
    "failures": 0,
    "start": "2022-11-15T18:40:24.359Z",
    "end": "2022-11-15T18:40:24.454Z",
    "duration": 95,
    "testsRegistered": 1,
    "passPercent": null,
    "pendingPercent": 100,
    "other": 0,
    "hasOther": false,
    "skipped": 1,
    "hasSkipped": true
  },
  "results": [
    {
      "uuid": "674db790-32ac-4772-8d97-9ae436ee6878",
      "title": "",
      "fullFile": "cypress\\TestArcanetinmen\\TestContactForm.specs.js",
      "file": "cypress\\TestArcanetinmen\\TestContactForm.specs.js",
      "beforeHooks": [],
      "afterHooks": [],
      "tests": [],
      "suites": [
        {
          "uuid": "2f5f476c-5041-464e-a7a4-650772d827a2",
          "title": "AT Brandsite Automation Suite III",
          "fullFile": "",
          "file": "",
          "beforeHooks": [],
          "afterHooks": [],
          "tests": [
            {
              "title": "AT Brandsite Sanity Contact Form",
              "fullTitle": "AT Brandsite Automation Suite III AT Brandsite Sanity Contact Form",
              "timedOut": null,
              "duration": 0,
              "state": "pending",
              "speed": null,
              "pass": false,
              "fail": false,
              "pending": false,
              "context": null,
              "code": "cy.get('a').contains('About & Contact').click();\ncy.get('input[name=\"your-name\"]').type('Test Name');\ncy.get('input[name=\"your-email\"]').type('Test@yopmail.com');\ncy.get('input[name=\"your-company\"]').type('Test Subject');\ncy.get('select').select(1);\ncy.get('textarea[name=\"your-message\"]').type('Test Subject');\ncy.get('iframe').first().its('0.contentDocument.body').should('not.be.undefined').and('not.be.empty').then(cy.wrap).find('#recaptcha-anchor').should('be.visible').click();\ncy.wait(50000);\ncy.get('input[type=\"submit\"]').click();\ncy.contains('Thank you for your message. It has been sent.').should('be.visible');\ncy.screenshot();",
              "err": {},
              "uuid": "23573a23-0ceb-49c1-b478-cbfc4e30b2e4",
              "parentUUID": "2f5f476c-5041-464e-a7a4-650772d827a2",
              "isHook": false,
              "skipped": true
            }
          ],
          "suites": [],
          "passes": [],
          "failures": [],
          "pending": [],
          "skipped": [
            "23573a23-0ceb-49c1-b478-cbfc4e30b2e4"
          ],
          "duration": 0,
          "root": false,
          "rootEmpty": false,
          "_timeout": 2000
        }
      ],
      "passes": [],
      "failures": [],
      "pending": [],
      "skipped": [],
      "duration": 0,
      "root": true,
      "rootEmpty": true,
      "_timeout": 2000
    }
  ],
  "meta": {
    "mocha": {
      "version": "7.0.1"
    },
    "mochawesome": {
      "options": {
        "quiet": false,
        "reportFilename": "mochawesome",
        "saveHtml": false,
        "saveJson": true,
        "consoleReporter": "spec",
        "useInlineDiffs": false,
        "code": true
      },
      "version": "7.1.3"
    },
    "marge": {
      "options": {
        "reporterEnabled": "mochawesome",
        "mochawesomeReporteroptions": {
          "charts": "true",
          "reportDir": "cypress/reports/mochawesome-report",
          "reportFilename": "report",
          "overwrite": false,
          "html": true,
          "json": true,
          "quiet": true
        },
        "overwrite": false,
        "html": false,
        "json": true,
        "reportDir": "cypress\\reports\\html\\.jsons"
      },
      "version": "6.2.0"
    }
  }
}