{
  "stats": {
    "suites": 1,
    "tests": 1,
    "passes": 0,
    "pending": 1,
    "failures": 0,
    "start": "2022-11-15T18:39:34.651Z",
    "end": "2022-11-15T18:39:34.746Z",
    "duration": 95,
    "testsRegistered": 1,
    "passPercent": null,
    "pendingPercent": 100,
    "other": 0,
    "hasOther": false,
    "skipped": 1,
    "hasSkipped": true
  },
  "results": [
    {
      "uuid": "bbd017bf-bbfd-48a4-a93e-d8b11dcddf77",
      "title": "",
      "fullFile": "cypress\\TestArcanetinmen\\DSWebshopMyAccountOrderdetails.specs.js",
      "file": "cypress\\TestArcanetinmen\\DSWebshopMyAccountOrderdetails.specs.js",
      "beforeHooks": [],
      "afterHooks": [],
      "tests": [],
      "suites": [
        {
          "uuid": "98803574-7db1-4817-9148-22779ad0aee5",
          "title": "Navigate to My Account_Order Details",
          "fullFile": "",
          "file": "",
          "beforeHooks": [],
          "afterHooks": [],
          "tests": [
            {
              "title": "Order details and History Management",
              "fullTitle": "Navigate to My Account_Order Details Order details and History Management",
              "timedOut": null,
              "duration": 0,
              "state": "pending",
              "speed": null,
              "pass": false,
              "fail": false,
              "pending": false,
              "context": null,
              "code": "cy.get('span[class=\"link-item\"]').contains('Order history and details').click();\ncy.get('tbody').each(($el, index, $list) => {\n  // grabbing all text from second column\n  const txt = $el.text();\n  console.log(txt); // checking the matching condition\n  if (txt.includes('Sleeve Crafter')) {\n    // capturing the next sibling with the help of next() method\n    for (var i = 1; i <= 10; i++) {\n      console.log(i);\n      const product = `tbody > :nth-child(${i}) > :nth-child(${i})`;\n      cy.get(product).eq(index).next().then(function (desc) {\n        // capturing the text of next sibling\n        const rsl = desc.text();\n        console.log(rsl); //assertion to verify the text\n        cy.contains(\"Details\").each(el => {\n          cy.wrap(el).click();\n          console.log(cy.url());\n          cy.go('back');\n        });\n      });\n    }\n  }\n});",
              "err": {},
              "uuid": "2af4ffad-b8c3-4825-a49b-21d18c379c75",
              "parentUUID": "98803574-7db1-4817-9148-22779ad0aee5",
              "isHook": false,
              "skipped": true
            }
          ],
          "suites": [],
          "passes": [],
          "failures": [],
          "pending": [],
          "skipped": [
            "2af4ffad-b8c3-4825-a49b-21d18c379c75"
          ],
          "duration": 0,
          "root": false,
          "rootEmpty": false,
          "_timeout": 2000
        }
      ],
      "passes": [],
      "failures": [],
      "pending": [],
      "skipped": [],
      "duration": 0,
      "root": true,
      "rootEmpty": true,
      "_timeout": 2000
    }
  ],
  "meta": {
    "mocha": {
      "version": "7.0.1"
    },
    "mochawesome": {
      "options": {
        "quiet": false,
        "reportFilename": "mochawesome",
        "saveHtml": false,
        "saveJson": true,
        "consoleReporter": "spec",
        "useInlineDiffs": false,
        "code": true
      },
      "version": "7.1.3"
    },
    "marge": {
      "options": {
        "reporterEnabled": "mochawesome",
        "mochawesomeReporteroptions": {
          "charts": "true",
          "reportDir": "cypress/reports/mochawesome-report",
          "reportFilename": "report",
          "overwrite": false,
          "html": true,
          "json": true,
          "quiet": true
        },
        "overwrite": false,
        "html": false,
        "json": true,
        "reportDir": "cypress\\reports\\html\\.jsons"
      },
      "version": "6.2.0"
    }
  }
}